{"meta": {"format": 3, "version": "7.13.1", "timestamp": "2026-02-19T00:34:55.967313", "branch_coverage": false, "show_contexts": false}, "files": {"C:\\Users\\Theo-Kyei\\Desktop\\gsl\\api\\services\\avatar_service.py": {"executed_lines": [], "summary": {"covered_lines": 0, "num_statements": 6, "percent_covered": 0.0, "percent_covered_display": "0", "missing_lines": 6, "excluded_lines": 0, "percent_statements_covered": 0.0, "percent_statements_covered_display": "0"}, "missing_lines": [1, 2, 4, 5, 7, 8], "excluded_lines": [], "functions": {"AvatarService.render_avatar": {"executed_lines": [], "summary": {"covered_lines": 0, "num_statements": 2, "percent_covered": 0.0, "percent_covered_display": "0", "missing_lines": 2, "excluded_lines": 0, "percent_statements_covered": 0.0, "percent_statements_covered_display": "0"}, "missing_lines": [7, 8], "excluded_lines": [], "start_line": 5}, "": {"executed_lines": [], "summary": {"covered_lines": 0, "num_statements": 4, "percent_covered": 0.0, "percent_covered_display": "0", "missing_lines": 4, "excluded_lines": 0, "percent_statements_covered": 0.0, "percent_statements_covered_display": "0"}, "missing_lines": [1, 2, 4, 5], "excluded_lines": [], "start_line": 1}}, "classes": {"AvatarService": {"executed_lines": [], "summary": {"covered_lines": 0, "num_statements": 2, "percent_covered": 0.0, "percent_covered_display": "0", "missing_lines": 2, "excluded_lines": 0, "percent_statements_covered": 0.0, "percent_statements_covered_display": "0"}, "missing_lines": [7, 8], "excluded_lines": [], "start_line": 4}, "": {"executed_lines": [], "summary": {"covered_lines": 0, "num_statements": 4, "percent_covered": 0.0, "percent_covered_display": "0", "missing_lines": 4, "excluded_lines": 0, "percent_statements_covered": 0.0, "percent_statements_covered_display": "0"}, "missing_lines": [1, 2, 4, 5], "excluded_lines": [], "start_line": 1}}}, "C:\\Users\\Theo-Kyei\\Desktop\\gsl\\api\\services\\gsl_dictionary_service.py": {"executed_lines": [], "summary": {"covered_lines": 0, "num_statements": 179, "percent_covered": 0.0, "percent_covered_display": "0", "missing_lines": 179, "excluded_lines": 0, "percent_statements_covered": 0.0, "percent_statements_covered_display": "0"}, "missing_lines": [1, 2, 3, 4, 5, 6, 7, 8, 10, 12, 13, 15, 16, 17, 18, 19, 20, 21, 22, 23, 24, 25, 26, 27, 28, 30, 31, 32, 33, 34, 36, 37, 38, 39, 40, 41, 44, 46, 49, 50, 51, 53, 55, 57, 59, 62, 65, 77, 78, 80, 81, 82, 84, 86, 88, 90, 91, 92, 93, 94, 95, 98, 99, 100, 101, 102, 103, 104, 105, 106, 108, 109, 110, 112, 114, 116, 119, 129, 130, 131, 132, 133, 136, 137, 140, 148, 151, 152, 154, 155, 157, 159, 162, 164, 165, 166, 167, 170, 171, 173, 174, 177, 178, 179, 182, 184, 185, 192, 194, 196, 198, 199, 202, 211, 212, 213, 214, 216, 218, 221, 222, 223, 224, 226, 228, 230, 231, 232, 233, 235, 237, 238, 239, 240, 242, 244, 245, 248, 255, 256, 274, 275, 277, 279, 280, 281, 282, 283, 285, 286, 287, 288, 289, 290, 291, 292, 294, 295, 296, 297, 298, 299, 300, 301, 302, 304, 305, 308, 310, 311, 313, 314, 315, 316, 319, 320, 321, 323, 324], "excluded_lines": [], "functions": {"GSLSign.__post_init__": {"executed_lines": [], "summary": {"covered_lines": 0, "num_statements": 4, "percent_covered": 0.0, "percent_covered_display": "0", "missing_lines": 4, "excluded_lines": 0, "percent_statements_covered": 0.0, "percent_statements_covered_display": "0"}, "missing_lines": [31, 32, 33, 34], "excluded_lines": [], "start_line": 30}, "GSLDictionaryExtractor.__init__": {"executed_lines": [], "summary": {"covered_lines": 0, "num_statements": 2, "percent_covered": 0.0, "percent_covered_display": "0", "missing_lines": 2, "excluded_lines": 0, "percent_statements_covered": 0.0, "percent_statements_covered_display": "0"}, "missing_lines": [50, 51], "excluded_lines": [], "start_line": 49}, "GSLDictionaryExtractor.extract_dictionary": {"executed_lines": [], "summary": {"covered_lines": 0, "num_statements": 10, "percent_covered": 0.0, "percent_covered_display": "0", "missing_lines": 10, "excluded_lines": 0, "percent_statements_covered": 0.0, "percent_statements_covered_display": "0"}, "missing_lines": [55, 57, 59, 62, 65, 77, 78, 80, 81, 82], "excluded_lines": [], "start_line": 53}, "GSLDictionaryExtractor._extract_text_content": {"executed_lines": [], "summary": {"covered_lines": 0, "num_statements": 21, "percent_covered": 0.0, "percent_covered_display": "0", "missing_lines": 21, "excluded_lines": 0, "percent_statements_covered": 0.0, "percent_statements_covered_display": "0"}, "missing_lines": [86, 88, 90, 91, 92, 93, 94, 95, 98, 99, 100, 101, 102, 103, 104, 105, 106, 108, 109, 110, 112], "excluded_lines": [], "start_line": 84}, "GSLDictionaryExtractor._parse_sign_entries": {"executed_lines": [], "summary": {"covered_lines": 0, "num_statements": 15, "percent_covered": 0.0, "percent_covered_display": "0", "missing_lines": 15, "excluded_lines": 0, "percent_statements_covered": 0.0, "percent_statements_covered_display": "0"}, "missing_lines": [116, 119, 129, 130, 131, 132, 133, 136, 137, 140, 148, 151, 152, 154, 155], "excluded_lines": [], "start_line": 114}, "GSLDictionaryExtractor._advanced_parsing": {"executed_lines": [], "summary": {"covered_lines": 0, "num_statements": 18, "percent_covered": 0.0, "percent_covered_display": "0", "missing_lines": 18, "excluded_lines": 0, "percent_statements_covered": 0.0, "percent_statements_covered_display": "0"}, "missing_lines": [159, 162, 164, 165, 166, 167, 170, 171, 173, 174, 177, 178, 179, 182, 184, 185, 192, 194], "excluded_lines": [], "start_line": 157}, "GSLDictionaryExtractor._categorize_sign": {"executed_lines": [], "summary": {"covered_lines": 0, "num_statements": 8, "percent_covered": 0.0, "percent_covered_display": "0", "missing_lines": 8, "excluded_lines": 0, "percent_statements_covered": 0.0, "percent_statements_covered_display": "0"}, "missing_lines": [198, 199, 202, 211, 212, 213, 214, 216], "excluded_lines": [], "start_line": 196}, "GSLDictionaryExtractor._determine_complexity": {"executed_lines": [], "summary": {"covered_lines": 0, "num_statements": 5, "percent_covered": 0.0, "percent_covered_display": "0", "missing_lines": 5, "excluded_lines": 0, "percent_statements_covered": 0.0, "percent_statements_covered_display": "0"}, "missing_lines": [221, 222, 223, 224, 226], "excluded_lines": [], "start_line": 218}, "GSLDictionaryExtractor._extract_categories": {"executed_lines": [], "summary": {"covered_lines": 0, "num_statements": 4, "percent_covered": 0.0, "percent_covered_display": "0", "missing_lines": 4, "excluded_lines": 0, "percent_statements_covered": 0.0, "percent_statements_covered_display": "0"}, "missing_lines": [230, 231, 232, 233], "excluded_lines": [], "start_line": 228}, "GSLDictionaryExtractor._extract_complexity_levels": {"executed_lines": [], "summary": {"covered_lines": 0, "num_statements": 4, "percent_covered": 0.0, "percent_covered_display": "0", "missing_lines": 4, "excluded_lines": 0, "percent_statements_covered": 0.0, "percent_statements_covered_display": "0"}, "missing_lines": [237, 238, 239, 240], "excluded_lines": [], "start_line": 235}, "GSLDictionaryExtractor.save_to_json": {"executed_lines": [], "summary": {"covered_lines": 0, "num_statements": 8, "percent_covered": 0.0, "percent_covered_display": "0", "missing_lines": 8, "excluded_lines": 0, "percent_statements_covered": 0.0, "percent_statements_covered_display": "0"}, "missing_lines": [244, 245, 248, 255, 256, 274, 275, 277], "excluded_lines": [], "start_line": 242}, "GSLDictionaryService.__init__": {"executed_lines": [], "summary": {"covered_lines": 0, "num_statements": 3, "percent_covered": 0.0, "percent_covered_display": "0", "missing_lines": 3, "excluded_lines": 0, "percent_statements_covered": 0.0, "percent_statements_covered_display": "0"}, "missing_lines": [281, 282, 283], "excluded_lines": [], "start_line": 280}, "GSLDictionaryService._load_index": {"executed_lines": [], "summary": {"covered_lines": 0, "num_statements": 7, "percent_covered": 0.0, "percent_covered_display": "0", "missing_lines": 7, "excluded_lines": 0, "percent_statements_covered": 0.0, "percent_statements_covered_display": "0"}, "missing_lines": [286, 287, 288, 289, 290, 291, 292], "excluded_lines": [], "start_line": 285}, "GSLDictionaryService.search_signs": {"executed_lines": [], "summary": {"covered_lines": 0, "num_statements": 8, "percent_covered": 0.0, "percent_covered_display": "0", "missing_lines": 8, "excluded_lines": 0, "percent_statements_covered": 0.0, "percent_statements_covered_display": "0"}, "missing_lines": [295, 296, 297, 298, 299, 300, 301, 302], "excluded_lines": [], "start_line": 294}, "GSLDictionaryService.get_sign_by_id": {"executed_lines": [], "summary": {"covered_lines": 0, "num_statements": 1, "percent_covered": 0.0, "percent_covered_display": "0", "missing_lines": 1, "excluded_lines": 0, "percent_statements_covered": 0.0, "percent_statements_covered_display": "0"}, "missing_lines": [305], "excluded_lines": [], "start_line": 304}, "": {"executed_lines": [], "summary": {"covered_lines": 0, "num_statements": 61, "percent_covered": 0.0, "percent_covered_display": "0", "missing_lines": 61, "excluded_lines": 0, "percent_statements_covered": 0.0, "percent_statements_covered_display": "0"}, "missing_lines": [1, 2, 3, 4, 5, 6, 7, 8, 10, 12, 13, 15, 16, 17, 18, 19, 20, 21, 22, 23, 24, 25, 26, 27, 28, 30, 36, 37, 38, 39, 40, 41, 44, 46, 49, 53, 84, 114, 157, 196, 218, 228, 235, 242, 279, 280, 285, 294, 304, 308, 310, 311, 313, 314, 315, 316, 319, 320, 321, 323, 324], "excluded_lines": [], "start_line": 1}}, "classes": {"GSLSign": {"executed_lines": [], "summary": {"covered_lines": 0, "num_statements": 4, "percent_covered": 0.0, "percent_covered_display": "0", "missing_lines": 4, "excluded_lines": 0, "percent_statements_covered": 0.0, "percent_statements_covered_display": "0"}, "missing_lines": [31, 32, 33, 34], "excluded_lines": [], "start_line": 13}, "GSLDictionary": {"executed_lines": [], "summary": {"covered_lines": 0, "num_statements": 0, "percent_covered": 100.0, "percent_covered_display": "100", "missing_lines": 0, "excluded_lines": 0, "percent_statements_covered": 100.0, "percent_statements_covered_display": "100"}, "missing_lines": [], "excluded_lines": [], "start_line": 37}, "GSLDictionaryExtractor": {"executed_lines": [], "summary": {"covered_lines": 0, "num_statements": 95, "percent_covered": 0.0, "percent_covered_display": "0", "missing_lines": 95, "excluded_lines": 0, "percent_statements_covered": 0.0, "percent_statements_covered_display": "0"}, "missing_lines": [50, 51, 55, 57, 59, 62, 65, 77, 78, 80, 81, 82, 86, 88, 90, 91, 92, 93, 94, 95, 98, 99, 100, 101, 102, 103, 104, 105, 106, 108, 109, 110, 112, 116, 119, 129, 130, 131, 132, 133, 136, 137, 140, 148, 151, 152, 154, 155, 159, 162, 164, 165, 166, 167, 170, 171, 173, 174, 177, 178, 179, 182, 184, 185, 192, 194, 198, 199, 202, 211, 212, 213, 214, 216, 221, 222, 223, 224, 226, 230, 231, 232, 233, 237, 238, 239, 240, 244, 245, 248, 255, 256, 274, 275, 277], "excluded_lines": [], "start_line": 46}, "GSLDictionaryService": {"executed_lines": [], "summary": {"covered_lines": 0, "num_statements": 19, "percent_covered": 0.0, "percent_covered_display": "0", "missing_lines": 19, "excluded_lines": 0, "percent_statements_covered": 0.0, "percent_statements_covered_display": "0"}, "missing_lines": [281, 282, 283, 286, 287, 288, 289, 290, 291, 292, 295, 296, 297, 298, 299, 300, 301, 302, 305], "excluded_lines": [], "start_line": 279}, "": {"executed_lines": [], "summary": {"covered_lines": 0, "num_statements": 61, "percent_covered": 0.0, "percent_covered_display": "0", "missing_lines": 61, "excluded_lines": 0, "percent_statements_covered": 0.0, "percent_statements_covered_display": "0"}, "missing_lines": [1, 2, 3, 4, 5, 6, 7, 8, 10, 12, 13, 15, 16, 17, 18, 19, 20, 21, 22, 23, 24, 25, 26, 27, 28, 30, 36, 37, 38, 39, 40, 41, 44, 46, 49, 53, 84, 114, 157, 196, 218, 228, 235, 242, 279, 280, 285, 294, 304, 308, 310, 311, 313, 314, 315, 316, 319, 320, 321, 323, 324], "excluded_lines": [], "start_line": 1}}}, "C:\\Users\\Theo-Kyei\\Desktop\\gsl\\api\\services\\gsl_translation_engine.py": {"executed_lines": [1, 2, 3, 4, 5, 6, 7, 8, 9, 10, 11, 12, 14, 16, 17, 19, 20, 21, 22, 23, 24, 25, 26, 27, 28, 31, 32, 33, 35, 38, 40, 97, 98, 99, 100, 101, 102, 105, 123, 137, 139, 140, 142, 144, 145, 146, 147, 149, 151, 152, 155, 156, 157, 159, 162, 163, 164, 165, 167, 168, 169, 172, 174, 176, 179, 181, 189, 197, 205, 208, 211, 214, 215, 216, 217, 218, 221, 223, 225, 228, 229, 230, 234, 235, 238, 239, 241, 243, 245, 248, 249, 250, 251, 252, 254, 256, 257, 259, 261, 264, 265, 267, 269, 272, 274, 275, 276, 278, 280, 283, 284, 285, 288, 289, 294, 295, 300, 307, 311, 318, 323, 326, 328, 330, 332, 333, 334, 337, 338, 340, 342, 344, 345, 346, 348, 351, 354, 355, 358, 361, 363, 365, 370, 373, 374, 377, 380, 387, 390, 392, 394, 400, 403, 405, 407, 410, 411, 412, 413, 416, 417, 418, 421, 422, 425, 427, 429, 430, 433, 435, 436, 437, 445, 447, 448, 451, 453, 454, 455, 463, 465, 466, 468, 470, 471, 472, 475, 476, 477, 479, 482, 483, 485, 497, 499, 501, 504, 506, 518, 549, 580, 594, 600, 613, 619, 625, 631, 633, 634, 636, 637, 638, 639, 641, 643, 646, 647, 648, 651, 654, 657, 658, 660, 662, 663, 664, 666, 685, 706, 708, 720, 722, 725, 726, 727], "summary": {"covered_lines": 235, "num_statements": 306, "percent_covered": 76.79738562091504, "percent_covered_display": "77", "missing_lines": 71, "excluded_lines": 0, "percent_statements_covered": 76.79738562091504, "percent_statements_covered_display": "77"}, "missing_lines": [219, 231, 423, 431, 449, 493, 494, 495, 514, 515, 516, 520, 522, 524, 525, 528, 531, 534, 536, 544, 545, 547, 551, 553, 555, 556, 559, 562, 565, 567, 575, 576, 578, 582, 583, 585, 586, 587, 589, 590, 592, 598, 603, 604, 606, 608, 609, 611, 617, 623, 629, 668, 669, 670, 672, 680, 682, 683, 687, 688, 690, 691, 692, 694, 695, 696, 698, 699, 701, 703, 704], "excluded_lines": [], "functions": {"GSLVocabulary.__init__": {"executed_lines": [40, 97, 98, 99, 100, 101, 102, 105, 123], "summary": {"covered_lines": 9, "num_statements": 9, "percent_covered": 100.0, "percent_covered_display": "100", "missing_lines": 0, "excluded_lines": 0, "percent_statements_covered": 100.0, "percent_statements_covered_display": "100"}, "missing_lines": [], "excluded_lines": [], "start_line": 38}, "GSLVocabulary.get_gsl_sign": {"executed_lines": [139, 140], "summary": {"covered_lines": 2, "num_statements": 2, "percent_covered": 100.0, "percent_covered_display": "100", "missing_lines": 0, "excluded_lines": 0, "percent_statements_covered": 100.0, "percent_statements_covered_display": "100"}, "missing_lines": [], "excluded_lines": [], "start_line": 137}, "GSLVocabulary.get_english_translation": {"executed_lines": [144, 145, 146, 147], "summary": {"covered_lines": 4, "num_statements": 4, "percent_covered": 100.0, "percent_covered_display": "100", "missing_lines": 0, "excluded_lines": 0, "percent_statements_covered": 100.0, "percent_statements_covered_display": "100"}, "missing_lines": [], "excluded_lines": [], "start_line": 142}, "GSLVocabulary.process_ghanian_expression": {"executed_lines": [151, 152, 155, 156, 157, 159, 162, 163, 164, 165, 167, 168, 169, 172, 174], "summary": {"covered_lines": 15, "num_statements": 15, "percent_covered": 100.0, "percent_covered_display": "100", "missing_lines": 0, "excluded_lines": 0, "percent_statements_covered": 100.0, "percent_statements_covered_display": "100"}, "missing_lines": [], "excluded_lines": [], "start_line": 149}, "GSLGrammarRules.__init__": {"executed_lines": [181, 189, 197], "summary": {"covered_lines": 3, "num_statements": 3, "percent_covered": 100.0, "percent_covered_display": "100", "missing_lines": 0, "excluded_lines": 0, "percent_statements_covered": 100.0, "percent_statements_covered_display": "100"}, "missing_lines": [], "excluded_lines": [], "start_line": 179}, "GSLGrammarRules.apply_gsl_grammar": {"executed_lines": [208, 211, 214, 215, 216, 217, 218, 221], "summary": {"covered_lines": 8, "num_statements": 9, "percent_covered": 88.88888888888889, "percent_covered_display": "89", "missing_lines": 1, "excluded_lines": 0, "percent_statements_covered": 88.88888888888889, "percent_statements_covered_display": "89"}, "missing_lines": [219], "excluded_lines": [], "start_line": 205}, "GSLGrammarRules._detect_sentence_type": {"executed_lines": [225, 228, 229, 230, 234, 235, 238, 239, 241], "summary": {"covered_lines": 9, "num_statements": 10, "percent_covered": 90.0, "percent_covered_display": "90", "missing_lines": 1, "excluded_lines": 0, "percent_statements_covered": 90.0, "percent_statements_covered_display": "90"}, "missing_lines": [231], "excluded_lines": [], "start_line": 223}, "GSLGrammarRules._reorder_for_question": {"executed_lines": [245, 248, 249, 250, 251, 252, 254, 256, 257, 259], "summary": {"covered_lines": 10, "num_statements": 10, "percent_covered": 100.0, "percent_covered_display": "100", "missing_lines": 0, "excluded_lines": 0, "percent_statements_covered": 100.0, "percent_statements_covered_display": "100"}, "missing_lines": [], "excluded_lines": [], "start_line": 243}, "GSLGrammarRules._reorder_for_negative": {"executed_lines": [264, 265, 267], "summary": {"covered_lines": 3, "num_statements": 3, "percent_covered": 100.0, "percent_covered_display": "100", "missing_lines": 0, "excluded_lines": 0, "percent_statements_covered": 100.0, "percent_statements_covered_display": "100"}, "missing_lines": [], "excluded_lines": [], "start_line": 261}, "GSLGrammarRules._reorder_for_emphasis": {"executed_lines": [272, 274, 275, 276, 278], "summary": {"covered_lines": 5, "num_statements": 5, "percent_covered": 100.0, "percent_covered_display": "100", "missing_lines": 0, "excluded_lines": 0, "percent_statements_covered": 100.0, "percent_statements_covered_display": "100"}, "missing_lines": [], "excluded_lines": [], "start_line": 269}, "GSLTranslationEngine.__init__": {"executed_lines": [284, 285, 288, 289, 294, 295, 300, 307, 311, 318, 323, 326, 328], "summary": {"covered_lines": 13, "num_statements": 13, "percent_covered": 100.0, "percent_covered_display": "100", "missing_lines": 0, "excluded_lines": 0, "percent_statements_covered": 100.0, "percent_statements_covered_display": "100"}, "missing_lines": [], "excluded_lines": [], "start_line": 283}, "GSLTranslationEngine._create_positional_encoding": {"executed_lines": [332, 333, 334, 337, 338, 340], "summary": {"covered_lines": 6, "num_statements": 6, "percent_covered": 100.0, "percent_covered_display": "100", "missing_lines": 0, "excluded_lines": 0, "percent_statements_covered": 100.0, "percent_statements_covered_display": "100"}, "missing_lines": [], "excluded_lines": [], "start_line": 330}, "GSLTranslationEngine._init_weights": {"executed_lines": [344, 345, 346], "summary": {"covered_lines": 3, "num_statements": 3, "percent_covered": 100.0, "percent_covered_display": "100", "missing_lines": 0, "excluded_lines": 0, "percent_statements_covered": 100.0, "percent_statements_covered_display": "100"}, "missing_lines": [], "excluded_lines": [], "start_line": 342}, "GSLTranslationEngine.encode_gsl_sequence": {"executed_lines": [351, 354, 355, 358, 361, 363], "summary": {"covered_lines": 6, "num_statements": 6, "percent_covered": 100.0, "percent_covered_display": "100", "missing_lines": 0, "excluded_lines": 0, "percent_statements_covered": 100.0, "percent_statements_covered_display": "100"}, "missing_lines": [], "excluded_lines": [], "start_line": 348}, "GSLTranslationEngine.decode_to_english": {"executed_lines": [370, 373, 374, 377, 380, 387, 390, 392], "summary": {"covered_lines": 8, "num_statements": 8, "percent_covered": 100.0, "percent_covered_display": "100", "missing_lines": 0, "excluded_lines": 0, "percent_statements_covered": 100.0, "percent_statements_covered_display": "100"}, "missing_lines": [], "excluded_lines": [], "start_line": 365}, "GSLTranslationEngine.forward": {"executed_lines": [400, 403, 405], "summary": {"covered_lines": 3, "num_statements": 3, "percent_covered": 100.0, "percent_covered_display": "100", "missing_lines": 0, "excluded_lines": 0, "percent_statements_covered": 100.0, "percent_statements_covered_display": "100"}, "missing_lines": [], "excluded_lines": [], "start_line": 394}, "GSLTranslationService.__init__": {"executed_lines": [411, 412, 413, 416, 417, 418, 421, 422, 425], "summary": {"covered_lines": 9, "num_statements": 10, "percent_covered": 90.0, "percent_covered_display": "90", "missing_lines": 1, "excluded_lines": 0, "percent_statements_covered": 90.0, "percent_statements_covered_display": "90"}, "missing_lines": [423], "excluded_lines": [], "start_line": 410}, "GSLTranslationService.translate_gsl_to_english": {"executed_lines": [429, 430, 433, 435, 436, 437], "summary": {"covered_lines": 6, "num_statements": 7, "percent_covered": 85.71428571428571, "percent_covered_display": "86", "missing_lines": 1, "excluded_lines": 0, "percent_statements_covered": 85.71428571428571, "percent_statements_covered_display": "86"}, "missing_lines": [431], "excluded_lines": [], "start_line": 427}, "GSLTranslationService.translate_english_to_gsl": {"executed_lines": [447, 448, 451, 453, 454, 455], "summary": {"covered_lines": 6, "num_statements": 7, "percent_covered": 85.71428571428571, "percent_covered_display": "86", "missing_lines": 1, "excluded_lines": 0, "percent_statements_covered": 85.71428571428571, "percent_statements_covered_display": "86"}, "missing_lines": [449], "excluded_lines": [], "start_line": 445}, "GSLTranslationService._rule_based_translate_gsl_to_english": {"executed_lines": [465, 466, 468, 470, 471, 472, 475, 476, 477, 479, 482, 483, 485], "summary": {"covered_lines": 13, "num_statements": 16, "percent_covered": 81.25, "percent_covered_display": "81", "missing_lines": 3, "excluded_lines": 0, "percent_statements_covered": 81.25, "percent_statements_covered_display": "81"}, "missing_lines": [493, 494, 495], "excluded_lines": [], "start_line": 463}, "GSLTranslationService._rule_based_translate_english_to_gsl": {"executed_lines": [499, 501, 504, 506], "summary": {"covered_lines": 4, "num_statements": 7, "percent_covered": 57.142857142857146, "percent_covered_display": "57", "missing_lines": 3, "excluded_lines": 0, "percent_statements_covered": 57.142857142857146, "percent_statements_covered_display": "57"}, "missing_lines": [514, 515, 516], "excluded_lines": [], "start_line": 497}, "GSLTranslationService._neural_translate_gsl_to_english": {"executed_lines": [], "summary": {"covered_lines": 0, "num_statements": 11, "percent_covered": 0.0, "percent_covered_display": "0", "missing_lines": 11, "excluded_lines": 0, "percent_statements_covered": 0.0, "percent_statements_covered_display": "0"}, "missing_lines": [520, 522, 524, 525, 528, 531, 534, 536, 544, 545, 547], "excluded_lines": [], "start_line": 518}, "GSLTranslationService._neural_translate_english_to_gsl": {"executed_lines": [], "summary": {"covered_lines": 0, "num_statements": 11, "percent_covered": 0.0, "percent_covered_display": "0", "missing_lines": 11, "excluded_lines": 0, "percent_statements_covered": 0.0, "percent_statements_covered_display": "0"}, "missing_lines": [551, 553, 555, 556, 559, 562, 565, 567, 575, 576, 578], "excluded_lines": [], "start_line": 549}, "GSLTranslationService._gsl_signs_to_tokens": {"executed_lines": [], "summary": {"covered_lines": 0, "num_statements": 8, "percent_covered": 0.0, "percent_covered_display": "0", "missing_lines": 8, "excluded_lines": 0, "percent_statements_covered": 0.0, "percent_statements_covered_display": "0"}, "missing_lines": [582, 583, 585, 586, 587, 589, 590, 592], "excluded_lines": [], "start_line": 580}, "GSLTranslationService._tokens_to_gsl_signs": {"executed_lines": [], "summary": {"covered_lines": 0, "num_statements": 1, "percent_covered": 0.0, "percent_covered_display": "0", "missing_lines": 1, "excluded_lines": 0, "percent_statements_covered": 0.0, "percent_statements_covered_display": "0"}, "missing_lines": [598], "excluded_lines": [], "start_line": 594}, "GSLTranslationService._english_text_to_tokens": {"executed_lines": [], "summary": {"covered_lines": 0, "num_statements": 6, "percent_covered": 0.0, "percent_covered_display": "0", "missing_lines": 6, "excluded_lines": 0, "percent_statements_covered": 0.0, "percent_statements_covered_display": "0"}, "missing_lines": [603, 604, 606, 608, 609, 611], "excluded_lines": [], "start_line": 600}, "GSLTranslationService._tokens_to_english_text": {"executed_lines": [], "summary": {"covered_lines": 0, "num_statements": 1, "percent_covered": 0.0, "percent_covered_display": "0", "missing_lines": 1, "excluded_lines": 0, "percent_statements_covered": 0.0, "percent_statements_covered_display": "0"}, "missing_lines": [617], "excluded_lines": [], "start_line": 613}, "GSLTranslationService._generate_english_text": {"executed_lines": [], "summary": {"covered_lines": 0, "num_statements": 1, "percent_covered": 0.0, "percent_covered_display": "0", "missing_lines": 1, "excluded_lines": 0, "percent_statements_covered": 0.0, "percent_statements_covered_display": "0"}, "missing_lines": [623], "excluded_lines": [], "start_line": 619}, "GSLTranslationService._generate_gsl_sequence": {"executed_lines": [], "summary": {"covered_lines": 0, "num_statements": 1, "percent_covered": 0.0, "percent_covered_display": "0", "missing_lines": 1, "excluded_lines": 0, "percent_statements_covered": 0.0, "percent_statements_covered_display": "0"}, "missing_lines": [629], "excluded_lines": [], "start_line": 625}, "GSLTranslationService._capitalize_sentences": {"executed_lines": [633, 634, 636, 637, 638, 639, 641], "summary": {"covered_lines": 7, "num_statements": 7, "percent_covered": 100.0, "percent_covered_display": "100", "missing_lines": 0, "excluded_lines": 0, "percent_statements_covered": 100.0, "percent_statements_covered_display": "100"}, "missing_lines": [], "excluded_lines": [], "start_line": 631}, "GSLTranslationService.train_step": {"executed_lines": [646, 647, 648, 651, 654, 657, 658, 660, 662, 663, 664], "summary": {"covered_lines": 11, "num_statements": 11, "percent_covered": 100.0, "percent_covered_display": "100", "missing_lines": 0, "excluded_lines": 0, "percent_statements_covered": 100.0, "percent_statements_covered_display": "100"}, "missing_lines": [], "excluded_lines": [], "start_line": 643}, "GSLTranslationService.save_model": {"executed_lines": [], "summary": {"covered_lines": 0, "num_statements": 7, "percent_covered": 0.0, "percent_covered_display": "0", "missing_lines": 7, "excluded_lines": 0, "percent_statements_covered": 0.0, "percent_statements_covered_display": "0"}, "missing_lines": [668, 669, 670, 672, 680, 682, 683], "excluded_lines": [], "start_line": 666}, "GSLTranslationService.load_model": {"executed_lines": [], "summary": {"covered_lines": 0, "num_statements": 13, "percent_covered": 0.0, "percent_covered_display": "0", "missing_lines": 13, "excluded_lines": 0, "percent_statements_covered": 0.0, "percent_statements_covered_display": "0"}, "missing_lines": [687, 688, 690, 691, 692, 694, 695, 696, 698, 699, 701, 703, 704], "excluded_lines": [], "start_line": 685}, "GSLTranslationService.get_translation_info": {"executed_lines": [708], "summary": {"covered_lines": 1, "num_statements": 1, "percent_covered": 100.0, "percent_covered_display": "100", "missing_lines": 0, "excluded_lines": 0, "percent_statements_covered": 100.0, "percent_statements_covered_display": "100"}, "missing_lines": [], "excluded_lines": [], "start_line": 706}, "get_gsl_translation_service": {"executed_lines": [725, 726, 727], "summary": {"covered_lines": 3, "num_statements": 3, "percent_covered": 100.0, "percent_covered_display": "100", "missing_lines": 0, "excluded_lines": 0, "percent_statements_covered": 100.0, "percent_statements_covered_display": "100"}, "missing_lines": [], "excluded_lines": [], "start_line": 722}, "": {"executed_lines": [1, 2, 3, 4, 5, 6, 7, 8, 9, 10, 11, 12, 14, 16, 17, 19, 20, 21, 22, 23, 24, 25, 26, 27, 28, 31, 32, 33, 35, 38, 137, 142, 149, 176, 179, 205, 223, 243, 261, 269, 280, 283, 330, 342, 348, 365, 394, 407, 410, 427, 445, 463, 497, 518, 549, 580, 594, 600, 613, 619, 625, 631, 643, 666, 685, 706, 720, 722], "summary": {"covered_lines": 68, "num_statements": 68, "percent_covered": 100.0, "percent_covered_display": "100", "missing_lines": 0, "excluded_lines": 0, "percent_statements_covered": 100.0, "percent_statements_covered_display": "100"}, "missing_lines": [], "excluded_lines": [], "start_line": 1}}, "classes": {"TranslationConfig": {"executed_lines": [], "summary": {"covered_lines": 0, "num_statements": 0, "percent_covered": 100.0, "percent_covered_display": "100", "missing_lines": 0, "excluded_lines": 0, "percent_statements_covered": 100.0, "percent_statements_covered_display": "100"}, "missing_lines": [], "excluded_lines": [], "start_line": 17}, "GSLVocabulary": {"executed_lines": [40, 97, 98, 99, 100, 101, 102, 105, 123, 139, 140, 144, 145, 146, 147, 151, 152, 155, 156, 157, 159, 162, 163, 164, 165, 167, 168, 169, 172, 174], "summary": {"covered_lines": 30, "num_statements": 30, "percent_covered": 100.0, "percent_covered_display": "100", "missing_lines": 0, "excluded_lines": 0, "percent_statements_covered": 100.0, "percent_statements_covered_display": "100"}, "missing_lines": [], "excluded_lines": [], "start_line": 35}, "GSLGrammarRules": {"executed_lines": [181, 189, 197, 208, 211, 214, 215, 216, 217, 218, 221, 225, 228, 229, 230, 234, 235, 238, 239, 241, 245, 248, 249, 250, 251, 252, 254, 256, 257, 259, 264, 265, 267, 272, 274, 275, 276, 278], "summary": {"covered_lines": 38, "num_statements": 40, "percent_covered": 95.0, "percent_covered_display": "95", "missing_lines": 2, "excluded_lines": 0, "percent_statements_covered": 95.0, "percent_statements_covered_display": "95"}, "missing_lines": [219, 231], "excluded_lines": [], "start_line": 176}, "GSLTranslationEngine": {"executed_lines": [284, 285, 288, 289, 294, 295, 300, 307, 311, 318, 323, 326, 328, 332, 333, 334, 337, 338, 340, 344, 345, 346, 351, 354, 355, 358, 361, 363, 370, 373, 374, 377, 380, 387, 390, 392, 400, 403, 405], "summary": {"covered_lines": 39, "num_statements": 39, "percent_covered": 100.0, "percent_covered_display": "100", "missing_lines": 0, "excluded_lines": 0, "percent_statements_covered": 100.0, "percent_statements_covered_display": "100"}, "missing_lines": [], "excluded_lines": [], "start_line": 280}, "GSLTranslationService": {"executed_lines": [411, 412, 413, 416, 417, 418, 421, 422, 425, 429, 430, 433, 435, 436, 437, 447, 448, 451, 453, 454, 455, 465, 466, 468, 470, 471, 472, 475, 476, 477, 479, 482, 483, 485, 499, 501, 504, 506, 633, 634, 636, 637, 638, 639, 641, 646, 647, 648, 651, 654, 657, 658, 660, 662, 663, 664, 708], "summary": {"covered_lines": 57, "num_statements": 126, "percent_covered": 45.23809523809524, "percent_covered_display": "45", "missing_lines": 69, "excluded_lines": 0, "percent_statements_covered": 45.23809523809524, "percent_statements_covered_display": "45"}, "missing_lines": [423, 431, 449, 493, 494, 495, 514, 515, 516, 520, 522, 524, 525, 528, 531, 534, 536, 544, 545, 547, 551, 553, 555, 556, 559, 562, 565, 567, 575, 576, 578, 582, 583, 585, 586, 587, 589, 590, 592, 598, 603, 604, 606, 608, 609, 611, 617, 623, 629, 668, 669, 670, 672, 680, 682, 683, 687, 688, 690, 691, 692, 694, 695, 696, 698, 699, 701, 703, 704], "excluded_lines": [], "start_line": 407}, "": {"executed_lines": [1, 2, 3, 4, 5, 6, 7, 8, 9, 10, 11, 12, 14, 16, 17, 19, 20, 21, 22, 23, 24, 25, 26, 27, 28, 31, 32, 33, 35, 38, 137, 142, 149, 176, 179, 205, 223, 243, 261, 269, 280, 283, 330, 342, 348, 365, 394, 407, 410, 427, 445, 463, 497, 518, 549, 580, 594, 600, 613, 619, 625, 631, 643, 666, 685, 706, 720, 722, 725, 726, 727], "summary": {"covered_lines": 71, "num_statements": 71, "percent_covered": 100.0, "percent_covered_display": "100", "missing_lines": 0, "excluded_lines": 0, "percent_statements_covered": 100.0, "percent_statements_covered_display": "100"}, "missing_lines": [], "excluded_lines": [], "start_line": 1}}}, "C:\\Users\\Theo-Kyei\\Desktop\\gsl\\api\\services\\mediapipe_service.py": {"executed_lines": [], "summary": {"covered_lines": 0, "num_statements": 277, "percent_covered": 0.0, "percent_covered_display": "0", "missing_lines": 277, "excluded_lines": 0, "percent_statements_covered": 0.0, "percent_statements_covered_display": "0"}, "missing_lines": [1, 2, 3, 4, 5, 6, 7, 8, 9, 10, 11, 12, 13, 16, 18, 19, 20, 21, 22, 23, 25, 26, 27, 28, 29, 30, 32, 33, 34, 35, 36, 38, 39, 40, 41, 42, 44, 45, 47, 48, 49, 50, 51, 52, 54, 55, 56, 57, 58, 61, 62, 70, 72, 73, 81, 83, 84, 92, 95, 96, 114, 124, 125, 127, 129, 139, 141, 143, 144, 146, 147, 150, 153, 156, 159, 161, 163, 170, 171, 172, 179, 181, 182, 183, 184, 185, 186, 187, 188, 189, 190, 192, 194, 197, 198, 203, 206, 207, 209, 212, 213, 215, 218, 220, 222, 224, 226, 229, 236, 237, 245, 246, 247, 249, 251, 253, 255, 260, 261, 262, 270, 271, 272, 274, 276, 278, 284, 285, 288, 289, 296, 297, 299, 301, 303, 304, 307, 314, 315, 316, 318, 320, 322, 325, 353, 355, 356, 357, 360, 362, 363, 365, 366, 368, 370, 372, 374, 377, 379, 380, 381, 382, 383, 384, 385, 386, 388, 390, 392, 393, 396, 397, 399, 400, 402, 404, 406, 407, 408, 409, 412, 415, 416, 420, 423, 424, 428, 430, 432, 434, 437, 438, 439, 440, 443, 444, 445, 446, 448, 450, 451, 452, 453, 455, 457, 459, 461, 472, 473, 474, 475, 478, 479, 480, 481, 483, 485, 487, 495, 496, 497, 500, 501, 502, 503, 504, 505, 507, 508, 510, 511, 512, 513, 516, 517, 518, 520, 522, 523, 526, 527, 530, 531, 532, 533, 535, 537, 539, 542, 543, 544, 547, 548, 551, 552, 555, 556, 557, 558, 560, 562, 564, 565, 566, 567, 568, 569, 572, 574, 577, 580, 581, 584, 586, 587, 589, 591], "excluded_lines": [], "functions": {"MediaPipeService.__init__": {"executed_lines": [], "summary": {"covered_lines": 0, "num_statements": 26, "percent_covered": 0.0, "percent_covered_display": "0", "missing_lines": 26, "excluded_lines": 0, "percent_statements_covered": 0.0, "percent_statements_covered_display": "0"}, "missing_lines": [47, 48, 49, 50, 51, 52, 54, 55, 56, 57, 58, 61, 62, 70, 72, 73, 81, 83, 84, 92, 95, 96, 114, 124, 125, 127], "excluded_lines": [], "start_line": 45}, "MediaPipeService.process_frame": {"executed_lines": [], "summary": {"covered_lines": 0, "num_statements": 15, "percent_covered": 0.0, "percent_covered_display": "0", "missing_lines": 15, "excluded_lines": 0, "percent_statements_covered": 0.0, "percent_statements_covered_display": "0"}, "missing_lines": [139, 141, 143, 144, 146, 147, 150, 153, 156, 159, 161, 163, 170, 171, 172], "excluded_lines": [], "start_line": 129}, "MediaPipeService._process_media_pipe": {"executed_lines": [], "summary": {"covered_lines": 0, "num_statements": 10, "percent_covered": 0.0, "percent_covered_display": "0", "missing_lines": 10, "excluded_lines": 0, "percent_statements_covered": 0.0, "percent_statements_covered_display": "0"}, "missing_lines": [181, 182, 183, 184, 185, 186, 187, 188, 189, 190], "excluded_lines": [], "start_line": 179}, "MediaPipeService._extract_sign_language_features": {"executed_lines": [], "summary": {"covered_lines": 0, "num_statements": 12, "percent_covered": 0.0, "percent_covered_display": "0", "missing_lines": 12, "excluded_lines": 0, "percent_statements_covered": 0.0, "percent_statements_covered_display": "0"}, "missing_lines": [194, 197, 198, 203, 206, 207, 209, 212, 213, 215, 218, 220], "excluded_lines": [], "start_line": 192}, "MediaPipeService._extract_hand_features": {"executed_lines": [], "summary": {"covered_lines": 0, "num_statements": 10, "percent_covered": 0.0, "percent_covered_display": "0", "missing_lines": 10, "excluded_lines": 0, "percent_statements_covered": 0.0, "percent_statements_covered_display": "0"}, "missing_lines": [224, 226, 229, 236, 237, 245, 246, 247, 249, 251], "excluded_lines": [], "start_line": 222}, "MediaPipeService._extract_pose_features": {"executed_lines": [], "summary": {"covered_lines": 0, "num_statements": 8, "percent_covered": 0.0, "percent_covered_display": "0", "missing_lines": 8, "excluded_lines": 0, "percent_statements_covered": 0.0, "percent_statements_covered_display": "0"}, "missing_lines": [255, 260, 261, 262, 270, 271, 272, 274], "excluded_lines": [], "start_line": 253}, "MediaPipeService._extract_face_features": {"executed_lines": [], "summary": {"covered_lines": 0, "num_statements": 8, "percent_covered": 0.0, "percent_covered_display": "0", "missing_lines": 8, "excluded_lines": 0, "percent_statements_covered": 0.0, "percent_statements_covered_display": "0"}, "missing_lines": [278, 284, 285, 288, 289, 296, 297, 299], "excluded_lines": [], "start_line": 276}, "MediaPipeService._calculate_palm_orientation": {"executed_lines": [], "summary": {"covered_lines": 0, "num_statements": 7, "percent_covered": 0.0, "percent_covered_display": "0", "missing_lines": 7, "excluded_lines": 0, "percent_statements_covered": 0.0, "percent_statements_covered_display": "0"}, "missing_lines": [303, 304, 307, 314, 315, 316, 318], "excluded_lines": [], "start_line": 301}, "MediaPipeService._calculate_finger_states": {"executed_lines": [], "summary": {"covered_lines": 0, "num_statements": 13, "percent_covered": 0.0, "percent_covered_display": "0", "missing_lines": 13, "excluded_lines": 0, "percent_statements_covered": 0.0, "percent_statements_covered_display": "0"}, "missing_lines": [322, 325, 353, 355, 356, 357, 360, 362, 363, 365, 366, 368, 370], "excluded_lines": [], "start_line": 320}, "MediaPipeService._classify_hand_gesture": {"executed_lines": [], "summary": {"covered_lines": 0, "num_statements": 11, "percent_covered": 0.0, "percent_covered_display": "0", "missing_lines": 11, "excluded_lines": 0, "percent_statements_covered": 0.0, "percent_statements_covered_display": "0"}, "missing_lines": [374, 377, 379, 380, 381, 382, 383, 384, 385, 386, 388], "excluded_lines": [], "start_line": 372}, "MediaPipeService._calculate_body_orientation": {"executed_lines": [], "summary": {"covered_lines": 0, "num_statements": 7, "percent_covered": 0.0, "percent_covered_display": "0", "missing_lines": 7, "excluded_lines": 0, "percent_statements_covered": 0.0, "percent_statements_covered_display": "0"}, "missing_lines": [392, 393, 396, 397, 399, 400, 402], "excluded_lines": [], "start_line": 390}, "MediaPipeService._calculate_shoulder_angles": {"executed_lines": [], "summary": {"covered_lines": 0, "num_statements": 12, "percent_covered": 0.0, "percent_covered_display": "0", "missing_lines": 12, "excluded_lines": 0, "percent_statements_covered": 0.0, "percent_statements_covered_display": "0"}, "missing_lines": [406, 407, 408, 409, 412, 415, 416, 420, 423, 424, 428, 430], "excluded_lines": [], "start_line": 404}, "MediaPipeService._calculate_arm_positions": {"executed_lines": [], "summary": {"covered_lines": 0, "num_statements": 16, "percent_covered": 0.0, "percent_covered_display": "0", "missing_lines": 16, "excluded_lines": 0, "percent_statements_covered": 0.0, "percent_statements_covered_display": "0"}, "missing_lines": [434, 437, 438, 439, 440, 443, 444, 445, 446, 448, 450, 451, 452, 453, 455, 457], "excluded_lines": [], "start_line": 432}, "MediaPipeService._calculate_facial_expressions": {"executed_lines": [], "summary": {"covered_lines": 0, "num_statements": 10, "percent_covered": 0.0, "percent_covered_display": "0", "missing_lines": 10, "excluded_lines": 0, "percent_statements_covered": 0.0, "percent_statements_covered_display": "0"}, "missing_lines": [461, 472, 473, 474, 475, 478, 479, 480, 481, 483], "excluded_lines": [], "start_line": 459}, "MediaPipeService._calculate_sign_language_metrics": {"executed_lines": [], "summary": {"covered_lines": 0, "num_statements": 29, "percent_covered": 0.0, "percent_covered_display": "0", "missing_lines": 29, "excluded_lines": 0, "percent_statements_covered": 0.0, "percent_statements_covered_display": "0"}, "missing_lines": [487, 495, 496, 497, 500, 501, 502, 503, 504, 505, 507, 508, 510, 511, 512, 513, 516, 517, 518, 520, 522, 523, 526, 527, 530, 531, 532, 533, 535], "excluded_lines": [], "start_line": 485}, "MediaPipeService._calculate_overall_confidence": {"executed_lines": [], "summary": {"covered_lines": 0, "num_statements": 13, "percent_covered": 0.0, "percent_covered_display": "0", "missing_lines": 13, "excluded_lines": 0, "percent_statements_covered": 0.0, "percent_statements_covered_display": "0"}, "missing_lines": [539, 542, 543, 544, 547, 548, 551, 552, 555, 556, 557, 558, 560], "excluded_lines": [], "start_line": 537}, "MediaPipeService.__del__": {"executed_lines": [], "summary": {"covered_lines": 0, "num_statements": 6, "percent_covered": 0.0, "percent_covered_display": "0", "missing_lines": 6, "excluded_lines": 0, "percent_statements_covered": 0.0, "percent_statements_covered_display": "0"}, "missing_lines": [564, 565, 566, 567, 568, 569], "excluded_lines": [], "start_line": 562}, "test_mediapipe_service": {"executed_lines": [], "summary": {"covered_lines": 0, "num_statements": 7, "percent_covered": 0.0, "percent_covered_display": "0", "missing_lines": 7, "excluded_lines": 0, "percent_statements_covered": 0.0, "percent_statements_covered_display": "0"}, "missing_lines": [574, 577, 580, 581, 584, 586, 587], "excluded_lines": [], "start_line": 572}, "": {"executed_lines": [], "summary": {"covered_lines": 0, "num_statements": 57, "percent_covered": 0.0, "percent_covered_display": "0", "missing_lines": 57, "excluded_lines": 0, "percent_statements_covered": 0.0, "percent_statements_covered_display": "0"}, "missing_lines": [1, 2, 3, 4, 5, 6, 7, 8, 9, 10, 11, 12, 13, 16, 18, 19, 20, 21, 22, 23, 25, 26, 27, 28, 29, 30, 32, 33, 34, 35, 36, 38, 39, 40, 41, 42, 44, 45, 129, 179, 192, 222, 253, 276, 301, 320, 372, 390, 404, 432, 459, 485, 537, 562, 572, 589, 591], "excluded_lines": [], "start_line": 1}}, "classes": {"LandmarkData": {"executed_lines": [], "summary": {"covered_lines": 0, "num_statements": 0, "percent_covered": 100.0, "percent_covered_display": "100", "missing_lines": 0, "excluded_lines": 0, "percent_statements_covered": 100.0, "percent_statements_covered_display": "100"}, "missing_lines": [], "excluded_lines": [], "start_line": 19}, "HandFeatures": {"executed_lines": [], "summary": {"covered_lines": 0, "num_statements": 0, "percent_covered": 100.0, "percent_covered_display": "100", "missing_lines": 0, "excluded_lines": 0, "percent_statements_covered": 100.0, "percent_statements_covered_display": "100"}, "missing_lines": [], "excluded_lines": [], "start_line": 26}, "PoseFeatures": {"executed_lines": [], "summary": {"covered_lines": 0, "num_statements": 0, "percent_covered": 100.0, "percent_covered_display": "100", "missing_lines": 0, "excluded_lines": 0, "percent_statements_covered": 100.0, "percent_statements_covered_display": "100"}, "missing_lines": [], "excluded_lines": [], "start_line": 33}, "FaceFeatures": {"executed_lines": [], "summary": {"covered_lines": 0, "num_statements": 0, "percent_covered": 100.0, "percent_covered_display": "100", "missing_lines": 0, "excluded_lines": 0, "percent_statements_covered": 100.0, "percent_statements_covered_display": "100"}, "missing_lines": [], "excluded_lines": [], "start_line": 39}, "MediaPipeService": {"executed_lines": [], "summary": {"covered_lines": 0, "num_statements": 213, "percent_covered": 0.0, "percent_covered_display": "0", "missing_lines": 213, "excluded_lines": 0, "percent_statements_covered": 0.0, "percent_statements_covered_display": "0"}, "missing_lines": [47, 48, 49, 50, 51, 52, 54, 55, 56, 57, 58, 61, 62, 70, 72, 73, 81, 83, 84, 92, 95, 96, 114, 124, 125, 127, 139, 141, 143, 144, 146, 147, 150, 153, 156, 159, 161, 163, 170, 171, 172, 181, 182, 183, 184, 185, 186, 187, 188, 189, 190, 194, 197, 198, 203, 206, 207, 209, 212, 213, 215, 218, 220, 224, 226, 229, 236, 237, 245, 246, 247, 249, 251, 255, 260, 261, 262, 270, 271, 272, 274, 278, 284, 285, 288, 289, 296, 297, 299, 303, 304, 307, 314, 315, 316, 318, 322, 325, 353, 355, 356, 357, 360, 362, 363, 365, 366, 368, 370, 374, 377, 379, 380, 381, 382, 383, 384, 385, 386, 388, 392, 393, 396, 397, 399, 400, 402, 406, 407, 408, 409, 412, 415, 416, 420, 423, 424, 428, 430, 434, 437, 438, 439, 440, 443, 444, 445, 446, 448, 450, 451, 452, 453, 455, 457, 461, 472, 473, 474, 475, 478, 479, 480, 481, 483, 487, 495, 496, 497, 500, 501, 502, 503, 504, 505, 507, 508, 510, 511, 512, 513, 516, 517, 518, 520, 522, 523, 526, 527, 530, 531, 532, 533, 535, 539, 542, 543, 544, 547, 548, 551, 552, 555, 556, 557, 558, 560, 564, 565, 566, 567, 568, 569], "excluded_lines": [], "start_line": 44}, "": {"executed_lines": [], "summary": {"covered_lines": 0, "num_statements": 64, "percent_covered": 0.0, "percent_covered_display": "0", "missing_lines": 64, "excluded_lines": 0, "percent_statements_covered": 0.0, "percent_statements_covered_display": "0"}, "missing_lines": [1, 2, 3, 4, 5, 6, 7, 8, 9, 10, 11, 12, 13, 16, 18, 19, 20, 21, 22, 23, 25, 26, 27, 28, 29, 30, 32, 33, 34, 35, 36, 38, 39, 40, 41, 42, 44, 45, 129, 179, 192, 222, 253, 276, 301, 320, 372, 390, 404, 432, 459, 485, 537, 562, 572, 574, 577, 580, 581, 584, 586, 587, 589, 591], "excluded_lines": [], "start_line": 1}}}, "C:\\Users\\Theo-Kyei\\Desktop\\gsl\\api\\services\\sign_recognition_service.py": {"executed_lines": [1, 2, 3, 4, 5, 6, 7, 8, 9, 13, 14, 15, 16, 17, 18, 19, 21, 23, 24, 26, 27, 28, 29, 30, 31, 32, 33, 34, 36, 38, 52, 55, 58, 96, 132, 135, 170, 180, 189, 239, 261, 289, 348, 381, 386, 412, 417, 430, 433, 457, 498, 526], "summary": {"covered_lines": 52, "num_statements": 275, "percent_covered": 18.90909090909091, "percent_covered_display": "19", "missing_lines": 223, "excluded_lines": 0, "percent_statements_covered": 18.90909090909091, "percent_statements_covered_display": "19"}, "missing_lines": [10, 11, 12, 39, 41, 42, 43, 46, 47, 48, 50, 53, 59, 60, 63, 66, 69, 76, 82, 91, 105, 108, 111, 112, 115, 116, 118, 121, 124, 125, 128, 130, 136, 137, 140, 143, 144, 147, 148, 149, 157, 158, 161, 162, 163, 166, 168, 172, 173, 174, 175, 176, 177, 178, 182, 187, 191, 193, 196, 197, 198, 200, 201, 204, 207, 208, 209, 210, 211, 213, 216, 217, 218, 219, 221, 224, 226, 227, 228, 229, 231, 233, 235, 236, 237, 241, 243, 244, 247, 250, 253, 255, 257, 258, 259, 263, 266, 267, 270, 271, 272, 273, 276, 277, 278, 279, 280, 281, 283, 285, 286, 287, 291, 293, 294, 295, 298, 301, 302, 305, 306, 309, 310, 311, 314, 317, 318, 319, 320, 321, 324, 325, 327, 336, 339, 340, 342, 344, 345, 346, 350, 352, 355, 356, 359, 360, 361, 364, 370, 377, 378, 379, 383, 384, 388, 390, 391, 393, 394, 395, 396, 399, 401, 402, 404, 406, 407, 408, 410, 414, 415, 419, 434, 435, 436, 439, 442, 449, 455, 459, 460, 461, 462, 464, 465, 468, 469, 470, 473, 474, 475, 478, 479, 480, 481, 483, 484, 486, 487, 489, 491, 500, 501, 502, 503, 505, 506, 507, 509, 510, 512, 513, 514, 515, 517, 518, 520, 528, 534, 537, 540, 541, 542], "excluded_lines": [], "functions": {"PositionalEncoding.__init__": {"executed_lines": [], "summary": {"covered_lines": 0, "num_statements": 8, "percent_covered": 0.0, "percent_covered_display": "0", "missing_lines": 8, "excluded_lines": 0, "percent_statements_covered": 0.0, "percent_statements_covered_display": "0"}, "missing_lines": [39, 41, 42, 43, 46, 47, 48, 50], "excluded_lines": [], "start_line": 38}, "PositionalEncoding.forward": {"executed_lines": [], "summary": {"covered_lines": 0, "num_statements": 1, "percent_covered": 0.0, "percent_covered_display": "0", "missing_lines": 1, "excluded_lines": 0, "percent_statements_covered": 0.0, "percent_statements_covered_display": "0"}, "missing_lines": [53], "excluded_lines": [], "start_line": 52}, "SignTransformer.__init__": {"executed_lines": [], "summary": {"covered_lines": 0, "num_statements": 8, "percent_covered": 0.0, "percent_covered_display": "0", "missing_lines": 8, "excluded_lines": 0, "percent_statements_covered": 0.0, "percent_statements_covered_display": "0"}, "missing_lines": [59, 60, 63, 66, 69, 76, 82, 91], "excluded_lines": [], "start_line": 58}, "SignTransformer.forward": {"executed_lines": [], "summary": {"covered_lines": 0, "num_statements": 12, "percent_covered": 0.0, "percent_covered_display": "0", "missing_lines": 12, "excluded_lines": 0, "percent_statements_covered": 0.0, "percent_statements_covered_display": "0"}, "missing_lines": [105, 108, 111, 112, 115, 116, 118, 121, 124, 125, 128, 130], "excluded_lines": [], "start_line": 96}, "SignRecognitionService.__init__": {"executed_lines": [], "summary": {"covered_lines": 0, "num_statements": 15, "percent_covered": 0.0, "percent_covered_display": "0", "missing_lines": 15, "excluded_lines": 0, "percent_statements_covered": 0.0, "percent_statements_covered_display": "0"}, "missing_lines": [136, 137, 140, 143, 144, 147, 148, 149, 157, 158, 161, 162, 163, 166, 168], "excluded_lines": [], "start_line": 135}, "SignRecognitionService.load_model": {"executed_lines": [], "summary": {"covered_lines": 0, "num_statements": 7, "percent_covered": 0.0, "percent_covered_display": "0", "missing_lines": 7, "excluded_lines": 0, "percent_statements_covered": 0.0, "percent_statements_covered_display": "0"}, "missing_lines": [172, 173, 174, 175, 176, 177, 178], "excluded_lines": [], "start_line": 170}, "SignRecognitionService.save_model": {"executed_lines": [], "summary": {"covered_lines": 0, "num_statements": 2, "percent_covered": 0.0, "percent_covered_display": "0", "missing_lines": 2, "excluded_lines": 0, "percent_statements_covered": 0.0, "percent_statements_covered_display": "0"}, "missing_lines": [182, 187], "excluded_lines": [], "start_line": 180}, "SignRecognitionService.extract_landmarks": {"executed_lines": [], "summary": {"covered_lines": 0, "num_statements": 29, "percent_covered": 0.0, "percent_covered_display": "0", "missing_lines": 29, "excluded_lines": 0, "percent_statements_covered": 0.0, "percent_statements_covered_display": "0"}, "missing_lines": [191, 193, 196, 197, 198, 200, 201, 204, 207, 208, 209, 210, 211, 213, 216, 217, 218, 219, 221, 224, 226, 227, 228, 229, 231, 233, 235, 236, 237], "excluded_lines": [], "start_line": 189}, "SignRecognitionService.preprocess_sequence": {"executed_lines": [], "summary": {"covered_lines": 0, "num_statements": 10, "percent_covered": 0.0, "percent_covered_display": "0", "missing_lines": 10, "excluded_lines": 0, "percent_statements_covered": 0.0, "percent_statements_covered_display": "0"}, "missing_lines": [241, 243, 244, 247, 250, 253, 255, 257, 258, 259], "excluded_lines": [], "start_line": 239}, "SignRecognitionService.normalize_landmarks": {"executed_lines": [], "summary": {"covered_lines": 0, "num_statements": 17, "percent_covered": 0.0, "percent_covered_display": "0", "missing_lines": 17, "excluded_lines": 0, "percent_statements_covered": 0.0, "percent_statements_covered_display": "0"}, "missing_lines": [263, 266, 267, 270, 271, 272, 273, 276, 277, 278, 279, 280, 281, 283, 285, 286, 287], "excluded_lines": [], "start_line": 261}, "SignRecognitionService.predict_sign": {"executed_lines": [], "summary": {"covered_lines": 0, "num_statements": 28, "percent_covered": 0.0, "percent_covered_display": "0", "missing_lines": 28, "excluded_lines": 0, "percent_statements_covered": 0.0, "percent_statements_covered_display": "0"}, "missing_lines": [291, 293, 294, 295, 298, 301, 302, 305, 306, 309, 310, 311, 314, 317, 318, 319, 320, 321, 324, 325, 327, 336, 339, 340, 342, 344, 345, 346], "excluded_lines": [], "start_line": 289}, "SignRecognitionService.temporal_smoothing": {"executed_lines": [], "summary": {"covered_lines": 0, "num_statements": 12, "percent_covered": 0.0, "percent_covered_display": "0", "missing_lines": 12, "excluded_lines": 0, "percent_statements_covered": 0.0, "percent_statements_covered_display": "0"}, "missing_lines": [350, 352, 355, 356, 359, 360, 361, 364, 370, 377, 378, 379], "excluded_lines": [], "start_line": 348}, "SignRecognitionService.reset_buffers": {"executed_lines": [], "summary": {"covered_lines": 0, "num_statements": 2, "percent_covered": 0.0, "percent_covered_display": "0", "missing_lines": 2, "excluded_lines": 0, "percent_statements_covered": 0.0, "percent_statements_covered_display": "0"}, "missing_lines": [383, 384], "excluded_lines": [], "start_line": 381}, "SignRecognitionService.process_video_stream": {"executed_lines": [], "summary": {"covered_lines": 0, "num_statements": 15, "percent_covered": 0.0, "percent_covered_display": "0", "missing_lines": 15, "excluded_lines": 0, "percent_statements_covered": 0.0, "percent_statements_covered_display": "0"}, "missing_lines": [388, 390, 391, 393, 394, 395, 396, 399, 401, 402, 404, 406, 407, 408, 410], "excluded_lines": [], "start_line": 386}, "SignRecognitionService.stop_processing": {"executed_lines": [], "summary": {"covered_lines": 0, "num_statements": 2, "percent_covered": 0.0, "percent_covered_display": "0", "missing_lines": 2, "excluded_lines": 0, "percent_statements_covered": 0.0, "percent_statements_covered_display": "0"}, "missing_lines": [414, 415], "excluded_lines": [], "start_line": 412}, "SignRecognitionService.get_model_info": {"executed_lines": [], "summary": {"covered_lines": 0, "num_statements": 1, "percent_covered": 0.0, "percent_covered_display": "0", "missing_lines": 1, "excluded_lines": 0, "percent_statements_covered": 0.0, "percent_statements_covered_display": "0"}, "missing_lines": [419], "excluded_lines": [], "start_line": 417}, "SignRecognitionTrainer.__init__": {"executed_lines": [], "summary": {"covered_lines": 0, "num_statements": 7, "percent_covered": 0.0, "percent_covered_display": "0", "missing_lines": 7, "excluded_lines": 0, "percent_statements_covered": 0.0, "percent_statements_covered_display": "0"}, "missing_lines": [434, 435, 436, 439, 442, 449, 455], "excluded_lines": [], "start_line": 433}, "SignRecognitionTrainer.train_epoch": {"executed_lines": [], "summary": {"covered_lines": 0, "num_statements": 22, "percent_covered": 0.0, "percent_covered_display": "0", "missing_lines": 22, "excluded_lines": 0, "percent_statements_covered": 0.0, "percent_statements_covered_display": "0"}, "missing_lines": [459, 460, 461, 462, 464, 465, 468, 469, 470, 473, 474, 475, 478, 479, 480, 481, 483, 484, 486, 487, 489, 491], "excluded_lines": [], "start_line": 457}, "SignRecognitionTrainer.validate": {"executed_lines": [], "summary": {"covered_lines": 0, "num_statements": 16, "percent_covered": 0.0, "percent_covered_display": "0", "missing_lines": 16, "excluded_lines": 0, "percent_statements_covered": 0.0, "percent_statements_covered_display": "0"}, "missing_lines": [500, 501, 502, 503, 505, 506, 507, 509, 510, 512, 513, 514, 515, 517, 518, 520], "excluded_lines": [], "start_line": 498}, "": {"executed_lines": [1, 2, 3, 4, 5, 6, 7, 8, 9, 13, 14, 15, 16, 17, 18, 19, 21, 23, 24, 26, 27, 28, 29, 30, 31, 32, 33, 34, 36, 38, 52, 55, 58, 96, 132, 135, 170, 180, 189, 239, 261, 289, 348, 381, 386, 412, 417, 430, 433, 457, 498, 526], "summary": {"covered_lines": 52, "num_statements": 61, "percent_covered": 85.24590163934427, "percent_covered_display": "85", "missing_lines": 9, "excluded_lines": 0, "percent_statements_covered": 85.24590163934427, "percent_statements_covered_display": "85"}, "missing_lines": [10, 11, 12, 528, 534, 537, 540, 541, 542], "excluded_lines": [], "start_line": 1}}, "classes": {"SignRecognitionConfig": {"executed_lines": [], "summary": {"covered_lines": 0, "num_statements": 0, "percent_covered": 100.0, "percent_covered_display": "100", "missing_lines": 0, "excluded_lines": 0, "percent_statements_covered": 100.0, "percent_statements_covered_display": "100"}, "missing_lines": [], "excluded_lines": [], "start_line": 24}, "PositionalEncoding": {"executed_lines": [], "summary": {"covered_lines": 0, "num_statements": 9, "percent_covered": 0.0, "percent_covered_display": "0", "missing_lines": 9, "excluded_lines": 0, "percent_statements_covered": 0.0, "percent_statements_covered_display": "0"}, "missing_lines": [39, 41, 42, 43, 46, 47, 48, 50, 53], "excluded_lines": [], "start_line": 36}, "SignTransformer": {"executed_lines": [], "summary": {"covered_lines": 0, "num_statements": 20, "percent_covered": 0.0, "percent_covered_display": "0", "missing_lines": 20, "excluded_lines": 0, "percent_statements_covered": 0.0, "percent_statements_covered_display": "0"}, "missing_lines": [59, 60, 63, 66, 69, 76, 82, 91, 105, 108, 111, 112, 115, 116, 118, 121, 124, 125, 128, 130], "excluded_lines": [], "start_line": 55}, "SignRecognitionService": {"executed_lines": [], "summary": {"covered_lines": 0, "num_statements": 140, "percent_covered": 0.0, "percent_covered_display": "0", "missing_lines": 140, "excluded_lines": 0, "percent_statements_covered": 0.0, "percent_statements_covered_display": "0"}, "missing_lines": [136, 137, 140, 143, 144, 147, 148, 149, 157, 158, 161, 162, 163, 166, 168, 172, 173, 174, 175, 176, 177, 178, 182, 187, 191, 193, 196, 197, 198, 200, 201, 204, 207, 208, 209, 210, 211, 213, 216, 217, 218, 219, 221, 224, 226, 227, 228, 229, 231, 233, 235, 236, 237, 241, 243, 244, 247, 250, 253, 255, 257, 258, 259, 263, 266, 267, 270, 271, 272, 273, 276, 277, 278, 279, 280, 281, 283, 285, 286, 287, 291, 293, 294, 295, 298, 301, 302, 305, 306, 309, 310, 311, 314, 317, 318, 319, 320, 321, 324, 325, 327, 336, 339, 340, 342, 344, 345, 346, 350, 352, 355, 356, 359, 360, 361, 364, 370, 377, 378, 379, 383, 384, 388, 390, 391, 393, 394, 395, 396, 399, 401, 402, 404, 406, 407, 408, 410, 414, 415, 419], "excluded_lines": [], "start_line": 132}, "SignRecognitionTrainer": {"executed_lines": [], "summary": {"covered_lines": 0, "num_statements": 45, "percent_covered": 0.0, "percent_covered_display": "0", "missing_lines": 45, "excluded_lines": 0, "percent_statements_covered": 0.0, "percent_statements_covered_display": "0"}, "missing_lines": [434, 435, 436, 439, 442, 449, 455, 459, 460, 461, 462, 464, 465, 468, 469, 470, 473, 474, 475, 478, 479, 480, 481, 483, 484, 486, 487, 489, 491, 500, 501, 502, 503, 505, 506, 507, 509, 510, 512, 513, 514, 515, 517, 518, 520], "excluded_lines": [], "start_line": 430}, "": {"executed_lines": [1, 2, 3, 4, 5, 6, 7, 8, 9, 13, 14, 15, 16, 17, 18, 19, 21, 23, 24, 26, 27, 28, 29, 30, 31, 32, 33, 34, 36, 38, 52, 55, 58, 96, 132, 135, 170, 180, 189, 239, 261, 289, 348, 381, 386, 412, 417, 430, 433, 457, 498, 526], "summary": {"covered_lines": 52, "num_statements": 61, "percent_covered": 85.24590163934427, "percent_covered_display": "85", "missing_lines": 9, "excluded_lines": 0, "percent_statements_covered": 85.24590163934427, "percent_statements_covered_display": "85"}, "missing_lines": [10, 11, 12, 528, 534, 537, 540, 541, 542], "excluded_lines": [], "start_line": 1}}}, "C:\\Users\\Theo-Kyei\\Desktop\\gsl\\api\\services\\speech_recognition_service.py": {"executed_lines": [], "summary": {"covered_lines": 0, "num_statements": 373, "percent_covered": 0.0, "percent_covered_display": "0", "missing_lines": 373, "excluded_lines": 0, "percent_statements_covered": 0.0, "percent_statements_covered_display": "0"}, "missing_lines": [1, 2, 3, 4, 5, 6, 7, 8, 9, 10, 11, 12, 13, 14, 15, 16, 17, 18, 19, 20, 21, 22, 23, 25, 27, 28, 30, 31, 32, 33, 34, 35, 36, 37, 38, 39, 40, 41, 42, 43, 44, 45, 46, 47, 48, 49, 50, 51, 53, 56, 57, 58, 59, 60, 61, 62, 63, 64, 65, 68, 69, 70, 73, 75, 77, 79, 80, 83, 84, 85, 92, 94, 95, 97, 98, 99, 101, 103, 104, 105, 106, 109, 110, 112, 113, 115, 117, 119, 120, 122, 124, 127, 132, 133, 135, 136, 137, 139, 141, 143, 144, 147, 148, 149, 150, 151, 153, 156, 157, 160, 161, 162, 165, 167, 174, 175, 176, 178, 180, 182, 185, 186, 187, 189, 191, 192, 193, 195, 197, 199, 202, 204, 206, 207, 208, 210, 212, 213, 214, 215, 217, 219, 221, 223, 224, 233, 235, 242, 261, 264, 265, 266, 268, 270, 280, 281, 282, 290, 292, 293, 294, 296, 297, 298, 299, 301, 303, 304, 306, 307, 310, 313, 316, 318, 321, 324, 327, 328, 329, 331, 333, 334, 335, 343, 344, 345, 347, 349, 351, 352, 354, 356, 359, 360, 363, 366, 369, 371, 373, 374, 375, 383, 385, 386, 388, 390, 391, 392, 395, 396, 397, 399, 400, 402, 404, 405, 406, 408, 410, 423, 425, 426, 428, 430, 431, 434, 437, 438, 439, 440, 442, 444, 447, 452, 454, 455, 457, 461, 463, 467, 475, 476, 477, 478, 479, 480, 482, 483, 484, 485, 486, 487, 488, 489, 490, 491, 493, 494, 495, 496, 498, 499, 500, 501, 502, 503, 504, 505, 506, 507, 508, 509, 511, 512, 513, 514, 515, 516, 517, 519, 520, 521, 533, 534, 535, 536, 537, 538, 539, 540, 541, 542, 543, 544, 545, 547, 548, 549, 550, 551, 552, 553, 564, 565, 566, 579, 580, 582, 583, 584, 585, 586, 587, 588, 589, 590, 591, 592, 593, 595, 596, 597, 598, 599, 600, 601, 612, 613, 614, 627, 628, 629, 630, 631, 632, 633, 639, 640, 641, 642, 648, 649, 650, 658, 659, 660, 669, 670, 671, 672, 673, 674, 675, 676, 677, 678, 680, 681, 682, 685, 688, 690, 691, 692, 695, 697, 705, 708, 711, 713, 714, 715, 717], "excluded_lines": [], "functions": {"SpeechRecognitionService.__init__": {"executed_lines": [], "summary": {"covered_lines": 0, "num_statements": 14, "percent_covered": 0.0, "percent_covered_display": "0", "missing_lines": 14, "excluded_lines": 0, "percent_statements_covered": 0.0, "percent_statements_covered_display": "0"}, "missing_lines": [57, 58, 59, 60, 61, 62, 63, 64, 65, 68, 69, 70, 73, 75], "excluded_lines": [], "start_line": 56}, "SpeechRecognitionService.load_model": {"executed_lines": [], "summary": {"covered_lines": 0, "num_statements": 11, "percent_covered": 0.0, "percent_covered_display": "0", "missing_lines": 11, "excluded_lines": 0, "percent_statements_covered": 0.0, "percent_statements_covered_display": "0"}, "missing_lines": [79, 80, 83, 84, 85, 92, 94, 95, 97, 98, 99], "excluded_lines": [], "start_line": 77}, "SpeechRecognitionService.unload_model": {"executed_lines": [], "summary": {"covered_lines": 0, "num_statements": 9, "percent_covered": 0.0, "percent_covered_display": "0", "missing_lines": 9, "excluded_lines": 0, "percent_statements_covered": 0.0, "percent_statements_covered_display": "0"}, "missing_lines": [103, 104, 105, 106, 109, 110, 112, 113, 115], "excluded_lines": [], "start_line": 101}, "SpeechRecognitionService.resample_audio": {"executed_lines": [], "summary": {"covered_lines": 0, "num_statements": 10, "percent_covered": 0.0, "percent_covered_display": "0", "missing_lines": 10, "excluded_lines": 0, "percent_statements_covered": 0.0, "percent_statements_covered_display": "0"}, "missing_lines": [119, 120, 122, 124, 127, 132, 133, 135, 136, 137], "excluded_lines": [], "start_line": 117}, "SpeechRecognitionService.apply_voice_activity_detection": {"executed_lines": [], "summary": {"covered_lines": 0, "num_statements": 19, "percent_covered": 0.0, "percent_covered_display": "0", "missing_lines": 19, "excluded_lines": 0, "percent_statements_covered": 0.0, "percent_statements_covered_display": "0"}, "missing_lines": [141, 143, 144, 147, 148, 149, 150, 151, 153, 156, 157, 160, 161, 162, 165, 167, 174, 175, 176], "excluded_lines": [], "start_line": 139}, "SpeechRecognitionService.normalize_audio": {"executed_lines": [], "summary": {"covered_lines": 0, "num_statements": 9, "percent_covered": 0.0, "percent_covered_display": "0", "missing_lines": 9, "excluded_lines": 0, "percent_statements_covered": 0.0, "percent_statements_covered_display": "0"}, "missing_lines": [180, 182, 185, 186, 187, 189, 191, 192, 193], "excluded_lines": [], "start_line": 178}, "SpeechRecognitionService.preprocess_audio": {"executed_lines": [], "summary": {"covered_lines": 0, "num_statements": 7, "percent_covered": 0.0, "percent_covered_display": "0", "missing_lines": 7, "excluded_lines": 0, "percent_statements_covered": 0.0, "percent_statements_covered_display": "0"}, "missing_lines": [197, 199, 202, 204, 206, 207, 208], "excluded_lines": [], "start_line": 195}, "SpeechRecognitionService.transcribe_audio_chunk": {"executed_lines": [], "summary": {"covered_lines": 0, "num_statements": 21, "percent_covered": 0.0, "percent_covered_display": "0", "missing_lines": 21, "excluded_lines": 0, "percent_statements_covered": 0.0, "percent_statements_covered_display": "0"}, "missing_lines": [212, 213, 214, 215, 217, 219, 221, 223, 224, 233, 235, 242, 261, 264, 265, 266, 268, 270, 280, 281, 282], "excluded_lines": [], "start_line": 210}, "SpeechRecognitionService.process_audio_stream": {"executed_lines": [], "summary": {"covered_lines": 0, "num_statements": 29, "percent_covered": 0.0, "percent_covered_display": "0", "missing_lines": 29, "excluded_lines": 0, "percent_statements_covered": 0.0, "percent_statements_covered_display": "0"}, "missing_lines": [292, 293, 294, 296, 297, 298, 299, 301, 303, 304, 306, 307, 310, 313, 316, 318, 321, 324, 327, 328, 329, 331, 333, 334, 335, 343, 344, 345, 347], "excluded_lines": [], "start_line": 290}, "SpeechRecognitionService.transcribe_audio_file": {"executed_lines": [], "summary": {"covered_lines": 0, "num_statements": 13, "percent_covered": 0.0, "percent_covered_display": "0", "missing_lines": 13, "excluded_lines": 0, "percent_statements_covered": 0.0, "percent_statements_covered_display": "0"}, "missing_lines": [351, 352, 354, 356, 359, 360, 363, 366, 369, 371, 373, 374, 375], "excluded_lines": [], "start_line": 349}, "SpeechRecognitionService.get_supported_languages": {"executed_lines": [], "summary": {"covered_lines": 0, "num_statements": 15, "percent_covered": 0.0, "percent_covered_display": "0", "missing_lines": 15, "excluded_lines": 0, "percent_statements_covered": 0.0, "percent_statements_covered_display": "0"}, "missing_lines": [385, 386, 388, 390, 391, 392, 395, 396, 397, 399, 400, 402, 404, 405, 406], "excluded_lines": [], "start_line": 383}, "SpeechRecognitionService.get_model_info": {"executed_lines": [], "summary": {"covered_lines": 0, "num_statements": 1, "percent_covered": 0.0, "percent_covered_display": "0", "missing_lines": 1, "excluded_lines": 0, "percent_statements_covered": 0.0, "percent_statements_covered_display": "0"}, "missing_lines": [410], "excluded_lines": [], "start_line": 408}, "SpeechRecognitionService.reset_transcription": {"executed_lines": [], "summary": {"covered_lines": 0, "num_statements": 2, "percent_covered": 0.0, "percent_covered_display": "0", "missing_lines": 2, "excluded_lines": 0, "percent_statements_covered": 0.0, "percent_statements_covered_display": "0"}, "missing_lines": [425, 426], "excluded_lines": [], "start_line": 423}, "SpeechRecognitionService.stop_processing": {"executed_lines": [], "summary": {"covered_lines": 0, "num_statements": 2, "percent_covered": 0.0, "percent_covered_display": "0", "missing_lines": 2, "excluded_lines": 0, "percent_statements_covered": 0.0, "percent_statements_covered_display": "0"}, "missing_lines": [430, 431], "excluded_lines": [], "start_line": 428}, "AdvancedSpeechRecognitionService.__init__": {"executed_lines": [], "summary": {"covered_lines": 0, "num_statements": 3, "percent_covered": 0.0, "percent_covered_display": "0", "missing_lines": 3, "excluded_lines": 0, "percent_statements_covered": 0.0, "percent_statements_covered_display": "0"}, "missing_lines": [438, 439, 440], "excluded_lines": [], "start_line": 437}, "AdvancedSpeechRecognitionService.load_advanced_models": {"executed_lines": [], "summary": {"covered_lines": 0, "num_statements": 5, "percent_covered": 0.0, "percent_covered_display": "0", "missing_lines": 5, "excluded_lines": 0, "percent_statements_covered": 0.0, "percent_statements_covered_display": "0"}, "missing_lines": [444, 447, 452, 454, 455], "excluded_lines": [], "start_line": 442}, "AdvancedSpeechRecognitionService.apply_noise_suppression": {"executed_lines": [], "summary": {"covered_lines": 0, "num_statements": 1, "percent_covered": 0.0, "percent_covered_display": "0", "missing_lines": 1, "excluded_lines": 0, "percent_statements_covered": 0.0, "percent_statements_covered_display": "0"}, "missing_lines": [461], "excluded_lines": [], "start_line": 457}, "AdvancedSpeechRecognitionService.apply_speaker_diarization": {"executed_lines": [], "summary": {"covered_lines": 0, "num_statements": 1, "percent_covered": 0.0, "percent_covered_display": "0", "missing_lines": 1, "excluded_lines": 0, "percent_statements_covered": 0.0, "percent_statements_covered_display": "0"}, "missing_lines": [467], "excluded_lines": [], "start_line": 463}, "WhisperSpeechRecognitionService.__init__": {"executed_lines": [], "summary": {"covered_lines": 0, "num_statements": 4, "percent_covered": 0.0, "percent_covered_display": "0", "missing_lines": 4, "excluded_lines": 0, "percent_statements_covered": 0.0, "percent_statements_covered_display": "0"}, "missing_lines": [477, 478, 479, 480], "excluded_lines": [], "start_line": 476}, "WhisperSpeechRecognitionService._load_model": {"executed_lines": [], "summary": {"covered_lines": 0, "num_statements": 13, "percent_covered": 0.0, "percent_covered_display": "0", "missing_lines": 13, "excluded_lines": 0, "percent_statements_covered": 0.0, "percent_statements_covered_display": "0"}, "missing_lines": [483, 484, 485, 486, 487, 488, 489, 490, 491, 493, 494, 495, 496], "excluded_lines": [], "start_line": 482}, "WhisperSpeechRecognitionService._create_temp_audio_file": {"executed_lines": [], "summary": {"covered_lines": 0, "num_statements": 11, "percent_covered": 0.0, "percent_covered_display": "0", "missing_lines": 11, "excluded_lines": 0, "percent_statements_covered": 0.0, "percent_statements_covered_display": "0"}, "missing_lines": [499, 500, 501, 502, 503, 504, 505, 506, 507, 508, 509], "excluded_lines": [], "start_line": 498}, "WhisperSpeechRecognitionService._cleanup_temp_file": {"executed_lines": [], "summary": {"covered_lines": 0, "num_statements": 6, "percent_covered": 0.0, "percent_covered_display": "0", "missing_lines": 6, "excluded_lines": 0, "percent_statements_covered": 0.0, "percent_statements_covered_display": "0"}, "missing_lines": [512, 513, 514, 515, 516, 517], "excluded_lines": [], "start_line": 511}, "WhisperSpeechRecognitionService.transcribe_audio": {"executed_lines": [], "summary": {"covered_lines": 0, "num_statements": 27, "percent_covered": 0.0, "percent_covered_display": "0", "missing_lines": 27, "excluded_lines": 0, "percent_statements_covered": 0.0, "percent_statements_covered_display": "0"}, "missing_lines": [520, 521, 533, 534, 535, 536, 537, 538, 539, 540, 541, 542, 543, 544, 545, 547, 548, 549, 550, 551, 552, 553, 564, 565, 566, 579, 580], "excluded_lines": [], "start_line": 519}, "WhisperSpeechRecognitionService.transcribe_audio_file": {"executed_lines": [], "summary": {"covered_lines": 0, "num_statements": 21, "percent_covered": 0.0, "percent_covered_display": "0", "missing_lines": 21, "excluded_lines": 0, "percent_statements_covered": 0.0, "percent_statements_covered_display": "0"}, "missing_lines": [583, 584, 585, 586, 587, 588, 589, 590, 591, 592, 593, 595, 596, 597, 598, 599, 600, 601, 612, 613, 614], "excluded_lines": [], "start_line": 582}, "WhisperSpeechRecognitionService.detect_language": {"executed_lines": [], "summary": {"covered_lines": 0, "num_statements": 13, "percent_covered": 0.0, "percent_covered_display": "0", "missing_lines": 13, "excluded_lines": 0, "percent_statements_covered": 0.0, "percent_statements_covered_display": "0"}, "missing_lines": [628, 629, 630, 631, 632, 633, 639, 640, 641, 642, 648, 649, 650], "excluded_lines": [], "start_line": 627}, "WhisperSpeechRecognitionService.get_model_info": {"executed_lines": [], "summary": {"covered_lines": 0, "num_statements": 2, "percent_covered": 0.0, "percent_covered_display": "0", "missing_lines": 2, "excluded_lines": 0, "percent_statements_covered": 0.0, "percent_statements_covered_display": "0"}, "missing_lines": [659, 660], "excluded_lines": [], "start_line": 658}, "WhisperSpeechRecognitionService.update_config": {"executed_lines": [], "summary": {"covered_lines": 0, "num_statements": 9, "percent_covered": 0.0, "percent_covered_display": "0", "missing_lines": 9, "excluded_lines": 0, "percent_statements_covered": 0.0, "percent_statements_covered_display": "0"}, "missing_lines": [670, 671, 672, 673, 674, 675, 676, 677, 678], "excluded_lines": [], "start_line": 669}, "WhisperSpeechRecognitionService.transcribe_audio_async": {"executed_lines": [], "summary": {"covered_lines": 0, "num_statements": 2, "percent_covered": 0.0, "percent_covered_display": "0", "missing_lines": 2, "excluded_lines": 0, "percent_statements_covered": 0.0, "percent_statements_covered_display": "0"}, "missing_lines": [681, 682], "excluded_lines": [], "start_line": 680}, "get_whisper_speech_recognition_service": {"executed_lines": [], "summary": {"covered_lines": 0, "num_statements": 3, "percent_covered": 0.0, "percent_covered_display": "0", "missing_lines": 3, "excluded_lines": 0, "percent_statements_covered": 0.0, "percent_statements_covered_display": "0"}, "missing_lines": [690, 691, 692], "excluded_lines": [], "start_line": 688}, "test_transcription": {"executed_lines": [], "summary": {"covered_lines": 0, "num_statements": 2, "percent_covered": 0.0, "percent_covered_display": "0", "missing_lines": 2, "excluded_lines": 0, "percent_statements_covered": 0.0, "percent_statements_covered_display": "0"}, "missing_lines": [714, 715], "excluded_lines": [], "start_line": 713}, "": {"executed_lines": [], "summary": {"covered_lines": 0, "num_statements": 88, "percent_covered": 0.0, "percent_covered_display": "0", "missing_lines": 88, "excluded_lines": 0, "percent_statements_covered": 0.0, "percent_statements_covered_display": "0"}, "missing_lines": [1, 2, 3, 4, 5, 6, 7, 8, 9, 10, 11, 12, 13, 14, 15, 16, 17, 18, 19, 20, 21, 22, 23, 25, 27, 28, 30, 31, 32, 33, 34, 35, 36, 37, 38, 39, 40, 41, 42, 43, 44, 45, 46, 47, 48, 49, 50, 51, 53, 56, 77, 101, 117, 139, 178, 195, 210, 290, 349, 383, 408, 423, 428, 434, 437, 442, 457, 463, 475, 476, 482, 498, 511, 519, 582, 627, 658, 669, 680, 685, 688, 695, 697, 705, 708, 711, 713, 717], "excluded_lines": [], "start_line": 1}}, "classes": {"SpeechRecognitionConfig": {"executed_lines": [], "summary": {"covered_lines": 0, "num_statements": 0, "percent_covered": 100.0, "percent_covered_display": "100", "missing_lines": 0, "excluded_lines": 0, "percent_statements_covered": 100.0, "percent_statements_covered_display": "100"}, "missing_lines": [], "excluded_lines": [], "start_line": 28}, "SpeechRecognitionService": {"executed_lines": [], "summary": {"covered_lines": 0, "num_statements": 162, "percent_covered": 0.0, "percent_covered_display": "0", "missing_lines": 162, "excluded_lines": 0, "percent_statements_covered": 0.0, "percent_statements_covered_display": "0"}, "missing_lines": [57, 58, 59, 60, 61, 62, 63, 64, 65, 68, 69, 70, 73, 75, 79, 80, 83, 84, 85, 92, 94, 95, 97, 98, 99, 103, 104, 105, 106, 109, 110, 112, 113, 115, 119, 120, 122, 124, 127, 132, 133, 135, 136, 137, 141, 143, 144, 147, 148, 149, 150, 151, 153, 156, 157, 160, 161, 162, 165, 167, 174, 175, 176, 180, 182, 185, 186, 187, 189, 191, 192, 193, 197, 199, 202, 204, 206, 207, 208, 212, 213, 214, 215, 217, 219, 221, 223, 224, 233, 235, 242, 261, 264, 265, 266, 268, 270, 280, 281, 282, 292, 293, 294, 296, 297, 298, 299, 301, 303, 304, 306, 307, 310, 313, 316, 318, 321, 324, 327, 328, 329, 331, 333, 334, 335, 343, 344, 345, 347, 351, 352, 354, 356, 359, 360, 363, 366, 369, 371, 373, 374, 375, 385, 386, 388, 390, 391, 392, 395, 396, 397, 399, 400, 402, 404, 405, 406, 410, 425, 426, 430, 431], "excluded_lines": [], "start_line": 53}, "AdvancedSpeechRecognitionService": {"executed_lines": [], "summary": {"covered_lines": 0, "num_statements": 10, "percent_covered": 0.0, "percent_covered_display": "0", "missing_lines": 10, "excluded_lines": 0, "percent_statements_covered": 0.0, "percent_statements_covered_display": "0"}, "missing_lines": [438, 439, 440, 444, 447, 452, 454, 455, 461, 467], "excluded_lines": [], "start_line": 434}, "WhisperSpeechRecognitionService": {"executed_lines": [], "summary": {"covered_lines": 0, "num_statements": 108, "percent_covered": 0.0, "percent_covered_display": "0", "missing_lines": 108, "excluded_lines": 0, "percent_statements_covered": 0.0, "percent_statements_covered_display": "0"}, "missing_lines": [477, 478, 479, 480, 483, 484, 485, 486, 487, 488, 489, 490, 491, 493, 494, 495, 496, 499, 500, 501, 502, 503, 504, 505, 506, 507, 508, 509, 512, 513, 514, 515, 516, 517, 520, 521, 533, 534, 535, 536, 537, 538, 539, 540, 541, 542, 543, 544, 545, 547, 548, 549, 550, 551, 552, 553, 564, 565, 566, 579, 580, 583, 584, 585, 586, 587, 588, 589, 590, 591, 592, 593, 595, 596, 597, 598, 599, 600, 601, 612, 613, 614, 628, 629, 630, 631, 632, 633, 639, 640, 641, 642, 648, 649, 650, 659, 660, 670, 671, 672, 673, 674, 675, 676, 677, 678, 681, 682], "excluded_lines": [], "start_line": 475}, "": {"executed_lines": [], "summary": {"covered_lines": 0, "num_statements": 93, "percent_covered": 0.0, "percent_covered_display": "0", "missing_lines": 93, "excluded_lines": 0, "percent_statements_covered": 0.0, "percent_statements_covered_display": "0"}, "missing_lines": [1, 2, 3, 4, 5, 6, 7, 8, 9, 10, 11, 12, 13, 14, 15, 16, 17, 18, 19, 20, 21, 22, 23, 25, 27, 28, 30, 31, 32, 33, 34, 35, 36, 37, 38, 39, 40, 41, 42, 43, 44, 45, 46, 47, 48, 49, 50, 51, 53, 56, 77, 101, 117, 139, 178, 195, 210, 290, 349, 383, 408, 423, 428, 434, 437, 442, 457, 463, 475, 476, 482, 498, 511, 519, 582, 627, 658, 669, 680, 685, 688, 690, 691, 692, 695, 697, 705, 708, 711, 713, 714, 715, 717], "excluded_lines": [], "start_line": 1}}}, "C:\\Users\\Theo-Kyei\\Desktop\\gsl\\api\\services\\translation_service.py": {"executed_lines": [], "summary": {"covered_lines": 0, "num_statements": 291, "percent_covered": 0.0, "percent_covered_display": "0", "missing_lines": 291, "excluded_lines": 0, "percent_statements_covered": 0.0, "percent_statements_covered_display": "0"}, "missing_lines": [1, 2, 3, 4, 5, 6, 7, 8, 9, 10, 11, 12, 13, 14, 15, 16, 17, 18, 19, 20, 21, 22, 23, 24, 26, 28, 29, 31, 32, 33, 34, 35, 36, 37, 38, 39, 40, 41, 42, 45, 46, 47, 48, 50, 53, 55, 56, 57, 58, 59, 61, 63, 92, 94, 114, 116, 157, 159, 166, 168, 174, 176, 177, 178, 181, 184, 187, 190, 192, 194, 195, 196, 198, 201, 203, 205, 207, 209, 212, 213, 215, 216, 217, 219, 220, 222, 224, 227, 228, 229, 232, 234, 236, 238, 241, 243, 246, 248, 250, 252, 253, 255, 257, 259, 260, 261, 262, 263, 265, 267, 270, 271, 273, 274, 275, 277, 279, 281, 282, 284, 285, 286, 287, 288, 289, 293, 297, 298, 299, 300, 301, 302, 303, 304, 305, 306, 307, 308, 309, 310, 311, 312, 313, 314, 315, 317, 320, 321, 322, 323, 324, 325, 328, 329, 330, 331, 334, 336, 338, 340, 341, 343, 345, 348, 349, 351, 357, 360, 361, 362, 363, 367, 368, 369, 371, 374, 376, 377, 378, 380, 381, 383, 384, 386, 389, 401, 402, 403, 406, 417, 418, 419, 421, 423, 425, 426, 427, 430, 431, 434, 435, 436, 437, 439, 441, 443, 445, 446, 447, 449, 451, 453, 455, 456, 457, 460, 461, 465, 468, 469, 471, 479, 480, 481, 489, 491, 493, 494, 495, 498, 501, 503, 506, 508, 510, 511, 512, 513, 516, 517, 520, 523, 525, 527, 528, 530, 532, 534, 535, 536, 539, 542, 543, 545, 553, 554, 555, 563, 565, 566, 567, 569, 570, 571, 573, 575, 586, 588, 590, 592, 595, 597, 603, 605, 607, 610, 611, 612, 615, 616, 617, 620, 622, 624, 625, 627, 628, 629, 636, 637, 638], "excluded_lines": [], "functions": {"GSLGrammarRules.__init__": {"executed_lines": [], "summary": {"covered_lines": 0, "num_statements": 5, "percent_covered": 0.0, "percent_covered_display": "0", "missing_lines": 5, "excluded_lines": 0, "percent_statements_covered": 0.0, "percent_statements_covered_display": "0"}, "missing_lines": [55, 56, 57, 58, 59], "excluded_lines": [], "start_line": 53}, "GSLGrammarRules._load_grammar_rules": {"executed_lines": [], "summary": {"covered_lines": 0, "num_statements": 1, "percent_covered": 0.0, "percent_covered_display": "0", "missing_lines": 1, "excluded_lines": 0, "percent_statements_covered": 0.0, "percent_statements_covered_display": "0"}, "missing_lines": [63], "excluded_lines": [], "start_line": 61}, "GSLGrammarRules._get_sentence_structures": {"executed_lines": [], "summary": {"covered_lines": 0, "num_statements": 1, "percent_covered": 0.0, "percent_covered_display": "0", "missing_lines": 1, "excluded_lines": 0, "percent_statements_covered": 0.0, "percent_statements_covered_display": "0"}, "missing_lines": [94], "excluded_lines": [], "start_line": 92}, "GSLGrammarRules._get_common_phrases": {"executed_lines": [], "summary": {"covered_lines": 0, "num_statements": 1, "percent_covered": 0.0, "percent_covered_display": "0", "missing_lines": 1, "excluded_lines": 0, "percent_statements_covered": 0.0, "percent_statements_covered_display": "0"}, "missing_lines": [116], "excluded_lines": [], "start_line": 114}, "GSLGrammarRules._get_temporal_markers": {"executed_lines": [], "summary": {"covered_lines": 0, "num_statements": 1, "percent_covered": 0.0, "percent_covered_display": "0", "missing_lines": 1, "excluded_lines": 0, "percent_statements_covered": 0.0, "percent_statements_covered_display": "0"}, "missing_lines": [159], "excluded_lines": [], "start_line": 157}, "GSLGrammarRules._get_spatial_markers": {"executed_lines": [], "summary": {"covered_lines": 0, "num_statements": 1, "percent_covered": 0.0, "percent_covered_display": "0", "missing_lines": 1, "excluded_lines": 0, "percent_statements_covered": 0.0, "percent_statements_covered_display": "0"}, "missing_lines": [168], "excluded_lines": [], "start_line": 166}, "GSLGrammarRules.apply_grammar_rules": {"executed_lines": [], "summary": {"covered_lines": 0, "num_statements": 11, "percent_covered": 0.0, "percent_covered_display": "0", "missing_lines": 11, "excluded_lines": 0, "percent_statements_covered": 0.0, "percent_statements_covered_display": "0"}, "missing_lines": [176, 177, 178, 181, 184, 187, 190, 192, 194, 195, 196], "excluded_lines": [], "start_line": 174}, "GSLGrammarRules._apply_word_order": {"executed_lines": [], "summary": {"covered_lines": 0, "num_statements": 4, "percent_covered": 0.0, "percent_covered_display": "0", "missing_lines": 4, "excluded_lines": 0, "percent_statements_covered": 0.0, "percent_statements_covered_display": "0"}, "missing_lines": [201, 203, 205, 207], "excluded_lines": [], "start_line": 198}, "GSLGrammarRules._apply_tense_markers": {"executed_lines": [], "summary": {"covered_lines": 0, "num_statements": 8, "percent_covered": 0.0, "percent_covered_display": "0", "missing_lines": 8, "excluded_lines": 0, "percent_statements_covered": 0.0, "percent_statements_covered_display": "0"}, "missing_lines": [212, 213, 215, 216, 217, 219, 220, 222], "excluded_lines": [], "start_line": 209}, "GSLGrammarRules._apply_negation_rules": {"executed_lines": [], "summary": {"covered_lines": 0, "num_statements": 5, "percent_covered": 0.0, "percent_covered_display": "0", "missing_lines": 5, "excluded_lines": 0, "percent_statements_covered": 0.0, "percent_statements_covered_display": "0"}, "missing_lines": [227, 228, 229, 232, 234], "excluded_lines": [], "start_line": 224}, "GSLGrammarRules._apply_question_rules": {"executed_lines": [], "summary": {"covered_lines": 0, "num_statements": 5, "percent_covered": 0.0, "percent_covered_display": "0", "missing_lines": 5, "excluded_lines": 0, "percent_statements_covered": 0.0, "percent_statements_covered_display": "0"}, "missing_lines": [238, 241, 243, 246, 248], "excluded_lines": [], "start_line": 236}, "GSLGrammarRules.translate_to_english": {"executed_lines": [], "summary": {"covered_lines": 0, "num_statements": 16, "percent_covered": 0.0, "percent_covered_display": "0", "missing_lines": 16, "excluded_lines": 0, "percent_statements_covered": 0.0, "percent_statements_covered_display": "0"}, "missing_lines": [252, 253, 255, 257, 259, 260, 261, 262, 263, 265, 267, 270, 271, 273, 274, 275], "excluded_lines": [], "start_line": 250}, "GSLGrammarRules._apply_english_grammar": {"executed_lines": [], "summary": {"covered_lines": 0, "num_statements": 1, "percent_covered": 0.0, "percent_covered_display": "0", "missing_lines": 1, "excluded_lines": 0, "percent_statements_covered": 0.0, "percent_statements_covered_display": "0"}, "missing_lines": [279], "excluded_lines": [], "start_line": 277}, "GSLTranslationModel.__init__": {"executed_lines": [], "summary": {"covered_lines": 0, "num_statements": 9, "percent_covered": 0.0, "percent_covered_display": "0", "missing_lines": 9, "excluded_lines": 0, "percent_statements_covered": 0.0, "percent_statements_covered_display": "0"}, "missing_lines": [285, 286, 287, 288, 289, 293, 297, 298, 299], "excluded_lines": [], "start_line": 284}, "GSLTranslationModel._create_positional_encoding": {"executed_lines": [], "summary": {"covered_lines": 0, "num_statements": 6, "percent_covered": 0.0, "percent_covered_display": "0", "missing_lines": 6, "excluded_lines": 0, "percent_statements_covered": 0.0, "percent_statements_covered_display": "0"}, "missing_lines": [301, 302, 303, 304, 305, 306], "excluded_lines": [], "start_line": 300}, "GSLTranslationModel.forward": {"executed_lines": [], "summary": {"covered_lines": 0, "num_statements": 8, "percent_covered": 0.0, "percent_covered_display": "0", "missing_lines": 8, "excluded_lines": 0, "percent_statements_covered": 0.0, "percent_statements_covered_display": "0"}, "missing_lines": [308, 309, 310, 311, 312, 313, 314, 315], "excluded_lines": [], "start_line": 307}, "GSLTranslationService.__init__": {"executed_lines": [], "summary": {"covered_lines": 0, "num_statements": 11, "percent_covered": 0.0, "percent_covered_display": "0", "missing_lines": 11, "excluded_lines": 0, "percent_statements_covered": 0.0, "percent_statements_covered_display": "0"}, "missing_lines": [321, 322, 323, 324, 325, 328, 329, 330, 331, 334, 336], "excluded_lines": [], "start_line": 320}, "GSLTranslationService.load_model": {"executed_lines": [], "summary": {"covered_lines": 0, "num_statements": 24, "percent_covered": 0.0, "percent_covered_display": "0", "missing_lines": 24, "excluded_lines": 0, "percent_statements_covered": 0.0, "percent_statements_covered_display": "0"}, "missing_lines": [340, 341, 343, 345, 348, 349, 351, 357, 360, 361, 362, 363, 367, 368, 369, 371, 374, 376, 377, 378, 380, 381, 383, 384], "excluded_lines": [], "start_line": 338}, "GSLTranslationService._build_basic_vocabularies": {"executed_lines": [], "summary": {"covered_lines": 0, "num_statements": 8, "percent_covered": 0.0, "percent_covered_display": "0", "missing_lines": 8, "excluded_lines": 0, "percent_statements_covered": 0.0, "percent_statements_covered_display": "0"}, "missing_lines": [389, 401, 402, 403, 406, 417, 418, 419], "excluded_lines": [], "start_line": 386}, "GSLTranslationService.gsl_sequence_to_tokens": {"executed_lines": [], "summary": {"covered_lines": 0, "num_statements": 11, "percent_covered": 0.0, "percent_covered_display": "0", "missing_lines": 11, "excluded_lines": 0, "percent_statements_covered": 0.0, "percent_statements_covered_display": "0"}, "missing_lines": [423, 425, 426, 427, 430, 431, 434, 435, 436, 437, 439], "excluded_lines": [], "start_line": 421}, "GSLTranslationService.tokens_to_english": {"executed_lines": [], "summary": {"covered_lines": 0, "num_statements": 6, "percent_covered": 0.0, "percent_covered_display": "0", "missing_lines": 6, "excluded_lines": 0, "percent_statements_covered": 0.0, "percent_statements_covered_display": "0"}, "missing_lines": [443, 445, 446, 447, 449, 451], "excluded_lines": [], "start_line": 441}, "GSLTranslationService.translate_gsl_to_english": {"executed_lines": [], "summary": {"covered_lines": 0, "num_statements": 12, "percent_covered": 0.0, "percent_covered_display": "0", "missing_lines": 12, "excluded_lines": 0, "percent_statements_covered": 0.0, "percent_statements_covered_display": "0"}, "missing_lines": [455, 456, 457, 460, 461, 465, 468, 469, 471, 479, 480, 481], "excluded_lines": [], "start_line": 453}, "GSLTranslationService._neural_translate_gsl_to_english": {"executed_lines": [], "summary": {"covered_lines": 0, "num_statements": 21, "percent_covered": 0.0, "percent_covered_display": "0", "missing_lines": 21, "excluded_lines": 0, "percent_statements_covered": 0.0, "percent_statements_covered_display": "0"}, "missing_lines": [491, 493, 494, 495, 498, 501, 503, 506, 508, 510, 511, 512, 513, 516, 517, 520, 523, 525, 527, 528, 530], "excluded_lines": [], "start_line": 489}, "GSLTranslationService.translate_english_to_gsl": {"executed_lines": [], "summary": {"covered_lines": 0, "num_statements": 10, "percent_covered": 0.0, "percent_covered_display": "0", "missing_lines": 10, "excluded_lines": 0, "percent_statements_covered": 0.0, "percent_statements_covered_display": "0"}, "missing_lines": [534, 535, 536, 539, 542, 543, 545, 553, 554, 555], "excluded_lines": [], "start_line": 532}, "GSLTranslationService._english_to_gsl_rule_based": {"executed_lines": [], "summary": {"covered_lines": 0, "num_statements": 6, "percent_covered": 0.0, "percent_covered_display": "0", "missing_lines": 6, "excluded_lines": 0, "percent_statements_covered": 0.0, "percent_statements_covered_display": "0"}, "missing_lines": [565, 566, 567, 569, 570, 571], "excluded_lines": [], "start_line": 563}, "GSLTranslationService.get_translation_info": {"executed_lines": [], "summary": {"covered_lines": 0, "num_statements": 1, "percent_covered": 0.0, "percent_covered_display": "0", "missing_lines": 1, "excluded_lines": 0, "percent_statements_covered": 0.0, "percent_statements_covered_display": "0"}, "missing_lines": [575], "excluded_lines": [], "start_line": 573}, "GSLTranslationService.get_grammar_rules": {"executed_lines": [], "summary": {"covered_lines": 0, "num_statements": 1, "percent_covered": 0.0, "percent_covered_display": "0", "missing_lines": 1, "excluded_lines": 0, "percent_statements_covered": 0.0, "percent_statements_covered_display": "0"}, "missing_lines": [588], "excluded_lines": [], "start_line": 586}, "GSLTranslationService.get_common_phrases": {"executed_lines": [], "summary": {"covered_lines": 0, "num_statements": 1, "percent_covered": 0.0, "percent_covered_display": "0", "missing_lines": 1, "excluded_lines": 0, "percent_statements_covered": 0.0, "percent_statements_covered_display": "0"}, "missing_lines": [592], "excluded_lines": [], "start_line": 590}, "test_translation": {"executed_lines": [], "summary": {"covered_lines": 0, "num_statements": 8, "percent_covered": 0.0, "percent_covered_display": "0", "missing_lines": 8, "excluded_lines": 0, "percent_statements_covered": 0.0, "percent_statements_covered_display": "0"}, "missing_lines": [607, 610, 611, 612, 615, 616, 617, 620], "excluded_lines": [], "start_line": 605}, "TranslationService.translate_sign_to_speech": {"executed_lines": [], "summary": {"covered_lines": 0, "num_statements": 3, "percent_covered": 0.0, "percent_covered_display": "0", "missing_lines": 3, "excluded_lines": 0, "percent_statements_covered": 0.0, "percent_statements_covered_display": "0"}, "missing_lines": [627, 628, 629], "excluded_lines": [], "start_line": 625}, "TranslationService.translate_speech_to_sign": {"executed_lines": [], "summary": {"covered_lines": 0, "num_statements": 2, "percent_covered": 0.0, "percent_covered_display": "0", "missing_lines": 2, "excluded_lines": 0, "percent_statements_covered": 0.0, "percent_statements_covered_display": "0"}, "missing_lines": [637, 638], "excluded_lines": [], "start_line": 636}, "": {"executed_lines": [], "summary": {"covered_lines": 0, "num_statements": 83, "percent_covered": 0.0, "percent_covered_display": "0", "missing_lines": 83, "excluded_lines": 0, "percent_statements_covered": 0.0, "percent_statements_covered_display": "0"}, "missing_lines": [1, 2, 3, 4, 5, 6, 7, 8, 9, 10, 11, 12, 13, 14, 15, 16, 17, 18, 19, 20, 21, 22, 23, 24, 26, 28, 29, 31, 32, 33, 34, 35, 36, 37, 38, 39, 40, 41, 42, 45, 46, 47, 48, 50, 53, 61, 92, 114, 157, 166, 174, 198, 209, 224, 236, 250, 277, 281, 282, 284, 300, 307, 317, 320, 338, 386, 421, 441, 453, 489, 532, 563, 573, 586, 590, 595, 597, 603, 605, 622, 624, 625, 636], "excluded_lines": [], "start_line": 1}}, "classes": {"TranslationConfig": {"executed_lines": [], "summary": {"covered_lines": 0, "num_statements": 0, "percent_covered": 100.0, "percent_covered_display": "100", "missing_lines": 0, "excluded_lines": 0, "percent_statements_covered": 100.0, "percent_statements_covered_display": "100"}, "missing_lines": [], "excluded_lines": [], "start_line": 29}, "GSLGrammarRules": {"executed_lines": [], "summary": {"covered_lines": 0, "num_statements": 60, "percent_covered": 0.0, "percent_covered_display": "0", "missing_lines": 60, "excluded_lines": 0, "percent_statements_covered": 0.0, "percent_statements_covered_display": "0"}, "missing_lines": [55, 56, 57, 58, 59, 63, 94, 116, 159, 168, 176, 177, 178, 181, 184, 187, 190, 192, 194, 195, 196, 201, 203, 205, 207, 212, 213, 215, 216, 217, 219, 220, 222, 227, 228, 229, 232, 234, 238, 241, 243, 246, 248, 252, 253, 255, 257, 259, 260, 261, 262, 263, 265, 267, 270, 271, 273, 274, 275, 279], "excluded_lines": [], "start_line": 50}, "GSLTranslationModel": {"executed_lines": [], "summary": {"covered_lines": 0, "num_statements": 23, "percent_covered": 0.0, "percent_covered_display": "0", "missing_lines": 23, "excluded_lines": 0, "percent_statements_covered": 0.0, "percent_statements_covered_display": "0"}, "missing_lines": [285, 286, 287, 288, 289, 293, 297, 298, 299, 301, 302, 303, 304, 305, 306, 308, 309, 310, 311, 312, 313, 314, 315], "excluded_lines": [], "start_line": 282}, "GSLTranslationService": {"executed_lines": [], "summary": {"covered_lines": 0, "num_statements": 112, "percent_covered": 0.0, "percent_covered_display": "0", "missing_lines": 112, "excluded_lines": 0, "percent_statements_covered": 0.0, "percent_statements_covered_display": "0"}, "missing_lines": [321, 322, 323, 324, 325, 328, 329, 330, 331, 334, 336, 340, 341, 343, 345, 348, 349, 351, 357, 360, 361, 362, 363, 367, 368, 369, 371, 374, 376, 377, 378, 380, 381, 383, 384, 389, 401, 402, 403, 406, 417, 418, 419, 423, 425, 426, 427, 430, 431, 434, 435, 436, 437, 439, 443, 445, 446, 447, 449, 451, 455, 456, 457, 460, 461, 465, 468, 469, 471, 479, 480, 481, 491, 493, 494, 495, 498, 501, 503, 506, 508, 510, 511, 512, 513, 516, 517, 520, 523, 525, 527, 528, 530, 534, 535, 536, 539, 542, 543, 545, 553, 554, 555, 565, 566, 567, 569, 570, 571, 575, 588, 592], "excluded_lines": [], "start_line": 317}, "TranslationService": {"executed_lines": [], "summary": {"covered_lines": 0, "num_statements": 5, "percent_covered": 0.0, "percent_covered_display": "0", "missing_lines": 5, "excluded_lines": 0, "percent_statements_covered": 0.0, "percent_statements_covered_display": "0"}, "missing_lines": [627, 628, 629, 637, 638], "excluded_lines": [], "start_line": 624}, "": {"executed_lines": [], "summary": {"covered_lines": 0, "num_statements": 91, "percent_covered": 0.0, "percent_covered_display": "0", "missing_lines": 91, "excluded_lines": 0, "percent_statements_covered": 0.0, "percent_statements_covered_display": "0"}, "missing_lines": [1, 2, 3, 4, 5, 6, 7, 8, 9, 10, 11, 12, 13, 14, 15, 16, 17, 18, 19, 20, 21, 22, 23, 24, 26, 28, 29, 31, 32, 33, 34, 35, 36, 37, 38, 39, 40, 41, 42, 45, 46, 47, 48, 50, 53, 61, 92, 114, 157, 166, 174, 198, 209, 224, 236, 250, 277, 281, 282, 284, 300, 307, 317, 320, 338, 386, 421, 441, 453, 489, 532, 563, 573, 586, 590, 595, 597, 603, 605, 607, 610, 611, 612, 615, 616, 617, 620, 622, 624, 625, 636], "excluded_lines": [], "start_line": 1}}}}, "totals": {"covered_lines": 287, "num_statements": 1707, "percent_covered": 16.81312243702402, "percent_covered_display": "17", "missing_lines": 1420, "excluded_lines": 0, "percent_statements_covered": 16.81312243702402, "percent_statements_covered_display": "17"}}