{"meta": {"format": 3, "version": "7.9.1", "timestamp": "2026-01-11T06:13:39.102541", "branch_coverage": false, "show_contexts": false}, "files": {"C:\\Users\\Theo-Kyei\\Desktop\\gsl\\api\\services\\avatar_service.py": {"executed_lines": [], "summary": {"covered_lines": 0, "num_statements": 6, "percent_covered": 0.0, "percent_covered_display": "0", "missing_lines": 6, "excluded_lines": 0}, "missing_lines": [1, 2, 4, 5, 7, 8], "excluded_lines": [], "functions": {"AvatarService.render_avatar": {"executed_lines": [], "summary": {"covered_lines": 0, "num_statements": 2, "percent_covered": 0.0, "percent_covered_display": "0", "missing_lines": 2, "excluded_lines": 0}, "missing_lines": [7, 8], "excluded_lines": []}, "": {"executed_lines": [], "summary": {"covered_lines": 0, "num_statements": 4, "percent_covered": 0.0, "percent_covered_display": "0", "missing_lines": 4, "excluded_lines": 0}, "missing_lines": [1, 2, 4, 5], "excluded_lines": []}}, "classes": {"AvatarService": {"executed_lines": [], "summary": {"covered_lines": 0, "num_statements": 2, "percent_covered": 0.0, "percent_covered_display": "0", "missing_lines": 2, "excluded_lines": 0}, "missing_lines": [7, 8], "excluded_lines": []}, "": {"executed_lines": [], "summary": {"covered_lines": 0, "num_statements": 4, "percent_covered": 0.0, "percent_covered_display": "0", "missing_lines": 4, "excluded_lines": 0}, "missing_lines": [1, 2, 4, 5], "excluded_lines": []}}}, "C:\\Users\\Theo-Kyei\\Desktop\\gsl\\api\\services\\gsl_dictionary_service.py": {"executed_lines": [], "summary": {"covered_lines": 0, "num_statements": 178, "percent_covered": 0.0, "percent_covered_display": "0", "missing_lines": 178, "excluded_lines": 0}, "missing_lines": [1, 2, 3, 4, 5, 6, 7, 8, 10, 12, 13, 15, 16, 17, 18, 19, 20, 21, 22, 23, 24, 25, 26, 27, 28, 30, 31, 32, 33, 34, 36, 37, 39, 40, 41, 42, 44, 47, 48, 49, 51, 53, 55, 57, 60, 63, 75, 76, 78, 79, 80, 82, 84, 86, 88, 89, 90, 91, 92, 93, 96, 97, 98, 99, 100, 101, 102, 103, 104, 106, 107, 108, 110, 112, 114, 117, 127, 128, 129, 130, 131, 134, 135, 138, 146, 149, 150, 152, 153, 155, 157, 160, 162, 163, 164, 165, 168, 169, 171, 172, 175, 176, 177, 180, 182, 183, 190, 192, 194, 196, 197, 200, 209, 210, 211, 212, 214, 216, 219, 220, 221, 222, 224, 226, 228, 229, 230, 231, 233, 235, 236, 237, 238, 240, 242, 243, 246, 253, 254, 272, 273, 275, 277, 278, 279, 280, 281, 283, 284, 285, 286, 287, 288, 289, 290, 292, 293, 294, 295, 296, 297, 298, 299, 300, 302, 303, 306, 308, 309, 311, 312, 313, 314, 317, 318, 319, 321, 322], "excluded_lines": [], "functions": {"GSLSign.__post_init__": {"executed_lines": [], "summary": {"covered_lines": 0, "num_statements": 4, "percent_covered": 0.0, "percent_covered_display": "0", "missing_lines": 4, "excluded_lines": 0}, "missing_lines": [31, 32, 33, 34], "excluded_lines": []}, "GSLDictionaryExtractor.__init__": {"executed_lines": [], "summary": {"covered_lines": 0, "num_statements": 2, "percent_covered": 0.0, "percent_covered_display": "0", "missing_lines": 2, "excluded_lines": 0}, "missing_lines": [48, 49], "excluded_lines": []}, "GSLDictionaryExtractor.extract_dictionary": {"executed_lines": [], "summary": {"covered_lines": 0, "num_statements": 10, "percent_covered": 0.0, "percent_covered_display": "0", "missing_lines": 10, "excluded_lines": 0}, "missing_lines": [53, 55, 57, 60, 63, 75, 76, 78, 79, 80], "excluded_lines": []}, "GSLDictionaryExtractor._extract_text_content": {"executed_lines": [], "summary": {"covered_lines": 0, "num_statements": 21, "percent_covered": 0.0, "percent_covered_display": "0", "missing_lines": 21, "excluded_lines": 0}, "missing_lines": [84, 86, 88, 89, 90, 91, 92, 93, 96, 97, 98, 99, 100, 101, 102, 103, 104, 106, 107, 108, 110], "excluded_lines": []}, "GSLDictionaryExtractor._parse_sign_entries": {"executed_lines": [], "summary": {"covered_lines": 0, "num_statements": 15, "percent_covered": 0.0, "percent_covered_display": "0", "missing_lines": 15, "excluded_lines": 0}, "missing_lines": [114, 117, 127, 128, 129, 130, 131, 134, 135, 138, 146, 149, 150, 152, 153], "excluded_lines": []}, "GSLDictionaryExtractor._advanced_parsing": {"executed_lines": [], "summary": {"covered_lines": 0, "num_statements": 18, "percent_covered": 0.0, "percent_covered_display": "0", "missing_lines": 18, "excluded_lines": 0}, "missing_lines": [157, 160, 162, 163, 164, 165, 168, 169, 171, 172, 175, 176, 177, 180, 182, 183, 190, 192], "excluded_lines": []}, "GSLDictionaryExtractor._categorize_sign": {"executed_lines": [], "summary": {"covered_lines": 0, "num_statements": 8, "percent_covered": 0.0, "percent_covered_display": "0", "missing_lines": 8, "excluded_lines": 0}, "missing_lines": [196, 197, 200, 209, 210, 211, 212, 214], "excluded_lines": []}, "GSLDictionaryExtractor._determine_complexity": {"executed_lines": [], "summary": {"covered_lines": 0, "num_statements": 5, "percent_covered": 0.0, "percent_covered_display": "0", "missing_lines": 5, "excluded_lines": 0}, "missing_lines": [219, 220, 221, 222, 224], "excluded_lines": []}, "GSLDictionaryExtractor._extract_categories": {"executed_lines": [], "summary": {"covered_lines": 0, "num_statements": 4, "percent_covered": 0.0, "percent_covered_display": "0", "missing_lines": 4, "excluded_lines": 0}, "missing_lines": [228, 229, 230, 231], "excluded_lines": []}, "GSLDictionaryExtractor._extract_complexity_levels": {"executed_lines": [], "summary": {"covered_lines": 0, "num_statements": 4, "percent_covered": 0.0, "percent_covered_display": "0", "missing_lines": 4, "excluded_lines": 0}, "missing_lines": [235, 236, 237, 238], "excluded_lines": []}, "GSLDictionaryExtractor.save_to_json": {"executed_lines": [], "summary": {"covered_lines": 0, "num_statements": 8, "percent_covered": 0.0, "percent_covered_display": "0", "missing_lines": 8, "excluded_lines": 0}, "missing_lines": [242, 243, 246, 253, 254, 272, 273, 275], "excluded_lines": []}, "GSLDictionaryService.__init__": {"executed_lines": [], "summary": {"covered_lines": 0, "num_statements": 3, "percent_covered": 0.0, "percent_covered_display": "0", "missing_lines": 3, "excluded_lines": 0}, "missing_lines": [279, 280, 281], "excluded_lines": []}, "GSLDictionaryService._load_index": {"executed_lines": [], "summary": {"covered_lines": 0, "num_statements": 7, "percent_covered": 0.0, "percent_covered_display": "0", "missing_lines": 7, "excluded_lines": 0}, "missing_lines": [284, 285, 286, 287, 288, 289, 290], "excluded_lines": []}, "GSLDictionaryService.search_signs": {"executed_lines": [], "summary": {"covered_lines": 0, "num_statements": 8, "percent_covered": 0.0, "percent_covered_display": "0", "missing_lines": 8, "excluded_lines": 0}, "missing_lines": [293, 294, 295, 296, 297, 298, 299, 300], "excluded_lines": []}, "GSLDictionaryService.get_sign_by_id": {"executed_lines": [], "summary": {"covered_lines": 0, "num_statements": 1, "percent_covered": 0.0, "percent_covered_display": "0", "missing_lines": 1, "excluded_lines": 0}, "missing_lines": [303], "excluded_lines": []}, "": {"executed_lines": [], "summary": {"covered_lines": 0, "num_statements": 60, "percent_covered": 0.0, "percent_covered_display": "0", "missing_lines": 60, "excluded_lines": 0}, "missing_lines": [1, 2, 3, 4, 5, 6, 7, 8, 10, 12, 13, 15, 16, 17, 18, 19, 20, 21, 22, 23, 24, 25, 26, 27, 28, 30, 36, 37, 39, 40, 41, 42, 44, 47, 51, 82, 112, 155, 194, 216, 226, 233, 240, 277, 278, 283, 292, 302, 306, 308, 309, 311, 312, 313, 314, 317, 318, 319, 321, 322], "excluded_lines": []}}, "classes": {"GSLSign": {"executed_lines": [], "summary": {"covered_lines": 0, "num_statements": 4, "percent_covered": 0.0, "percent_covered_display": "0", "missing_lines": 4, "excluded_lines": 0}, "missing_lines": [31, 32, 33, 34], "excluded_lines": []}, "GSLDictionary": {"executed_lines": [], "summary": {"covered_lines": 0, "num_statements": 0, "percent_covered": 100.0, "percent_covered_display": "100", "missing_lines": 0, "excluded_lines": 0}, "missing_lines": [], "excluded_lines": []}, "GSLDictionaryExtractor": {"executed_lines": [], "summary": {"covered_lines": 0, "num_statements": 95, "percent_covered": 0.0, "percent_covered_display": "0", "missing_lines": 95, "excluded_lines": 0}, "missing_lines": [48, 49, 53, 55, 57, 60, 63, 75, 76, 78, 79, 80, 84, 86, 88, 89, 90, 91, 92, 93, 96, 97, 98, 99, 100, 101, 102, 103, 104, 106, 107, 108, 110, 114, 117, 127, 128, 129, 130, 131, 134, 135, 138, 146, 149, 150, 152, 153, 157, 160, 162, 163, 164, 165, 168, 169, 171, 172, 175, 176, 177, 180, 182, 183, 190, 192, 196, 197, 200, 209, 210, 211, 212, 214, 219, 220, 221, 222, 224, 228, 229, 230, 231, 235, 236, 237, 238, 242, 243, 246, 253, 254, 272, 273, 275], "excluded_lines": []}, "GSLDictionaryService": {"executed_lines": [], "summary": {"covered_lines": 0, "num_statements": 19, "percent_covered": 0.0, "percent_covered_display": "0", "missing_lines": 19, "excluded_lines": 0}, "missing_lines": [279, 280, 281, 284, 285, 286, 287, 288, 289, 290, 293, 294, 295, 296, 297, 298, 299, 300, 303], "excluded_lines": []}, "": {"executed_lines": [], "summary": {"covered_lines": 0, "num_statements": 60, "percent_covered": 0.0, "percent_covered_display": "0", "missing_lines": 60, "excluded_lines": 0}, "missing_lines": [1, 2, 3, 4, 5, 6, 7, 8, 10, 12, 13, 15, 16, 17, 18, 19, 20, 21, 22, 23, 24, 25, 26, 27, 28, 30, 36, 37, 39, 40, 41, 42, 44, 47, 51, 82, 112, 155, 194, 216, 226, 233, 240, 277, 278, 283, 292, 302, 306, 308, 309, 311, 312, 313, 314, 317, 318, 319, 321, 322], "excluded_lines": []}}}, "C:\\Users\\Theo-Kyei\\Desktop\\gsl\\api\\services\\gsl_translation_engine.py": {"executed_lines": [], "summary": {"covered_lines": 0, "num_statements": 306, "percent_covered": 0.0, "percent_covered_display": "0", "missing_lines": 306, "excluded_lines": 0}, "missing_lines": [1, 2, 3, 4, 5, 6, 7, 8, 9, 10, 11, 12, 14, 16, 17, 19, 20, 21, 22, 23, 24, 25, 26, 27, 28, 31, 32, 33, 35, 38, 40, 97, 98, 99, 100, 101, 102, 105, 123, 137, 139, 140, 142, 144, 145, 146, 147, 149, 151, 152, 155, 156, 157, 159, 162, 163, 164, 165, 167, 168, 169, 172, 174, 176, 179, 181, 189, 197, 205, 208, 211, 214, 215, 216, 217, 218, 219, 221, 223, 225, 228, 229, 230, 231, 234, 235, 238, 239, 241, 243, 245, 248, 249, 250, 251, 252, 254, 256, 257, 259, 261, 264, 265, 267, 269, 272, 274, 275, 276, 278, 280, 283, 284, 285, 288, 289, 294, 295, 300, 307, 311, 318, 323, 326, 328, 330, 332, 333, 334, 337, 338, 340, 342, 344, 345, 346, 348, 351, 354, 355, 358, 361, 363, 365, 370, 373, 374, 377, 380, 387, 390, 392, 394, 400, 403, 405, 407, 410, 411, 412, 413, 416, 417, 418, 421, 422, 423, 425, 427, 429, 430, 431, 433, 435, 436, 437, 445, 447, 448, 449, 451, 453, 454, 455, 463, 465, 466, 468, 470, 471, 472, 475, 476, 477, 479, 482, 483, 485, 493, 494, 495, 497, 499, 501, 504, 506, 514, 515, 516, 518, 520, 522, 524, 525, 528, 531, 534, 536, 544, 545, 547, 549, 551, 553, 555, 556, 559, 562, 565, 567, 575, 576, 578, 580, 582, 583, 585, 586, 587, 589, 590, 592, 594, 598, 600, 603, 604, 606, 608, 609, 611, 613, 617, 619, 623, 625, 629, 631, 633, 634, 636, 637, 638, 639, 641, 643, 646, 647, 648, 651, 654, 657, 658, 660, 662, 663, 664, 666, 668, 669, 670, 672, 680, 682, 683, 685, 687, 688, 690, 691, 692, 694, 695, 696, 698, 699, 701, 703, 704, 706, 708, 720, 722, 725, 726, 727], "excluded_lines": [], "functions": {"GSLVocabulary.__init__": {"executed_lines": [], "summary": {"covered_lines": 0, "num_statements": 9, "percent_covered": 0.0, "percent_covered_display": "0", "missing_lines": 9, "excluded_lines": 0}, "missing_lines": [40, 97, 98, 99, 100, 101, 102, 105, 123], "excluded_lines": []}, "GSLVocabulary.get_gsl_sign": {"executed_lines": [], "summary": {"covered_lines": 0, "num_statements": 2, "percent_covered": 0.0, "percent_covered_display": "0", "missing_lines": 2, "excluded_lines": 0}, "missing_lines": [139, 140], "excluded_lines": []}, "GSLVocabulary.get_english_translation": {"executed_lines": [], "summary": {"covered_lines": 0, "num_statements": 4, "percent_covered": 0.0, "percent_covered_display": "0", "missing_lines": 4, "excluded_lines": 0}, "missing_lines": [144, 145, 146, 147], "excluded_lines": []}, "GSLVocabulary.process_ghanian_expression": {"executed_lines": [], "summary": {"covered_lines": 0, "num_statements": 15, "percent_covered": 0.0, "percent_covered_display": "0", "missing_lines": 15, "excluded_lines": 0}, "missing_lines": [151, 152, 155, 156, 157, 159, 162, 163, 164, 165, 167, 168, 169, 172, 174], "excluded_lines": []}, "GSLGrammarRules.__init__": {"executed_lines": [], "summary": {"covered_lines": 0, "num_statements": 3, "percent_covered": 0.0, "percent_covered_display": "0", "missing_lines": 3, "excluded_lines": 0}, "missing_lines": [181, 189, 197], "excluded_lines": []}, "GSLGrammarRules.apply_gsl_grammar": {"executed_lines": [], "summary": {"covered_lines": 0, "num_statements": 9, "percent_covered": 0.0, "percent_covered_display": "0", "missing_lines": 9, "excluded_lines": 0}, "missing_lines": [208, 211, 214, 215, 216, 217, 218, 219, 221], "excluded_lines": []}, "GSLGrammarRules._detect_sentence_type": {"executed_lines": [], "summary": {"covered_lines": 0, "num_statements": 10, "percent_covered": 0.0, "percent_covered_display": "0", "missing_lines": 10, "excluded_lines": 0}, "missing_lines": [225, 228, 229, 230, 231, 234, 235, 238, 239, 241], "excluded_lines": []}, "GSLGrammarRules._reorder_for_question": {"executed_lines": [], "summary": {"covered_lines": 0, "num_statements": 10, "percent_covered": 0.0, "percent_covered_display": "0", "missing_lines": 10, "excluded_lines": 0}, "missing_lines": [245, 248, 249, 250, 251, 252, 254, 256, 257, 259], "excluded_lines": []}, "GSLGrammarRules._reorder_for_negative": {"executed_lines": [], "summary": {"covered_lines": 0, "num_statements": 3, "percent_covered": 0.0, "percent_covered_display": "0", "missing_lines": 3, "excluded_lines": 0}, "missing_lines": [264, 265, 267], "excluded_lines": []}, "GSLGrammarRules._reorder_for_emphasis": {"executed_lines": [], "summary": {"covered_lines": 0, "num_statements": 5, "percent_covered": 0.0, "percent_covered_display": "0", "missing_lines": 5, "excluded_lines": 0}, "missing_lines": [272, 274, 275, 276, 278], "excluded_lines": []}, "GSLTranslationEngine.__init__": {"executed_lines": [], "summary": {"covered_lines": 0, "num_statements": 13, "percent_covered": 0.0, "percent_covered_display": "0", "missing_lines": 13, "excluded_lines": 0}, "missing_lines": [284, 285, 288, 289, 294, 295, 300, 307, 311, 318, 323, 326, 328], "excluded_lines": []}, "GSLTranslationEngine._create_positional_encoding": {"executed_lines": [], "summary": {"covered_lines": 0, "num_statements": 6, "percent_covered": 0.0, "percent_covered_display": "0", "missing_lines": 6, "excluded_lines": 0}, "missing_lines": [332, 333, 334, 337, 338, 340], "excluded_lines": []}, "GSLTranslationEngine._init_weights": {"executed_lines": [], "summary": {"covered_lines": 0, "num_statements": 3, "percent_covered": 0.0, "percent_covered_display": "0", "missing_lines": 3, "excluded_lines": 0}, "missing_lines": [344, 345, 346], "excluded_lines": []}, "GSLTranslationEngine.encode_gsl_sequence": {"executed_lines": [], "summary": {"covered_lines": 0, "num_statements": 6, "percent_covered": 0.0, "percent_covered_display": "0", "missing_lines": 6, "excluded_lines": 0}, "missing_lines": [351, 354, 355, 358, 361, 363], "excluded_lines": []}, "GSLTranslationEngine.decode_to_english": {"executed_lines": [], "summary": {"covered_lines": 0, "num_statements": 8, "percent_covered": 0.0, "percent_covered_display": "0", "missing_lines": 8, "excluded_lines": 0}, "missing_lines": [370, 373, 374, 377, 380, 387, 390, 392], "excluded_lines": []}, "GSLTranslationEngine.forward": {"executed_lines": [], "summary": {"covered_lines": 0, "num_statements": 3, "percent_covered": 0.0, "percent_covered_display": "0", "missing_lines": 3, "excluded_lines": 0}, "missing_lines": [400, 403, 405], "excluded_lines": []}, "GSLTranslationService.__init__": {"executed_lines": [], "summary": {"covered_lines": 0, "num_statements": 10, "percent_covered": 0.0, "percent_covered_display": "0", "missing_lines": 10, "excluded_lines": 0}, "missing_lines": [411, 412, 413, 416, 417, 418, 421, 422, 423, 425], "excluded_lines": []}, "GSLTranslationService.translate_gsl_to_english": {"executed_lines": [], "summary": {"covered_lines": 0, "num_statements": 7, "percent_covered": 0.0, "percent_covered_display": "0", "missing_lines": 7, "excluded_lines": 0}, "missing_lines": [429, 430, 431, 433, 435, 436, 437], "excluded_lines": []}, "GSLTranslationService.translate_english_to_gsl": {"executed_lines": [], "summary": {"covered_lines": 0, "num_statements": 7, "percent_covered": 0.0, "percent_covered_display": "0", "missing_lines": 7, "excluded_lines": 0}, "missing_lines": [447, 448, 449, 451, 453, 454, 455], "excluded_lines": []}, "GSLTranslationService._rule_based_translate_gsl_to_english": {"executed_lines": [], "summary": {"covered_lines": 0, "num_statements": 16, "percent_covered": 0.0, "percent_covered_display": "0", "missing_lines": 16, "excluded_lines": 0}, "missing_lines": [465, 466, 468, 470, 471, 472, 475, 476, 477, 479, 482, 483, 485, 493, 494, 495], "excluded_lines": []}, "GSLTranslationService._rule_based_translate_english_to_gsl": {"executed_lines": [], "summary": {"covered_lines": 0, "num_statements": 7, "percent_covered": 0.0, "percent_covered_display": "0", "missing_lines": 7, "excluded_lines": 0}, "missing_lines": [499, 501, 504, 506, 514, 515, 516], "excluded_lines": []}, "GSLTranslationService._neural_translate_gsl_to_english": {"executed_lines": [], "summary": {"covered_lines": 0, "num_statements": 11, "percent_covered": 0.0, "percent_covered_display": "0", "missing_lines": 11, "excluded_lines": 0}, "missing_lines": [520, 522, 524, 525, 528, 531, 534, 536, 544, 545, 547], "excluded_lines": []}, "GSLTranslationService._neural_translate_english_to_gsl": {"executed_lines": [], "summary": {"covered_lines": 0, "num_statements": 11, "percent_covered": 0.0, "percent_covered_display": "0", "missing_lines": 11, "excluded_lines": 0}, "missing_lines": [551, 553, 555, 556, 559, 562, 565, 567, 575, 576, 578], "excluded_lines": []}, "GSLTranslationService._gsl_signs_to_tokens": {"executed_lines": [], "summary": {"covered_lines": 0, "num_statements": 8, "percent_covered": 0.0, "percent_covered_display": "0", "missing_lines": 8, "excluded_lines": 0}, "missing_lines": [582, 583, 585, 586, 587, 589, 590, 592], "excluded_lines": []}, "GSLTranslationService._tokens_to_gsl_signs": {"executed_lines": [], "summary": {"covered_lines": 0, "num_statements": 1, "percent_covered": 0.0, "percent_covered_display": "0", "missing_lines": 1, "excluded_lines": 0}, "missing_lines": [598], "excluded_lines": []}, "GSLTranslationService._english_text_to_tokens": {"executed_lines": [], "summary": {"covered_lines": 0, "num_statements": 6, "percent_covered": 0.0, "percent_covered_display": "0", "missing_lines": 6, "excluded_lines": 0}, "missing_lines": [603, 604, 606, 608, 609, 611], "excluded_lines": []}, "GSLTranslationService._tokens_to_english_text": {"executed_lines": [], "summary": {"covered_lines": 0, "num_statements": 1, "percent_covered": 0.0, "percent_covered_display": "0", "missing_lines": 1, "excluded_lines": 0}, "missing_lines": [617], "excluded_lines": []}, "GSLTranslationService._generate_english_text": {"executed_lines": [], "summary": {"covered_lines": 0, "num_statements": 1, "percent_covered": 0.0, "percent_covered_display": "0", "missing_lines": 1, "excluded_lines": 0}, "missing_lines": [623], "excluded_lines": []}, "GSLTranslationService._generate_gsl_sequence": {"executed_lines": [], "summary": {"covered_lines": 0, "num_statements": 1, "percent_covered": 0.0, "percent_covered_display": "0", "missing_lines": 1, "excluded_lines": 0}, "missing_lines": [629], "excluded_lines": []}, "GSLTranslationService._capitalize_sentences": {"executed_lines": [], "summary": {"covered_lines": 0, "num_statements": 7, "percent_covered": 0.0, "percent_covered_display": "0", "missing_lines": 7, "excluded_lines": 0}, "missing_lines": [633, 634, 636, 637, 638, 639, 641], "excluded_lines": []}, "GSLTranslationService.train_step": {"executed_lines": [], "summary": {"covered_lines": 0, "num_statements": 11, "percent_covered": 0.0, "percent_covered_display": "0", "missing_lines": 11, "excluded_lines": 0}, "missing_lines": [646, 647, 648, 651, 654, 657, 658, 660, 662, 663, 664], "excluded_lines": []}, "GSLTranslationService.save_model": {"executed_lines": [], "summary": {"covered_lines": 0, "num_statements": 7, "percent_covered": 0.0, "percent_covered_display": "0", "missing_lines": 7, "excluded_lines": 0}, "missing_lines": [668, 669, 670, 672, 680, 682, 683], "excluded_lines": []}, "GSLTranslationService.load_model": {"executed_lines": [], "summary": {"covered_lines": 0, "num_statements": 13, "percent_covered": 0.0, "percent_covered_display": "0", "missing_lines": 13, "excluded_lines": 0}, "missing_lines": [687, 688, 690, 691, 692, 694, 695, 696, 698, 699, 701, 703, 704], "excluded_lines": []}, "GSLTranslationService.get_translation_info": {"executed_lines": [], "summary": {"covered_lines": 0, "num_statements": 1, "percent_covered": 0.0, "percent_covered_display": "0", "missing_lines": 1, "excluded_lines": 0}, "missing_lines": [708], "excluded_lines": []}, "get_gsl_translation_service": {"executed_lines": [], "summary": {"covered_lines": 0, "num_statements": 3, "percent_covered": 0.0, "percent_covered_display": "0", "missing_lines": 3, "excluded_lines": 0}, "missing_lines": [725, 726, 727], "excluded_lines": []}, "": {"executed_lines": [], "summary": {"covered_lines": 0, "num_statements": 68, "percent_covered": 0.0, "percent_covered_display": "0", "missing_lines": 68, "excluded_lines": 0}, "missing_lines": [1, 2, 3, 4, 5, 6, 7, 8, 9, 10, 11, 12, 14, 16, 17, 19, 20, 21, 22, 23, 24, 25, 26, 27, 28, 31, 32, 33, 35, 38, 137, 142, 149, 176, 179, 205, 223, 243, 261, 269, 280, 283, 330, 342, 348, 365, 394, 407, 410, 427, 445, 463, 497, 518, 549, 580, 594, 600, 613, 619, 625, 631, 643, 666, 685, 706, 720, 722], "excluded_lines": []}}, "classes": {"TranslationConfig": {"executed_lines": [], "summary": {"covered_lines": 0, "num_statements": 0, "percent_covered": 100.0, "percent_covered_display": "100", "missing_lines": 0, "excluded_lines": 0}, "missing_lines": [], "excluded_lines": []}, "GSLVocabulary": {"executed_lines": [], "summary": {"covered_lines": 0, "num_statements": 30, "percent_covered": 0.0, "percent_covered_display": "0", "missing_lines": 30, "excluded_lines": 0}, "missing_lines": [40, 97, 98, 99, 100, 101, 102, 105, 123, 139, 140, 144, 145, 146, 147, 151, 152, 155, 156, 157, 159, 162, 163, 164, 165, 167, 168, 169, 172, 174], "excluded_lines": []}, "GSLGrammarRules": {"executed_lines": [], "summary": {"covered_lines": 0, "num_statements": 40, "percent_covered": 0.0, "percent_covered_display": "0", "missing_lines": 40, "excluded_lines": 0}, "missing_lines": [181, 189, 197, 208, 211, 214, 215, 216, 217, 218, 219, 221, 225, 228, 229, 230, 231, 234, 235, 238, 239, 241, 245, 248, 249, 250, 251, 252, 254, 256, 257, 259, 264, 265, 267, 272, 274, 275, 276, 278], "excluded_lines": []}, "GSLTranslationEngine": {"executed_lines": [], "summary": {"covered_lines": 0, "num_statements": 39, "percent_covered": 0.0, "percent_covered_display": "0", "missing_lines": 39, "excluded_lines": 0}, "missing_lines": [284, 285, 288, 289, 294, 295, 300, 307, 311, 318, 323, 326, 328, 332, 333, 334, 337, 338, 340, 344, 345, 346, 351, 354, 355, 358, 361, 363, 370, 373, 374, 377, 380, 387, 390, 392, 400, 403, 405], "excluded_lines": []}, "GSLTranslationService": {"executed_lines": [], "summary": {"covered_lines": 0, "num_statements": 126, "percent_covered": 0.0, "percent_covered_display": "0", "missing_lines": 126, "excluded_lines": 0}, "missing_lines": [411, 412, 413, 416, 417, 418, 421, 422, 423, 425, 429, 430, 431, 433, 435, 436, 437, 447, 448, 449, 451, 453, 454, 455, 465, 466, 468, 470, 471, 472, 475, 476, 477, 479, 482, 483, 485, 493, 494, 495, 499, 501, 504, 506, 514, 515, 516, 520, 522, 524, 525, 528, 531, 534, 536, 544, 545, 547, 551, 553, 555, 556, 559, 562, 565, 567, 575, 576, 578, 582, 583, 585, 586, 587, 589, 590, 592, 598, 603, 604, 606, 608, 609, 611, 617, 623, 629, 633, 634, 636, 637, 638, 639, 641, 646, 647, 648, 651, 654, 657, 658, 660, 662, 663, 664, 668, 669, 670, 672, 680, 682, 683, 687, 688, 690, 691, 692, 694, 695, 696, 698, 699, 701, 703, 704, 708], "excluded_lines": []}, "": {"executed_lines": [], "summary": {"covered_lines": 0, "num_statements": 71, "percent_covered": 0.0, "percent_covered_display": "0", "missing_lines": 71, "excluded_lines": 0}, "missing_lines": [1, 2, 3, 4, 5, 6, 7, 8, 9, 10, 11, 12, 14, 16, 17, 19, 20, 21, 22, 23, 24, 25, 26, 27, 28, 31, 32, 33, 35, 38, 137, 142, 149, 176, 179, 205, 223, 243, 261, 269, 280, 283, 330, 342, 348, 365, 394, 407, 410, 427, 445, 463, 497, 518, 549, 580, 594, 600, 613, 619, 625, 631, 643, 666, 685, 706, 720, 722, 725, 726, 727], "excluded_lines": []}}}, "C:\\Users\\Theo-Kyei\\Desktop\\gsl\\api\\services\\mediapipe_service.py": {"executed_lines": [], "summary": {"covered_lines": 0, "num_statements": 255, "percent_covered": 0.0, "percent_covered_display": "0", "missing_lines": 255, "excluded_lines": 0}, "missing_lines": [1, 2, 3, 4, 5, 6, 7, 8, 11, 13, 14, 15, 16, 17, 18, 20, 21, 22, 23, 24, 25, 27, 28, 29, 30, 31, 33, 34, 35, 36, 37, 39, 40, 42, 43, 44, 45, 46, 49, 57, 65, 74, 95, 105, 107, 117, 119, 121, 122, 124, 125, 128, 131, 134, 137, 139, 141, 148, 149, 150, 157, 159, 162, 163, 166, 167, 170, 171, 173, 175, 177, 180, 181, 186, 189, 190, 192, 195, 196, 198, 201, 203, 205, 207, 209, 212, 219, 220, 228, 229, 230, 232, 234, 236, 238, 243, 244, 245, 253, 254, 255, 257, 259, 261, 267, 268, 271, 272, 279, 280, 282, 284, 286, 287, 290, 297, 298, 299, 301, 303, 305, 308, 336, 338, 339, 340, 343, 345, 346, 348, 349, 351, 353, 355, 357, 360, 362, 363, 364, 365, 366, 367, 368, 369, 371, 373, 375, 376, 379, 380, 382, 383, 385, 387, 389, 390, 391, 392, 395, 398, 399, 403, 406, 407, 411, 413, 415, 417, 420, 421, 422, 423, 426, 427, 428, 429, 431, 433, 434, 435, 436, 438, 440, 442, 444, 455, 456, 457, 458, 461, 462, 463, 464, 466, 468, 470, 478, 479, 480, 483, 484, 485, 486, 487, 488, 490, 491, 493, 494, 495, 496, 499, 500, 501, 503, 505, 506, 509, 510, 513, 514, 515, 516, 518, 520, 522, 525, 526, 527, 530, 531, 534, 535, 538, 539, 540, 541, 543, 545, 547, 548, 549, 550, 551, 552, 555, 557, 560, 563, 564, 567, 569, 570, 572, 574], "excluded_lines": [], "functions": {"MediaPipeService.__init__": {"executed_lines": [], "summary": {"covered_lines": 0, "num_statements": 11, "percent_covered": 0.0, "percent_covered_display": "0", "missing_lines": 11, "excluded_lines": 0}, "missing_lines": [42, 43, 44, 45, 46, 49, 57, 65, 74, 95, 105], "excluded_lines": []}, "MediaPipeService.process_frame": {"executed_lines": [], "summary": {"covered_lines": 0, "num_statements": 15, "percent_covered": 0.0, "percent_covered_display": "0", "missing_lines": 15, "excluded_lines": 0}, "missing_lines": [117, 119, 121, 122, 124, 125, 128, 131, 134, 137, 139, 141, 148, 149, 150], "excluded_lines": []}, "MediaPipeService._process_media_pipe": {"executed_lines": [], "summary": {"covered_lines": 0, "num_statements": 8, "percent_covered": 0.0, "percent_covered_display": "0", "missing_lines": 8, "excluded_lines": 0}, "missing_lines": [159, 162, 163, 166, 167, 170, 171, 173], "excluded_lines": []}, "MediaPipeService._extract_sign_language_features": {"executed_lines": [], "summary": {"covered_lines": 0, "num_statements": 12, "percent_covered": 0.0, "percent_covered_display": "0", "missing_lines": 12, "excluded_lines": 0}, "missing_lines": [177, 180, 181, 186, 189, 190, 192, 195, 196, 198, 201, 203], "excluded_lines": []}, "MediaPipeService._extract_hand_features": {"executed_lines": [], "summary": {"covered_lines": 0, "num_statements": 10, "percent_covered": 0.0, "percent_covered_display": "0", "missing_lines": 10, "excluded_lines": 0}, "missing_lines": [207, 209, 212, 219, 220, 228, 229, 230, 232, 234], "excluded_lines": []}, "MediaPipeService._extract_pose_features": {"executed_lines": [], "summary": {"covered_lines": 0, "num_statements": 8, "percent_covered": 0.0, "percent_covered_display": "0", "missing_lines": 8, "excluded_lines": 0}, "missing_lines": [238, 243, 244, 245, 253, 254, 255, 257], "excluded_lines": []}, "MediaPipeService._extract_face_features": {"executed_lines": [], "summary": {"covered_lines": 0, "num_statements": 8, "percent_covered": 0.0, "percent_covered_display": "0", "missing_lines": 8, "excluded_lines": 0}, "missing_lines": [261, 267, 268, 271, 272, 279, 280, 282], "excluded_lines": []}, "MediaPipeService._calculate_palm_orientation": {"executed_lines": [], "summary": {"covered_lines": 0, "num_statements": 7, "percent_covered": 0.0, "percent_covered_display": "0", "missing_lines": 7, "excluded_lines": 0}, "missing_lines": [286, 287, 290, 297, 298, 299, 301], "excluded_lines": []}, "MediaPipeService._calculate_finger_states": {"executed_lines": [], "summary": {"covered_lines": 0, "num_statements": 13, "percent_covered": 0.0, "percent_covered_display": "0", "missing_lines": 13, "excluded_lines": 0}, "missing_lines": [305, 308, 336, 338, 339, 340, 343, 345, 346, 348, 349, 351, 353], "excluded_lines": []}, "MediaPipeService._classify_hand_gesture": {"executed_lines": [], "summary": {"covered_lines": 0, "num_statements": 11, "percent_covered": 0.0, "percent_covered_display": "0", "missing_lines": 11, "excluded_lines": 0}, "missing_lines": [357, 360, 362, 363, 364, 365, 366, 367, 368, 369, 371], "excluded_lines": []}, "MediaPipeService._calculate_body_orientation": {"executed_lines": [], "summary": {"covered_lines": 0, "num_statements": 7, "percent_covered": 0.0, "percent_covered_display": "0", "missing_lines": 7, "excluded_lines": 0}, "missing_lines": [375, 376, 379, 380, 382, 383, 385], "excluded_lines": []}, "MediaPipeService._calculate_shoulder_angles": {"executed_lines": [], "summary": {"covered_lines": 0, "num_statements": 12, "percent_covered": 0.0, "percent_covered_display": "0", "missing_lines": 12, "excluded_lines": 0}, "missing_lines": [389, 390, 391, 392, 395, 398, 399, 403, 406, 407, 411, 413], "excluded_lines": []}, "MediaPipeService._calculate_arm_positions": {"executed_lines": [], "summary": {"covered_lines": 0, "num_statements": 16, "percent_covered": 0.0, "percent_covered_display": "0", "missing_lines": 16, "excluded_lines": 0}, "missing_lines": [417, 420, 421, 422, 423, 426, 427, 428, 429, 431, 433, 434, 435, 436, 438, 440], "excluded_lines": []}, "MediaPipeService._calculate_facial_expressions": {"executed_lines": [], "summary": {"covered_lines": 0, "num_statements": 10, "percent_covered": 0.0, "percent_covered_display": "0", "missing_lines": 10, "excluded_lines": 0}, "missing_lines": [444, 455, 456, 457, 458, 461, 462, 463, 464, 466], "excluded_lines": []}, "MediaPipeService._calculate_sign_language_metrics": {"executed_lines": [], "summary": {"covered_lines": 0, "num_statements": 29, "percent_covered": 0.0, "percent_covered_display": "0", "missing_lines": 29, "excluded_lines": 0}, "missing_lines": [470, 478, 479, 480, 483, 484, 485, 486, 487, 488, 490, 491, 493, 494, 495, 496, 499, 500, 501, 503, 505, 506, 509, 510, 513, 514, 515, 516, 518], "excluded_lines": []}, "MediaPipeService._calculate_overall_confidence": {"executed_lines": [], "summary": {"covered_lines": 0, "num_statements": 13, "percent_covered": 0.0, "percent_covered_display": "0", "missing_lines": 13, "excluded_lines": 0}, "missing_lines": [522, 525, 526, 527, 530, 531, 534, 535, 538, 539, 540, 541, 543], "excluded_lines": []}, "MediaPipeService.__del__": {"executed_lines": [], "summary": {"covered_lines": 0, "num_statements": 6, "percent_covered": 0.0, "percent_covered_display": "0", "missing_lines": 6, "excluded_lines": 0}, "missing_lines": [547, 548, 549, 550, 551, 552], "excluded_lines": []}, "test_mediapipe_service": {"executed_lines": [], "summary": {"covered_lines": 0, "num_statements": 7, "percent_covered": 0.0, "percent_covered_display": "0", "missing_lines": 7, "excluded_lines": 0}, "missing_lines": [557, 560, 563, 564, 567, 569, 570], "excluded_lines": []}, "": {"executed_lines": [], "summary": {"covered_lines": 0, "num_statements": 52, "percent_covered": 0.0, "percent_covered_display": "0", "missing_lines": 52, "excluded_lines": 0}, "missing_lines": [1, 2, 3, 4, 5, 6, 7, 8, 11, 13, 14, 15, 16, 17, 18, 20, 21, 22, 23, 24, 25, 27, 28, 29, 30, 31, 33, 34, 35, 36, 37, 39, 40, 107, 157, 175, 205, 236, 259, 284, 303, 355, 373, 387, 415, 442, 468, 520, 545, 555, 572, 574], "excluded_lines": []}}, "classes": {"LandmarkData": {"executed_lines": [], "summary": {"covered_lines": 0, "num_statements": 0, "percent_covered": 100.0, "percent_covered_display": "100", "missing_lines": 0, "excluded_lines": 0}, "missing_lines": [], "excluded_lines": []}, "HandFeatures": {"executed_lines": [], "summary": {"covered_lines": 0, "num_statements": 0, "percent_covered": 100.0, "percent_covered_display": "100", "missing_lines": 0, "excluded_lines": 0}, "missing_lines": [], "excluded_lines": []}, "PoseFeatures": {"executed_lines": [], "summary": {"covered_lines": 0, "num_statements": 0, "percent_covered": 100.0, "percent_covered_display": "100", "missing_lines": 0, "excluded_lines": 0}, "missing_lines": [], "excluded_lines": []}, "FaceFeatures": {"executed_lines": [], "summary": {"covered_lines": 0, "num_statements": 0, "percent_covered": 100.0, "percent_covered_display": "100", "missing_lines": 0, "excluded_lines": 0}, "missing_lines": [], "excluded_lines": []}, "MediaPipeService": {"executed_lines": [], "summary": {"covered_lines": 0, "num_statements": 196, "percent_covered": 0.0, "percent_covered_display": "0", "missing_lines": 196, "excluded_lines": 0}, "missing_lines": [42, 43, 44, 45, 46, 49, 57, 65, 74, 95, 105, 117, 119, 121, 122, 124, 125, 128, 131, 134, 137, 139, 141, 148, 149, 150, 159, 162, 163, 166, 167, 170, 171, 173, 177, 180, 181, 186, 189, 190, 192, 195, 196, 198, 201, 203, 207, 209, 212, 219, 220, 228, 229, 230, 232, 234, 238, 243, 244, 245, 253, 254, 255, 257, 261, 267, 268, 271, 272, 279, 280, 282, 286, 287, 290, 297, 298, 299, 301, 305, 308, 336, 338, 339, 340, 343, 345, 346, 348, 349, 351, 353, 357, 360, 362, 363, 364, 365, 366, 367, 368, 369, 371, 375, 376, 379, 380, 382, 383, 385, 389, 390, 391, 392, 395, 398, 399, 403, 406, 407, 411, 413, 417, 420, 421, 422, 423, 426, 427, 428, 429, 431, 433, 434, 435, 436, 438, 440, 444, 455, 456, 457, 458, 461, 462, 463, 464, 466, 470, 478, 479, 480, 483, 484, 485, 486, 487, 488, 490, 491, 493, 494, 495, 496, 499, 500, 501, 503, 505, 506, 509, 510, 513, 514, 515, 516, 518, 522, 525, 526, 527, 530, 531, 534, 535, 538, 539, 540, 541, 543, 547, 548, 549, 550, 551, 552], "excluded_lines": []}, "": {"executed_lines": [], "summary": {"covered_lines": 0, "num_statements": 59, "percent_covered": 0.0, "percent_covered_display": "0", "missing_lines": 59, "excluded_lines": 0}, "missing_lines": [1, 2, 3, 4, 5, 6, 7, 8, 11, 13, 14, 15, 16, 17, 18, 20, 21, 22, 23, 24, 25, 27, 28, 29, 30, 31, 33, 34, 35, 36, 37, 39, 40, 107, 157, 175, 205, 236, 259, 284, 303, 355, 373, 387, 415, 442, 468, 520, 545, 555, 557, 560, 563, 564, 567, 569, 570, 572, 574], "excluded_lines": []}}}, "C:\\Users\\Theo-Kyei\\Desktop\\gsl\\api\\services\\sign_recognition_service.py": {"executed_lines": [], "summary": {"covered_lines": 0, "num_statements": 264, "percent_covered": 0.0, "percent_covered_display": "0", "missing_lines": 264, "excluded_lines": 0}, "missing_lines": [1, 2, 3, 4, 5, 6, 7, 8, 9, 10, 11, 12, 13, 15, 17, 18, 20, 21, 22, 23, 24, 25, 26, 27, 28, 30, 32, 33, 35, 36, 37, 40, 41, 42, 44, 46, 47, 49, 52, 53, 54, 57, 60, 63, 70, 76, 85, 90, 99, 102, 105, 106, 109, 110, 112, 115, 118, 119, 122, 124, 126, 129, 130, 131, 134, 137, 138, 141, 142, 151, 152, 153, 156, 158, 160, 162, 163, 164, 165, 166, 167, 168, 170, 172, 177, 179, 181, 183, 186, 188, 189, 192, 195, 196, 197, 198, 199, 201, 204, 205, 206, 207, 209, 212, 214, 215, 216, 217, 219, 221, 223, 224, 225, 227, 229, 231, 232, 235, 238, 241, 243, 245, 246, 247, 249, 251, 254, 255, 258, 259, 260, 261, 264, 265, 266, 267, 268, 269, 271, 273, 274, 275, 277, 279, 281, 282, 283, 286, 289, 290, 293, 294, 297, 298, 299, 302, 305, 306, 307, 308, 309, 312, 313, 315, 324, 327, 328, 330, 332, 333, 334, 336, 338, 340, 343, 344, 347, 348, 349, 352, 358, 365, 366, 367, 369, 371, 372, 374, 376, 378, 379, 381, 382, 383, 384, 387, 389, 390, 392, 394, 395, 396, 398, 400, 402, 403, 405, 407, 418, 421, 422, 423, 424, 427, 430, 437, 443, 445, 447, 448, 449, 450, 452, 453, 456, 457, 458, 461, 462, 463, 466, 467, 468, 469, 471, 472, 474, 475, 477, 479, 486, 488, 489, 490, 491, 493, 494, 495, 497, 498, 500, 501, 502, 503, 505, 506, 508, 514, 516, 522, 525, 528, 529, 530], "excluded_lines": [], "functions": {"PositionalEncoding.__init__": {"executed_lines": [], "summary": {"covered_lines": 0, "num_statements": 8, "percent_covered": 0.0, "percent_covered_display": "0", "missing_lines": 8, "excluded_lines": 0}, "missing_lines": [33, 35, 36, 37, 40, 41, 42, 44], "excluded_lines": []}, "PositionalEncoding.forward": {"executed_lines": [], "summary": {"covered_lines": 0, "num_statements": 1, "percent_covered": 0.0, "percent_covered_display": "0", "missing_lines": 1, "excluded_lines": 0}, "missing_lines": [47], "excluded_lines": []}, "SignTransformer.__init__": {"executed_lines": [], "summary": {"covered_lines": 0, "num_statements": 8, "percent_covered": 0.0, "percent_covered_display": "0", "missing_lines": 8, "excluded_lines": 0}, "missing_lines": [53, 54, 57, 60, 63, 70, 76, 85], "excluded_lines": []}, "SignTransformer.forward": {"executed_lines": [], "summary": {"covered_lines": 0, "num_statements": 12, "percent_covered": 0.0, "percent_covered_display": "0", "missing_lines": 12, "excluded_lines": 0}, "missing_lines": [99, 102, 105, 106, 109, 110, 112, 115, 118, 119, 122, 124], "excluded_lines": []}, "SignRecognitionService.__init__": {"executed_lines": [], "summary": {"covered_lines": 0, "num_statements": 12, "percent_covered": 0.0, "percent_covered_display": "0", "missing_lines": 12, "excluded_lines": 0}, "missing_lines": [130, 131, 134, 137, 138, 141, 142, 151, 152, 153, 156, 158], "excluded_lines": []}, "SignRecognitionService.load_model": {"executed_lines": [], "summary": {"covered_lines": 0, "num_statements": 7, "percent_covered": 0.0, "percent_covered_display": "0", "missing_lines": 7, "excluded_lines": 0}, "missing_lines": [162, 163, 164, 165, 166, 167, 168], "excluded_lines": []}, "SignRecognitionService.save_model": {"executed_lines": [], "summary": {"covered_lines": 0, "num_statements": 2, "percent_covered": 0.0, "percent_covered_display": "0", "missing_lines": 2, "excluded_lines": 0}, "missing_lines": [172, 177], "excluded_lines": []}, "SignRecognitionService.extract_landmarks": {"executed_lines": [], "summary": {"covered_lines": 0, "num_statements": 27, "percent_covered": 0.0, "percent_covered_display": "0", "missing_lines": 27, "excluded_lines": 0}, "missing_lines": [181, 183, 186, 188, 189, 192, 195, 196, 197, 198, 199, 201, 204, 205, 206, 207, 209, 212, 214, 215, 216, 217, 219, 221, 223, 224, 225], "excluded_lines": []}, "SignRecognitionService.preprocess_sequence": {"executed_lines": [], "summary": {"covered_lines": 0, "num_statements": 10, "percent_covered": 0.0, "percent_covered_display": "0", "missing_lines": 10, "excluded_lines": 0}, "missing_lines": [229, 231, 232, 235, 238, 241, 243, 245, 246, 247], "excluded_lines": []}, "SignRecognitionService.normalize_landmarks": {"executed_lines": [], "summary": {"covered_lines": 0, "num_statements": 17, "percent_covered": 0.0, "percent_covered_display": "0", "missing_lines": 17, "excluded_lines": 0}, "missing_lines": [251, 254, 255, 258, 259, 260, 261, 264, 265, 266, 267, 268, 269, 271, 273, 274, 275], "excluded_lines": []}, "SignRecognitionService.predict_sign": {"executed_lines": [], "summary": {"covered_lines": 0, "num_statements": 28, "percent_covered": 0.0, "percent_covered_display": "0", "missing_lines": 28, "excluded_lines": 0}, "missing_lines": [279, 281, 282, 283, 286, 289, 290, 293, 294, 297, 298, 299, 302, 305, 306, 307, 308, 309, 312, 313, 315, 324, 327, 328, 330, 332, 333, 334], "excluded_lines": []}, "SignRecognitionService.temporal_smoothing": {"executed_lines": [], "summary": {"covered_lines": 0, "num_statements": 12, "percent_covered": 0.0, "percent_covered_display": "0", "missing_lines": 12, "excluded_lines": 0}, "missing_lines": [338, 340, 343, 344, 347, 348, 349, 352, 358, 365, 366, 367], "excluded_lines": []}, "SignRecognitionService.reset_buffers": {"executed_lines": [], "summary": {"covered_lines": 0, "num_statements": 2, "percent_covered": 0.0, "percent_covered_display": "0", "missing_lines": 2, "excluded_lines": 0}, "missing_lines": [371, 372], "excluded_lines": []}, "SignRecognitionService.process_video_stream": {"executed_lines": [], "summary": {"covered_lines": 0, "num_statements": 15, "percent_covered": 0.0, "percent_covered_display": "0", "missing_lines": 15, "excluded_lines": 0}, "missing_lines": [376, 378, 379, 381, 382, 383, 384, 387, 389, 390, 392, 394, 395, 396, 398], "excluded_lines": []}, "SignRecognitionService.stop_processing": {"executed_lines": [], "summary": {"covered_lines": 0, "num_statements": 2, "percent_covered": 0.0, "percent_covered_display": "0", "missing_lines": 2, "excluded_lines": 0}, "missing_lines": [402, 403], "excluded_lines": []}, "SignRecognitionService.get_model_info": {"executed_lines": [], "summary": {"covered_lines": 0, "num_statements": 1, "percent_covered": 0.0, "percent_covered_display": "0", "missing_lines": 1, "excluded_lines": 0}, "missing_lines": [407], "excluded_lines": []}, "SignRecognitionTrainer.__init__": {"executed_lines": [], "summary": {"covered_lines": 0, "num_statements": 7, "percent_covered": 0.0, "percent_covered_display": "0", "missing_lines": 7, "excluded_lines": 0}, "missing_lines": [422, 423, 424, 427, 430, 437, 443], "excluded_lines": []}, "SignRecognitionTrainer.train_epoch": {"executed_lines": [], "summary": {"covered_lines": 0, "num_statements": 22, "percent_covered": 0.0, "percent_covered_display": "0", "missing_lines": 22, "excluded_lines": 0}, "missing_lines": [447, 448, 449, 450, 452, 453, 456, 457, 458, 461, 462, 463, 466, 467, 468, 469, 471, 472, 474, 475, 477, 479], "excluded_lines": []}, "SignRecognitionTrainer.validate": {"executed_lines": [], "summary": {"covered_lines": 0, "num_statements": 16, "percent_covered": 0.0, "percent_covered_display": "0", "missing_lines": 16, "excluded_lines": 0}, "missing_lines": [488, 489, 490, 491, 493, 494, 495, 497, 498, 500, 501, 502, 503, 505, 506, 508], "excluded_lines": []}, "": {"executed_lines": [], "summary": {"covered_lines": 0, "num_statements": 55, "percent_covered": 0.0, "percent_covered_display": "0", "missing_lines": 55, "excluded_lines": 0}, "missing_lines": [1, 2, 3, 4, 5, 6, 7, 8, 9, 10, 11, 12, 13, 15, 17, 18, 20, 21, 22, 23, 24, 25, 26, 27, 28, 30, 32, 46, 49, 52, 90, 126, 129, 160, 170, 179, 227, 249, 277, 336, 369, 374, 400, 405, 418, 421, 445, 486, 514, 516, 522, 525, 528, 529, 530], "excluded_lines": []}}, "classes": {"SignRecognitionConfig": {"executed_lines": [], "summary": {"covered_lines": 0, "num_statements": 0, "percent_covered": 100.0, "percent_covered_display": "100", "missing_lines": 0, "excluded_lines": 0}, "missing_lines": [], "excluded_lines": []}, "PositionalEncoding": {"executed_lines": [], "summary": {"covered_lines": 0, "num_statements": 9, "percent_covered": 0.0, "percent_covered_display": "0", "missing_lines": 9, "excluded_lines": 0}, "missing_lines": [33, 35, 36, 37, 40, 41, 42, 44, 47], "excluded_lines": []}, "SignTransformer": {"executed_lines": [], "summary": {"covered_lines": 0, "num_statements": 20, "percent_covered": 0.0, "percent_covered_display": "0", "missing_lines": 20, "excluded_lines": 0}, "missing_lines": [53, 54, 57, 60, 63, 70, 76, 85, 99, 102, 105, 106, 109, 110, 112, 115, 118, 119, 122, 124], "excluded_lines": []}, "SignRecognitionService": {"executed_lines": [], "summary": {"covered_lines": 0, "num_statements": 135, "percent_covered": 0.0, "percent_covered_display": "0", "missing_lines": 135, "excluded_lines": 0}, "missing_lines": [130, 131, 134, 137, 138, 141, 142, 151, 152, 153, 156, 158, 162, 163, 164, 165, 166, 167, 168, 172, 177, 181, 183, 186, 188, 189, 192, 195, 196, 197, 198, 199, 201, 204, 205, 206, 207, 209, 212, 214, 215, 216, 217, 219, 221, 223, 224, 225, 229, 231, 232, 235, 238, 241, 243, 245, 246, 247, 251, 254, 255, 258, 259, 260, 261, 264, 265, 266, 267, 268, 269, 271, 273, 274, 275, 279, 281, 282, 283, 286, 289, 290, 293, 294, 297, 298, 299, 302, 305, 306, 307, 308, 309, 312, 313, 315, 324, 327, 328, 330, 332, 333, 334, 338, 340, 343, 344, 347, 348, 349, 352, 358, 365, 366, 367, 371, 372, 376, 378, 379, 381, 382, 383, 384, 387, 389, 390, 392, 394, 395, 396, 398, 402, 403, 407], "excluded_lines": []}, "SignRecognitionTrainer": {"executed_lines": [], "summary": {"covered_lines": 0, "num_statements": 45, "percent_covered": 0.0, "percent_covered_display": "0", "missing_lines": 45, "excluded_lines": 0}, "missing_lines": [422, 423, 424, 427, 430, 437, 443, 447, 448, 449, 450, 452, 453, 456, 457, 458, 461, 462, 463, 466, 467, 468, 469, 471, 472, 474, 475, 477, 479, 488, 489, 490, 491, 493, 494, 495, 497, 498, 500, 501, 502, 503, 505, 506, 508], "excluded_lines": []}, "": {"executed_lines": [], "summary": {"covered_lines": 0, "num_statements": 55, "percent_covered": 0.0, "percent_covered_display": "0", "missing_lines": 55, "excluded_lines": 0}, "missing_lines": [1, 2, 3, 4, 5, 6, 7, 8, 9, 10, 11, 12, 13, 15, 17, 18, 20, 21, 22, 23, 24, 25, 26, 27, 28, 30, 32, 46, 49, 52, 90, 126, 129, 160, 170, 179, 227, 249, 277, 336, 369, 374, 400, 405, 418, 421, 445, 486, 514, 516, 522, 525, 528, 529, 530], "excluded_lines": []}}}, "C:\\Users\\Theo-Kyei\\Desktop\\gsl\\api\\services\\speech_recognition_service.py": {"executed_lines": [], "summary": {"covered_lines": 0, "num_statements": 231, "percent_covered": 0.0, "percent_covered_display": "0", "missing_lines": 231, "excluded_lines": 0}, "missing_lines": [1, 2, 3, 4, 5, 6, 7, 8, 9, 10, 11, 12, 13, 14, 16, 18, 19, 21, 22, 23, 24, 25, 26, 27, 28, 29, 30, 31, 32, 33, 34, 35, 36, 37, 38, 39, 40, 41, 43, 46, 47, 48, 49, 50, 51, 52, 53, 54, 55, 58, 59, 60, 63, 65, 67, 69, 70, 73, 80, 82, 83, 85, 86, 87, 89, 91, 92, 93, 94, 97, 98, 100, 101, 103, 105, 107, 108, 110, 112, 115, 120, 121, 123, 124, 125, 127, 129, 131, 132, 135, 136, 137, 138, 139, 141, 144, 145, 148, 149, 150, 153, 155, 162, 163, 164, 166, 168, 170, 173, 174, 175, 177, 179, 180, 181, 183, 185, 187, 190, 193, 195, 197, 198, 199, 201, 203, 204, 206, 208, 210, 211, 220, 239, 242, 243, 244, 246, 248, 258, 259, 260, 268, 270, 271, 272, 274, 275, 276, 277, 279, 281, 282, 284, 285, 288, 291, 294, 296, 299, 302, 305, 306, 307, 309, 311, 312, 313, 321, 322, 323, 325, 327, 329, 330, 332, 334, 337, 338, 341, 344, 347, 349, 351, 352, 353, 361, 363, 364, 366, 368, 371, 372, 373, 375, 376, 378, 380, 381, 382, 384, 386, 399, 401, 402, 404, 406, 407, 410, 413, 414, 415, 416, 418, 420, 423, 428, 430, 431, 433, 437, 439, 443, 451, 453, 461, 464, 467, 469, 470, 471, 473], "excluded_lines": [], "functions": {"SpeechRecognitionService.__init__": {"executed_lines": [], "summary": {"covered_lines": 0, "num_statements": 14, "percent_covered": 0.0, "percent_covered_display": "0", "missing_lines": 14, "excluded_lines": 0}, "missing_lines": [47, 48, 49, 50, 51, 52, 53, 54, 55, 58, 59, 60, 63, 65], "excluded_lines": []}, "SpeechRecognitionService.load_model": {"executed_lines": [], "summary": {"covered_lines": 0, "num_statements": 9, "percent_covered": 0.0, "percent_covered_display": "0", "missing_lines": 9, "excluded_lines": 0}, "missing_lines": [69, 70, 73, 80, 82, 83, 85, 86, 87], "excluded_lines": []}, "SpeechRecognitionService.unload_model": {"executed_lines": [], "summary": {"covered_lines": 0, "num_statements": 9, "percent_covered": 0.0, "percent_covered_display": "0", "missing_lines": 9, "excluded_lines": 0}, "missing_lines": [91, 92, 93, 94, 97, 98, 100, 101, 103], "excluded_lines": []}, "SpeechRecognitionService.resample_audio": {"executed_lines": [], "summary": {"covered_lines": 0, "num_statements": 10, "percent_covered": 0.0, "percent_covered_display": "0", "missing_lines": 10, "excluded_lines": 0}, "missing_lines": [107, 108, 110, 112, 115, 120, 121, 123, 124, 125], "excluded_lines": []}, "SpeechRecognitionService.apply_voice_activity_detection": {"executed_lines": [], "summary": {"covered_lines": 0, "num_statements": 19, "percent_covered": 0.0, "percent_covered_display": "0", "missing_lines": 19, "excluded_lines": 0}, "missing_lines": [129, 131, 132, 135, 136, 137, 138, 139, 141, 144, 145, 148, 149, 150, 153, 155, 162, 163, 164], "excluded_lines": []}, "SpeechRecognitionService.normalize_audio": {"executed_lines": [], "summary": {"covered_lines": 0, "num_statements": 9, "percent_covered": 0.0, "percent_covered_display": "0", "missing_lines": 9, "excluded_lines": 0}, "missing_lines": [168, 170, 173, 174, 175, 177, 179, 180, 181], "excluded_lines": []}, "SpeechRecognitionService.preprocess_audio": {"executed_lines": [], "summary": {"covered_lines": 0, "num_statements": 8, "percent_covered": 0.0, "percent_covered_display": "0", "missing_lines": 8, "excluded_lines": 0}, "missing_lines": [185, 187, 190, 193, 195, 197, 198, 199], "excluded_lines": []}, "SpeechRecognitionService.transcribe_audio_chunk": {"executed_lines": [], "summary": {"covered_lines": 0, "num_statements": 16, "percent_covered": 0.0, "percent_covered_display": "0", "missing_lines": 16, "excluded_lines": 0}, "missing_lines": [203, 204, 206, 208, 210, 211, 220, 239, 242, 243, 244, 246, 248, 258, 259, 260], "excluded_lines": []}, "SpeechRecognitionService.process_audio_stream": {"executed_lines": [], "summary": {"covered_lines": 0, "num_statements": 29, "percent_covered": 0.0, "percent_covered_display": "0", "missing_lines": 29, "excluded_lines": 0}, "missing_lines": [270, 271, 272, 274, 275, 276, 277, 279, 281, 282, 284, 285, 288, 291, 294, 296, 299, 302, 305, 306, 307, 309, 311, 312, 313, 321, 322, 323, 325], "excluded_lines": []}, "SpeechRecognitionService.transcribe_audio_file": {"executed_lines": [], "summary": {"covered_lines": 0, "num_statements": 13, "percent_covered": 0.0, "percent_covered_display": "0", "missing_lines": 13, "excluded_lines": 0}, "missing_lines": [329, 330, 332, 334, 337, 338, 341, 344, 347, 349, 351, 352, 353], "excluded_lines": []}, "SpeechRecognitionService.get_supported_languages": {"executed_lines": [], "summary": {"covered_lines": 0, "num_statements": 13, "percent_covered": 0.0, "percent_covered_display": "0", "missing_lines": 13, "excluded_lines": 0}, "missing_lines": [363, 364, 366, 368, 371, 372, 373, 375, 376, 378, 380, 381, 382], "excluded_lines": []}, "SpeechRecognitionService.get_model_info": {"executed_lines": [], "summary": {"covered_lines": 0, "num_statements": 1, "percent_covered": 0.0, "percent_covered_display": "0", "missing_lines": 1, "excluded_lines": 0}, "missing_lines": [386], "excluded_lines": []}, "SpeechRecognitionService.reset_transcription": {"executed_lines": [], "summary": {"covered_lines": 0, "num_statements": 2, "percent_covered": 0.0, "percent_covered_display": "0", "missing_lines": 2, "excluded_lines": 0}, "missing_lines": [401, 402], "excluded_lines": []}, "SpeechRecognitionService.stop_processing": {"executed_lines": [], "summary": {"covered_lines": 0, "num_statements": 2, "percent_covered": 0.0, "percent_covered_display": "0", "missing_lines": 2, "excluded_lines": 0}, "missing_lines": [406, 407], "excluded_lines": []}, "AdvancedSpeechRecognitionService.__init__": {"executed_lines": [], "summary": {"covered_lines": 0, "num_statements": 3, "percent_covered": 0.0, "percent_covered_display": "0", "missing_lines": 3, "excluded_lines": 0}, "missing_lines": [414, 415, 416], "excluded_lines": []}, "AdvancedSpeechRecognitionService.load_advanced_models": {"executed_lines": [], "summary": {"covered_lines": 0, "num_statements": 5, "percent_covered": 0.0, "percent_covered_display": "0", "missing_lines": 5, "excluded_lines": 0}, "missing_lines": [420, 423, 428, 430, 431], "excluded_lines": []}, "AdvancedSpeechRecognitionService.apply_noise_suppression": {"executed_lines": [], "summary": {"covered_lines": 0, "num_statements": 1, "percent_covered": 0.0, "percent_covered_display": "0", "missing_lines": 1, "excluded_lines": 0}, "missing_lines": [437], "excluded_lines": []}, "AdvancedSpeechRecognitionService.apply_speaker_diarization": {"executed_lines": [], "summary": {"covered_lines": 0, "num_statements": 1, "percent_covered": 0.0, "percent_covered_display": "0", "missing_lines": 1, "excluded_lines": 0}, "missing_lines": [443], "excluded_lines": []}, "test_transcription": {"executed_lines": [], "summary": {"covered_lines": 0, "num_statements": 2, "percent_covered": 0.0, "percent_covered_display": "0", "missing_lines": 2, "excluded_lines": 0}, "missing_lines": [470, 471], "excluded_lines": []}, "": {"executed_lines": [], "summary": {"covered_lines": 0, "num_statements": 65, "percent_covered": 0.0, "percent_covered_display": "0", "missing_lines": 65, "excluded_lines": 0}, "missing_lines": [1, 2, 3, 4, 5, 6, 7, 8, 9, 10, 11, 12, 13, 14, 16, 18, 19, 21, 22, 23, 24, 25, 26, 27, 28, 29, 30, 31, 32, 33, 34, 35, 36, 37, 38, 39, 40, 41, 43, 46, 67, 89, 105, 127, 166, 183, 201, 268, 327, 361, 384, 399, 404, 410, 413, 418, 433, 439, 451, 453, 461, 464, 467, 469, 473], "excluded_lines": []}}, "classes": {"SpeechRecognitionConfig": {"executed_lines": [], "summary": {"covered_lines": 0, "num_statements": 0, "percent_covered": 100.0, "percent_covered_display": "100", "missing_lines": 0, "excluded_lines": 0}, "missing_lines": [], "excluded_lines": []}, "SpeechRecognitionService": {"executed_lines": [], "summary": {"covered_lines": 0, "num_statements": 154, "percent_covered": 0.0, "percent_covered_display": "0", "missing_lines": 154, "excluded_lines": 0}, "missing_lines": [47, 48, 49, 50, 51, 52, 53, 54, 55, 58, 59, 60, 63, 65, 69, 70, 73, 80, 82, 83, 85, 86, 87, 91, 92, 93, 94, 97, 98, 100, 101, 103, 107, 108, 110, 112, 115, 120, 121, 123, 124, 125, 129, 131, 132, 135, 136, 137, 138, 139, 141, 144, 145, 148, 149, 150, 153, 155, 162, 163, 164, 168, 170, 173, 174, 175, 177, 179, 180, 181, 185, 187, 190, 193, 195, 197, 198, 199, 203, 204, 206, 208, 210, 211, 220, 239, 242, 243, 244, 246, 248, 258, 259, 260, 270, 271, 272, 274, 275, 276, 277, 279, 281, 282, 284, 285, 288, 291, 294, 296, 299, 302, 305, 306, 307, 309, 311, 312, 313, 321, 322, 323, 325, 329, 330, 332, 334, 337, 338, 341, 344, 347, 349, 351, 352, 353, 363, 364, 366, 368, 371, 372, 373, 375, 376, 378, 380, 381, 382, 386, 401, 402, 406, 407], "excluded_lines": []}, "AdvancedSpeechRecognitionService": {"executed_lines": [], "summary": {"covered_lines": 0, "num_statements": 10, "percent_covered": 0.0, "percent_covered_display": "0", "missing_lines": 10, "excluded_lines": 0}, "missing_lines": [414, 415, 416, 420, 423, 428, 430, 431, 437, 443], "excluded_lines": []}, "": {"executed_lines": [], "summary": {"covered_lines": 0, "num_statements": 67, "percent_covered": 0.0, "percent_covered_display": "0", "missing_lines": 67, "excluded_lines": 0}, "missing_lines": [1, 2, 3, 4, 5, 6, 7, 8, 9, 10, 11, 12, 13, 14, 16, 18, 19, 21, 22, 23, 24, 25, 26, 27, 28, 29, 30, 31, 32, 33, 34, 35, 36, 37, 38, 39, 40, 41, 43, 46, 67, 89, 105, 127, 166, 183, 201, 268, 327, 361, 384, 399, 404, 410, 413, 418, 433, 439, 451, 453, 461, 464, 467, 469, 470, 471, 473], "excluded_lines": []}}}, "C:\\Users\\Theo-Kyei\\Desktop\\gsl\\api\\services\\translation_service.py": {"executed_lines": [], "summary": {"covered_lines": 0, "num_statements": 292, "percent_covered": 0.0, "percent_covered_display": "0", "missing_lines": 292, "excluded_lines": 0}, "missing_lines": [1, 2, 3, 4, 5, 6, 7, 8, 9, 10, 11, 12, 13, 15, 17, 18, 20, 21, 22, 23, 24, 25, 26, 27, 28, 29, 30, 31, 34, 35, 36, 37, 39, 42, 44, 45, 46, 47, 48, 50, 52, 81, 83, 103, 105, 146, 148, 155, 157, 163, 165, 166, 167, 170, 173, 176, 179, 181, 183, 184, 185, 187, 190, 192, 194, 196, 198, 201, 202, 204, 205, 206, 208, 209, 211, 213, 216, 217, 218, 221, 223, 225, 227, 230, 232, 235, 237, 239, 241, 242, 244, 246, 248, 249, 250, 251, 252, 254, 256, 259, 260, 262, 264, 265, 266, 268, 271, 274, 275, 277, 279, 282, 283, 284, 287, 288, 291, 303, 315, 318, 320, 322, 324, 325, 326, 329, 330, 332, 334, 348, 349, 351, 354, 355, 357, 363, 365, 367, 370, 371, 372, 373, 374, 375, 378, 379, 380, 381, 384, 386, 388, 390, 391, 393, 395, 398, 399, 401, 407, 410, 411, 412, 413, 417, 418, 421, 423, 424, 425, 427, 428, 429, 431, 434, 446, 447, 448, 451, 462, 463, 464, 466, 468, 470, 471, 472, 475, 476, 479, 480, 481, 482, 484, 486, 488, 490, 491, 492, 494, 496, 498, 500, 501, 502, 505, 506, 510, 513, 514, 516, 524, 525, 526, 534, 536, 538, 541, 544, 546, 549, 551, 553, 554, 555, 556, 559, 560, 563, 566, 568, 570, 571, 573, 575, 577, 578, 579, 582, 585, 586, 588, 596, 597, 598, 606, 608, 610, 612, 614, 616, 619, 620, 621, 622, 623, 624, 625, 626, 627, 629, 631, 633, 635, 636, 637, 639, 641, 652, 654, 656, 658, 661, 663, 669, 671, 673, 676, 677, 678, 681, 682, 683, 686, 688, 690, 691, 693, 694, 695, 702, 703, 704], "excluded_lines": [], "functions": {"GSLGrammarRules.__init__": {"executed_lines": [], "summary": {"covered_lines": 0, "num_statements": 5, "percent_covered": 0.0, "percent_covered_display": "0", "missing_lines": 5, "excluded_lines": 0}, "missing_lines": [44, 45, 46, 47, 48], "excluded_lines": []}, "GSLGrammarRules._load_grammar_rules": {"executed_lines": [], "summary": {"covered_lines": 0, "num_statements": 1, "percent_covered": 0.0, "percent_covered_display": "0", "missing_lines": 1, "excluded_lines": 0}, "missing_lines": [52], "excluded_lines": []}, "GSLGrammarRules._get_sentence_structures": {"executed_lines": [], "summary": {"covered_lines": 0, "num_statements": 1, "percent_covered": 0.0, "percent_covered_display": "0", "missing_lines": 1, "excluded_lines": 0}, "missing_lines": [83], "excluded_lines": []}, "GSLGrammarRules._get_common_phrases": {"executed_lines": [], "summary": {"covered_lines": 0, "num_statements": 1, "percent_covered": 0.0, "percent_covered_display": "0", "missing_lines": 1, "excluded_lines": 0}, "missing_lines": [105], "excluded_lines": []}, "GSLGrammarRules._get_temporal_markers": {"executed_lines": [], "summary": {"covered_lines": 0, "num_statements": 1, "percent_covered": 0.0, "percent_covered_display": "0", "missing_lines": 1, "excluded_lines": 0}, "missing_lines": [148], "excluded_lines": []}, "GSLGrammarRules._get_spatial_markers": {"executed_lines": [], "summary": {"covered_lines": 0, "num_statements": 1, "percent_covered": 0.0, "percent_covered_display": "0", "missing_lines": 1, "excluded_lines": 0}, "missing_lines": [157], "excluded_lines": []}, "GSLGrammarRules.apply_grammar_rules": {"executed_lines": [], "summary": {"covered_lines": 0, "num_statements": 11, "percent_covered": 0.0, "percent_covered_display": "0", "missing_lines": 11, "excluded_lines": 0}, "missing_lines": [165, 166, 167, 170, 173, 176, 179, 181, 183, 184, 185], "excluded_lines": []}, "GSLGrammarRules._apply_word_order": {"executed_lines": [], "summary": {"covered_lines": 0, "num_statements": 4, "percent_covered": 0.0, "percent_covered_display": "0", "missing_lines": 4, "excluded_lines": 0}, "missing_lines": [190, 192, 194, 196], "excluded_lines": []}, "GSLGrammarRules._apply_tense_markers": {"executed_lines": [], "summary": {"covered_lines": 0, "num_statements": 8, "percent_covered": 0.0, "percent_covered_display": "0", "missing_lines": 8, "excluded_lines": 0}, "missing_lines": [201, 202, 204, 205, 206, 208, 209, 211], "excluded_lines": []}, "GSLGrammarRules._apply_negation_rules": {"executed_lines": [], "summary": {"covered_lines": 0, "num_statements": 5, "percent_covered": 0.0, "percent_covered_display": "0", "missing_lines": 5, "excluded_lines": 0}, "missing_lines": [216, 217, 218, 221, 223], "excluded_lines": []}, "GSLGrammarRules._apply_question_rules": {"executed_lines": [], "summary": {"covered_lines": 0, "num_statements": 5, "percent_covered": 0.0, "percent_covered_display": "0", "missing_lines": 5, "excluded_lines": 0}, "missing_lines": [227, 230, 232, 235, 237], "excluded_lines": []}, "GSLGrammarRules.translate_to_english": {"executed_lines": [], "summary": {"covered_lines": 0, "num_statements": 17, "percent_covered": 0.0, "percent_covered_display": "0", "missing_lines": 17, "excluded_lines": 0}, "missing_lines": [241, 242, 244, 246, 248, 249, 250, 251, 252, 254, 256, 259, 260, 262, 264, 265, 266], "excluded_lines": []}, "GSLGrammarRules._apply_english_grammar": {"executed_lines": [], "summary": {"covered_lines": 0, "num_statements": 4, "percent_covered": 0.0, "percent_covered_display": "0", "missing_lines": 4, "excluded_lines": 0}, "missing_lines": [271, 274, 275, 277], "excluded_lines": []}, "GSLTranslationModel.__init__": {"executed_lines": [], "summary": {"covered_lines": 0, "num_statements": 9, "percent_covered": 0.0, "percent_covered_display": "0", "missing_lines": 9, "excluded_lines": 0}, "missing_lines": [283, 284, 287, 288, 291, 303, 315, 318, 320], "excluded_lines": []}, "GSLTranslationModel._create_positional_encoding": {"executed_lines": [], "summary": {"covered_lines": 0, "num_statements": 6, "percent_covered": 0.0, "percent_covered_display": "0", "missing_lines": 6, "excluded_lines": 0}, "missing_lines": [324, 325, 326, 329, 330, 332], "excluded_lines": []}, "GSLTranslationModel.forward": {"executed_lines": [], "summary": {"covered_lines": 0, "num_statements": 8, "percent_covered": 0.0, "percent_covered_display": "0", "missing_lines": 8, "excluded_lines": 0}, "missing_lines": [348, 349, 351, 354, 355, 357, 363, 365], "excluded_lines": []}, "GSLTranslationService.__init__": {"executed_lines": [], "summary": {"covered_lines": 0, "num_statements": 11, "percent_covered": 0.0, "percent_covered_display": "0", "missing_lines": 11, "excluded_lines": 0}, "missing_lines": [371, 372, 373, 374, 375, 378, 379, 380, 381, 384, 386], "excluded_lines": []}, "GSLTranslationService.load_model": {"executed_lines": [], "summary": {"covered_lines": 0, "num_statements": 21, "percent_covered": 0.0, "percent_covered_display": "0", "missing_lines": 21, "excluded_lines": 0}, "missing_lines": [390, 391, 393, 395, 398, 399, 401, 407, 410, 411, 412, 413, 417, 418, 421, 423, 424, 425, 427, 428, 429], "excluded_lines": []}, "GSLTranslationService._build_basic_vocabularies": {"executed_lines": [], "summary": {"covered_lines": 0, "num_statements": 8, "percent_covered": 0.0, "percent_covered_display": "0", "missing_lines": 8, "excluded_lines": 0}, "missing_lines": [434, 446, 447, 448, 451, 462, 463, 464], "excluded_lines": []}, "GSLTranslationService.gsl_sequence_to_tokens": {"executed_lines": [], "summary": {"covered_lines": 0, "num_statements": 11, "percent_covered": 0.0, "percent_covered_display": "0", "missing_lines": 11, "excluded_lines": 0}, "missing_lines": [468, 470, 471, 472, 475, 476, 479, 480, 481, 482, 484], "excluded_lines": []}, "GSLTranslationService.tokens_to_english": {"executed_lines": [], "summary": {"covered_lines": 0, "num_statements": 6, "percent_covered": 0.0, "percent_covered_display": "0", "missing_lines": 6, "excluded_lines": 0}, "missing_lines": [488, 490, 491, 492, 494, 496], "excluded_lines": []}, "GSLTranslationService.translate_gsl_to_english": {"executed_lines": [], "summary": {"covered_lines": 0, "num_statements": 12, "percent_covered": 0.0, "percent_covered_display": "0", "missing_lines": 12, "excluded_lines": 0}, "missing_lines": [500, 501, 502, 505, 506, 510, 513, 514, 516, 524, 525, 526], "excluded_lines": []}, "GSLTranslationService._neural_translate_gsl_to_english": {"executed_lines": [], "summary": {"covered_lines": 0, "num_statements": 19, "percent_covered": 0.0, "percent_covered_display": "0", "missing_lines": 19, "excluded_lines": 0}, "missing_lines": [536, 538, 541, 544, 546, 549, 551, 553, 554, 555, 556, 559, 560, 563, 566, 568, 570, 571, 573], "excluded_lines": []}, "GSLTranslationService.translate_english_to_gsl": {"executed_lines": [], "summary": {"covered_lines": 0, "num_statements": 10, "percent_covered": 0.0, "percent_covered_display": "0", "missing_lines": 10, "excluded_lines": 0}, "missing_lines": [577, 578, 579, 582, 585, 586, 588, 596, 597, 598], "excluded_lines": []}, "GSLTranslationService._english_to_gsl_rule_based": {"executed_lines": [], "summary": {"covered_lines": 0, "num_statements": 20, "percent_covered": 0.0, "percent_covered_display": "0", "missing_lines": 20, "excluded_lines": 0}, "missing_lines": [608, 610, 612, 614, 616, 619, 620, 621, 622, 623, 624, 625, 626, 627, 629, 631, 633, 635, 636, 637], "excluded_lines": []}, "GSLTranslationService.get_translation_info": {"executed_lines": [], "summary": {"covered_lines": 0, "num_statements": 1, "percent_covered": 0.0, "percent_covered_display": "0", "missing_lines": 1, "excluded_lines": 0}, "missing_lines": [641], "excluded_lines": []}, "GSLTranslationService.get_grammar_rules": {"executed_lines": [], "summary": {"covered_lines": 0, "num_statements": 1, "percent_covered": 0.0, "percent_covered_display": "0", "missing_lines": 1, "excluded_lines": 0}, "missing_lines": [654], "excluded_lines": []}, "GSLTranslationService.get_common_phrases": {"executed_lines": [], "summary": {"covered_lines": 0, "num_statements": 1, "percent_covered": 0.0, "percent_covered_display": "0", "missing_lines": 1, "excluded_lines": 0}, "missing_lines": [658], "excluded_lines": []}, "test_translation": {"executed_lines": [], "summary": {"covered_lines": 0, "num_statements": 8, "percent_covered": 0.0, "percent_covered_display": "0", "missing_lines": 8, "excluded_lines": 0}, "missing_lines": [673, 676, 677, 678, 681, 682, 683, 686], "excluded_lines": []}, "TranslationService.translate_sign_to_speech": {"executed_lines": [], "summary": {"covered_lines": 0, "num_statements": 3, "percent_covered": 0.0, "percent_covered_display": "0", "missing_lines": 3, "excluded_lines": 0}, "missing_lines": [693, 694, 695], "excluded_lines": []}, "TranslationService.translate_speech_to_sign": {"executed_lines": [], "summary": {"covered_lines": 0, "num_statements": 2, "percent_covered": 0.0, "percent_covered_display": "0", "missing_lines": 2, "excluded_lines": 0}, "missing_lines": [703, 704], "excluded_lines": []}, "": {"executed_lines": [], "summary": {"covered_lines": 0, "num_statements": 71, "percent_covered": 0.0, "percent_covered_display": "0", "missing_lines": 71, "excluded_lines": 0}, "missing_lines": [1, 2, 3, 4, 5, 6, 7, 8, 9, 10, 11, 12, 13, 15, 17, 18, 20, 21, 22, 23, 24, 25, 26, 27, 28, 29, 30, 31, 34, 35, 36, 37, 39, 42, 50, 81, 103, 146, 155, 163, 187, 198, 213, 225, 239, 268, 279, 282, 322, 334, 367, 370, 388, 431, 466, 486, 498, 534, 575, 606, 639, 652, 656, 661, 663, 669, 671, 688, 690, 691, 702], "excluded_lines": []}}, "classes": {"TranslationConfig": {"executed_lines": [], "summary": {"covered_lines": 0, "num_statements": 0, "percent_covered": 100.0, "percent_covered_display": "100", "missing_lines": 0, "excluded_lines": 0}, "missing_lines": [], "excluded_lines": []}, "GSLGrammarRules": {"executed_lines": [], "summary": {"covered_lines": 0, "num_statements": 64, "percent_covered": 0.0, "percent_covered_display": "0", "missing_lines": 64, "excluded_lines": 0}, "missing_lines": [44, 45, 46, 47, 48, 52, 83, 105, 148, 157, 165, 166, 167, 170, 173, 176, 179, 181, 183, 184, 185, 190, 192, 194, 196, 201, 202, 204, 205, 206, 208, 209, 211, 216, 217, 218, 221, 223, 227, 230, 232, 235, 237, 241, 242, 244, 246, 248, 249, 250, 251, 252, 254, 256, 259, 260, 262, 264, 265, 266, 271, 274, 275, 277], "excluded_lines": []}, "GSLTranslationModel": {"executed_lines": [], "summary": {"covered_lines": 0, "num_statements": 23, "percent_covered": 0.0, "percent_covered_display": "0", "missing_lines": 23, "excluded_lines": 0}, "missing_lines": [283, 284, 287, 288, 291, 303, 315, 318, 320, 324, 325, 326, 329, 330, 332, 348, 349, 351, 354, 355, 357, 363, 365], "excluded_lines": []}, "GSLTranslationService": {"executed_lines": [], "summary": {"covered_lines": 0, "num_statements": 121, "percent_covered": 0.0, "percent_covered_display": "0", "missing_lines": 121, "excluded_lines": 0}, "missing_lines": [371, 372, 373, 374, 375, 378, 379, 380, 381, 384, 386, 390, 391, 393, 395, 398, 399, 401, 407, 410, 411, 412, 413, 417, 418, 421, 423, 424, 425, 427, 428, 429, 434, 446, 447, 448, 451, 462, 463, 464, 468, 470, 471, 472, 475, 476, 479, 480, 481, 482, 484, 488, 490, 491, 492, 494, 496, 500, 501, 502, 505, 506, 510, 513, 514, 516, 524, 525, 526, 536, 538, 541, 544, 546, 549, 551, 553, 554, 555, 556, 559, 560, 563, 566, 568, 570, 571, 573, 577, 578, 579, 582, 585, 586, 588, 596, 597, 598, 608, 610, 612, 614, 616, 619, 620, 621, 622, 623, 624, 625, 626, 627, 629, 631, 633, 635, 636, 637, 641, 654, 658], "excluded_lines": []}, "TranslationService": {"executed_lines": [], "summary": {"covered_lines": 0, "num_statements": 5, "percent_covered": 0.0, "percent_covered_display": "0", "missing_lines": 5, "excluded_lines": 0}, "missing_lines": [693, 694, 695, 703, 704], "excluded_lines": []}, "": {"executed_lines": [], "summary": {"covered_lines": 0, "num_statements": 79, "percent_covered": 0.0, "percent_covered_display": "0", "missing_lines": 79, "excluded_lines": 0}, "missing_lines": [1, 2, 3, 4, 5, 6, 7, 8, 9, 10, 11, 12, 13, 15, 17, 18, 20, 21, 22, 23, 24, 25, 26, 27, 28, 29, 30, 31, 34, 35, 36, 37, 39, 42, 50, 81, 103, 146, 155, 163, 187, 198, 213, 225, 239, 268, 279, 282, 322, 334, 367, 370, 388, 431, 466, 486, 498, 534, 575, 606, 639, 652, 656, 661, 663, 669, 671, 673, 676, 677, 678, 681, 682, 683, 686, 688, 690, 691, 702], "excluded_lines": []}}}}, "totals": {"covered_lines": 0, "num_statements": 1532, "percent_covered": 0.0, "percent_covered_display": "0", "missing_lines": 1532, "excluded_lines": 0}}