<?xml version="1.0" encoding="utf-8"?><testsuites><testsuite name="pytest" errors="9" failures="0" skipped="0" tests="9" time="15.766" timestamp="2026-01-11T06:13:24.846921" hostname="Charwayyyyyy"><testcase classname="" name="test_all_components" time="0.000"><error message="collection failure">ImportError while importing test module 'C:\Users\Theo-Kyei\Desktop\gsl\tests\test_all_components.py'.
Hint: make sure your test modules/packages have valid Python names.
Traceback:
..\..\..\AppData\Local\Programs\Python\Python313\Lib\importlib\__init__.py:88: in import_module
    return _bootstrap._gcd_import(name[level:], package, level)
test_all_components.py:4: in &lt;module&gt;
    import torch
E   ModuleNotFoundError: No module named 'torch'</error></testcase><testcase classname="" name="test_dataset_loader" time="0.000"><error message="collection failure">ImportError while importing test module 'C:\Users\Theo-Kyei\Desktop\gsl\tests\test_dataset_loader.py'.
Hint: make sure your test modules/packages have valid Python names.
Traceback:
..\..\..\AppData\Local\Programs\Python\Python313\Lib\importlib\__init__.py:88: in import_module
    return _bootstrap._gcd_import(name[level:], package, level)
test_dataset_loader.py:1: in &lt;module&gt;
    from data_pipeline.dataset import GSLTemporalDataset
E   ModuleNotFoundError: No module named 'data_pipeline'</error></testcase><testcase classname="" name="test_frontend_components" time="0.000"><error message="collection failure">..\..\..\AppData\Local\Programs\Python\Python313\Lib\site-packages\_pytest\python.py:617: in _importtestmodule
    mod = import_path(self.path, mode=importmode, root=self.config.rootpath)
..\..\..\AppData\Local\Programs\Python\Python313\Lib\site-packages\_pytest\pathlib.py:567: in import_path
    importlib.import_module(module_name)
..\..\..\AppData\Local\Programs\Python\Python313\Lib\importlib\__init__.py:88: in import_module
    return _bootstrap._gcd_import(name[level:], package, level)
&lt;frozen importlib._bootstrap&gt;:1387: in _gcd_import
    ???
&lt;frozen importlib._bootstrap&gt;:1360: in _find_and_load
    ???
&lt;frozen importlib._bootstrap&gt;:1331: in _find_and_load_unlocked
    ???
&lt;frozen importlib._bootstrap&gt;:935: in _load_unlocked
    ???
..\..\..\AppData\Local\Programs\Python\Python313\Lib\site-packages\_pytest\assertion\rewrite.py:177: in exec_module
    source_stat, co = _rewrite_test(fn, self.config)
..\..\..\AppData\Local\Programs\Python\Python313\Lib\site-packages\_pytest\assertion\rewrite.py:359: in _rewrite_test
    tree = ast.parse(source, filename=strfn)
..\..\..\AppData\Local\Programs\Python\Python313\Lib\ast.py:50: in parse
    return compile(source, filename, mode, flags,
E     File "C:\Users\Theo-Kyei\Desktop\gsl\tests\test_frontend_components.py", line 576
E       // Only run if we're in a test environment
E                        ^
E   SyntaxError: unterminated string literal (detected at line 576)</error></testcase><testcase classname="" name="test_gsl_translation" time="0.000"><error message="collection failure">ImportError while importing test module 'C:\Users\Theo-Kyei\Desktop\gsl\tests\test_gsl_translation.py'.
Hint: make sure your test modules/packages have valid Python names.
Traceback:
..\..\..\AppData\Local\Programs\Python\Python313\Lib\importlib\__init__.py:88: in import_module
    return _bootstrap._gcd_import(name[level:], package, level)
test_gsl_translation.py:2: in &lt;module&gt;
    import torch
E   ModuleNotFoundError: No module named 'torch'</error></testcase><testcase classname="" name="test_pdf_parsing" time="0.000"><error message="collection failure">ImportError while importing test module 'C:\Users\Theo-Kyei\Desktop\gsl\tests\test_pdf_parsing.py'.
Hint: make sure your test modules/packages have valid Python names.
Traceback:
..\..\..\AppData\Local\Programs\Python\Python313\Lib\importlib\__init__.py:88: in import_module
    return _bootstrap._gcd_import(name[level:], package, level)
test_pdf_parsing.py:3: in &lt;module&gt;
    from data_pipeline.parse_dictionary import parse_pdf_to_entries, write_json_chunks
E   ModuleNotFoundError: No module named 'data_pipeline'</error></testcase><testcase classname="" name="test_sign_recognition" time="0.000"><error message="collection failure">ImportError while importing test module 'C:\Users\Theo-Kyei\Desktop\gsl\tests\test_sign_recognition.py'.
Hint: make sure your test modules/packages have valid Python names.
Traceback:
..\..\..\AppData\Local\Programs\Python\Python313\Lib\importlib\__init__.py:88: in import_module
    return _bootstrap._gcd_import(name[level:], package, level)
test_sign_recognition.py:2: in &lt;module&gt;
    import torch
E   ModuleNotFoundError: No module named 'torch'</error></testcase><testcase classname="" name="test_sign_recognition_accuracy" time="0.000"><error message="collection failure">ImportError while importing test module 'C:\Users\Theo-Kyei\Desktop\gsl\tests\test_sign_recognition_accuracy.py'.
Hint: make sure your test modules/packages have valid Python names.
Traceback:
..\..\..\AppData\Local\Programs\Python\Python313\Lib\importlib\__init__.py:88: in import_module
    return _bootstrap._gcd_import(name[level:], package, level)
test_sign_recognition_accuracy.py:1: in &lt;module&gt;
    import torch
E   ModuleNotFoundError: No module named 'torch'</error></testcase><testcase classname="" name="test_speech_recognition" time="0.000"><error message="collection failure">ImportError while importing test module 'C:\Users\Theo-Kyei\Desktop\gsl\tests\test_speech_recognition.py'.
Hint: make sure your test modules/packages have valid Python names.
Traceback:
..\..\..\AppData\Local\Programs\Python\Python313\Lib\importlib\__init__.py:88: in import_module
    return _bootstrap._gcd_import(name[level:], package, level)
test_speech_recognition.py:3: in &lt;module&gt;
    import torch
E   ModuleNotFoundError: No module named 'torch'</error></testcase><testcase classname="" name="test_translation_grammar" time="0.000"><error message="collection failure">ImportError while importing test module 'C:\Users\Theo-Kyei\Desktop\gsl\tests\test_translation_grammar.py'.
Hint: make sure your test modules/packages have valid Python names.
Traceback:
..\..\..\AppData\Local\Programs\Python\Python313\Lib\importlib\__init__.py:88: in import_module
    return _bootstrap._gcd_import(name[level:], package, level)
test_translation_grammar.py:2: in &lt;module&gt;
    from api.services.translation_service import GSLTranslationService
E   ModuleNotFoundError: No module named 'api'</error></testcase></testsuite></testsuites>